#
# There is insufficient memory for the Java Runtime Environment to continue.
# Native memory allocation (malloc) failed to allocate 1196176 bytes for Chunk::new
# Possible reasons:
#   The system is out of physical RAM or swap space
#   In 32 bit mode, the process size limit was hit
# Possible solutions:
#   Reduce memory load on the system
#   Increase physical memory or swap space
#   Check if swap backing store is full
#   Use 64 bit Java on a 64 bit OS
#   Decrease Java heap size (-Xmx/-Xms)
#   Decrease number of Java threads
#   Decrease Java thread stack sizes (-Xss)
#   Set larger code cache with -XX:ReservedCodeCacheSize=
# This output file may be truncated or incomplete.
#
#  Out of Memory Error (allocation.cpp:390), pid=9844, tid=0x0000000000000df0
#
# JRE version: OpenJDK Runtime Environment (8.0_152-b01) (build 1.8.0_152-release-915-b01)
# Java VM: OpenJDK 64-Bit Server VM (25.152-b01 mixed mode windows-amd64 compressed oops)
# Failed to write core dump. Minidumps are not enabled by default on client versions of Windows
#

---------------  T H R E A D  ---------------

Current thread (0x0000000017dcc800):  JavaThread "C2 CompilerThread0" daemon [_thread_in_native, id=3568, stack(0x0000000019510000,0x0000000019610000)]

Stack: [0x0000000019510000,0x0000000019610000]
[error occurred during error reporting (printing stack bounds), id 0xc0000005]

Native frames: (J=compiled Java code, j=interpreted, Vv=VM code, C=native code)


Current CompileTask:
C2:5880100 23485       4       org.gradle.api.internal.artifacts.ivyservice.resolveengine.graph.DependencyGraphBuilder::resolveEdges (37 bytes)


---------------  P R O C E S S  ---------------

Java Threads: ( => current thread )
  0x000000001ac3d800 JavaThread "Task worker for ':' Thread 3" [_thread_blocked, id=9188, stack(0x00000000469d0000,0x0000000046ad0000)]
  0x000000001ac3b800 JavaThread "Task worker for ':' Thread 2" [_thread_blocked, id=6980, stack(0x00000000468d0000,0x00000000469d0000)]
  0x000000001ac3a000 JavaThread "Task worker for ':'" [_thread_blocked, id=1296, stack(0x00000000467d0000,0x00000000468d0000)]
  0x000000001ac39000 JavaThread "Cache worker for task history cache (E:\android\TLCN_CNPM\.gradle\4.1\taskHistory)" [_thread_blocked, id=6056, stack(0x00000000466d0000,0x00000000467d0000)]
  0x000000001ac3d000 JavaThread "Cache worker for file content cache (E:\android\TLCN_CNPM\.gradle\4.1\fileContent)" [_thread_blocked, id=4812, stack(0x00000000465d0000,0x00000000466d0000)]
  0x000000001ac31800 JavaThread "build operations Thread 4" [_thread_in_native, id=4588, stack(0x00000000464d0000,0x00000000465d0000)]
  0x000000001ac38800 JavaThread "build operations Thread 3" [_thread_blocked, id=3592, stack(0x00000000463d0000,0x00000000464d0000)]
  0x000000001ac35800 JavaThread "build operations Thread 2" [_thread_blocked, id=6944, stack(0x00000000462d0000,0x00000000463d0000)]
  0x000000001ac34800 JavaThread "build operations" [_thread_blocked, id=10640, stack(0x00000000461d0000,0x00000000462d0000)]
  0x000000001ac31000 JavaThread "Cache worker for Artifact transforms cache (C:\Users\thienphu\.gradle\caches\transforms-1)" [_thread_blocked, id=9684, stack(0x00000000460d0000,0x00000000461d0000)]
  0x000000001ac37800 JavaThread "Cache worker for file hash cache (E:\android\TLCN_CNPM\.gradle\4.1\fileHashes)" [_thread_blocked, id=2124, stack(0x0000000045fd0000,0x00000000460d0000)]
  0x000000001ac34000 JavaThread "Stdin handler" [_thread_blocked, id=8720, stack(0x0000000045ed0000,0x0000000045fd0000)]
  0x000000001ac36000 JavaThread "Asynchronous log dispatcher for DefaultDaemonConnection: socket connection from /127.0.0.1:51450 to /127.0.0.1:53143" [_thread_blocked, id=6460, stack(0x0000000045dd0000,0x0000000045ed0000)]
  0x000000001ac30000 JavaThread "Cancel handler" [_thread_blocked, id=3116, stack(0x0000000045cd0000,0x0000000045dd0000)]
  0x000000001ac32800 JavaThread "Handler for socket connection from /127.0.0.1:51450 to /127.0.0.1:53143" [_thread_in_native, id=10192, stack(0x0000000045bd0000,0x0000000045cd0000)]
  0x000000001ac33000 JavaThread "Daemon worker Thread 6" [_thread_blocked, id=12868, stack(0x0000000043ad0000,0x0000000043bd0000)]
  0x000000001ac37000 JavaThread "Daemon Thread 6" [_thread_blocked, id=6356, stack(0x00000000437d0000,0x00000000438d0000)]
  0x000000001b045000 JavaThread "Memory manager" [_thread_blocked, id=12688, stack(0x0000000022700000,0x0000000022800000)]
  0x000000001d233800 JavaThread "pool-1-thread-1" [_thread_blocked, id=11500, stack(0x0000000022400000,0x0000000022500000)]
  0x000000001a2b3000 JavaThread "File lock request listener" [_thread_in_native, id=11812, stack(0x000000001c780000,0x000000001c880000)]
  0x000000001a2da800 JavaThread "Cache worker for file hash cache (C:\Users\thienphu\.gradle\caches\4.1\fileHashes)" [_thread_blocked, id=7448, stack(0x000000001c680000,0x000000001c780000)]
  0x000000001ad42000 JavaThread "Daemon periodic checks" [_thread_blocked, id=228, stack(0x000000001bd80000,0x000000001be80000)]
  0x000000001b1ff800 JavaThread "Incoming local TCP Connector on port 51450" [_thread_in_native, id=9932, stack(0x000000001bb40000,0x000000001bc40000)]
  0x0000000019815800 JavaThread "Service Thread" daemon [_thread_blocked, id=11228, stack(0x0000000019c10000,0x0000000019d10000)]
  0x0000000017e2a800 JavaThread "C1 CompilerThread2" daemon [_thread_blocked, id=5936, stack(0x0000000019710000,0x0000000019810000)]
  0x0000000017dd1800 JavaThread "C2 CompilerThread1" daemon [_thread_blocked, id=10596, stack(0x0000000019610000,0x0000000019710000)]
=>0x0000000017dcc800 JavaThread "C2 CompilerThread0" daemon [_thread_in_native, id=3568, stack(0x0000000019510000,0x0000000019610000)]
  0x0000000017dcb000 JavaThread "Attach Listener" daemon [_thread_blocked, id=12788, stack(0x0000000019410000,0x0000000019510000)]
  0x0000000017dca000 JavaThread "Signal Dispatcher" daemon [_thread_blocked, id=3220, stack(0x0000000019310000,0x0000000019410000)]
  0x0000000017db8800 JavaThread "Finalizer" daemon [_thread_blocked, id=12276, stack(0x0000000019020000,0x0000000019120000)]
  0x0000000004451800 JavaThread "Reference Handler" daemon [_thread_blocked, id=3672, stack(0x0000000018f20000,0x0000000019020000)]
  0x000000000435e800 JavaThread "main" [_thread_blocked, id=4784, stack(0x0000000002930000,0x0000000002a30000)]

Other Threads:
  0x0000000017d94800 VMThread [stack: 0x0000000018e20000,0x0000000018f20000] [id=12336]
  0x0000000019816800 WatcherThread [stack: 0x0000000019d10000,0x0000000019e10000] [id=12892]

VM state:not at safepoint (normal execution)

VM Mutex/Monitor currently owned by a thread: None

Heap:
 PSYoungGen      total 234496K, used 51982K [0x00000000e0000000, 0x00000000f2b80000, 0x0000000100000000)
  eden space 207360K, 17% used [0x00000000e0000000,0x00000000e232a438,0x00000000eca80000)
  from space 27136K, 58% used [0x00000000f1100000,0x00000000f2099768,0x00000000f2b80000)
  to   space 49664K, 0% used [0x00000000eca80000,0x00000000eca80000,0x00000000efb00000)
 ParOldGen       total 163840K, used 88939K [0x00000000a0000000, 0x00000000aa000000, 0x00000000e0000000)
  object space 163840K, 54% used [0x00000000a0000000,0x00000000a56daef8,0x00000000aa000000)
 Metaspace       used 86510K, capacity 92624K, committed 92800K, reserved 1130496K
  class space    used 10916K, capacity 12356K, committed 12416K, reserved 1048576K

Card table byte_map: [0x0000000013820000,0x0000000013b30000] byte_map_base: 0x0000000013320000

Marking Bits: (ParMarkBitMap*) 0x0000000070cf3950
 Begin Bits: [0x0000000014130000, 0x0000000015930000)
 End Bits:   [0x0000000015930000, 0x0000000017130000)

Polling page: 0x00000000042e0000

CodeCache: size=245760Kb used=67642Kb max_used=67662Kb free=178117Kb
 bounds [0x0000000004460000, 0x00000000086e0000, 0x0000000013460000]
 total_blobs=18832 nmethods=17957 adapters=786
 compilation: enabled

Compilation events (10 events):
Event: 5879.215 Thread 0x0000000017dcc800 nmethod 23480 0x00000000086c7790 code [0x00000000086c7a00, 0x00000000086c8f70]
Event: 5879.275 Thread 0x0000000017dd1800 23481       4       org.gradle.api.internal.artifacts.ivyservice.ivyresolve.parser.data.MavenDependencyKey::<init> (26 bytes)
Event: 5879.276 Thread 0x0000000017dd1800 nmethod 23481 0x0000000005a26110 code [0x0000000005a26240, 0x0000000005a262d8]
Event: 5879.407 Thread 0x0000000017dcc800 23482       4       org.gradle.internal.resource.transport.file.FileTransport$NoOpCacheAwareExternalResourceAccessor::getResource (33 bytes)
Event: 5879.416 Thread 0x0000000017dcc800 nmethod 23482 0x00000000086bef90 code [0x00000000086bf140, 0x00000000086bf528]
Event: 5879.524 Thread 0x0000000017dd1800 23483   !   4       org.gradle.api.internal.artifacts.repositories.resolver.DefaultExternalResourceArtifactResolver::downloadStaticResource (125 bytes)
Event: 5879.551 Thread 0x0000000017dcc800 23484       4       org.gradle.internal.resource.local.CompositeLocallyAvailableResourceFinder::findCandidates (65 bytes)
Event: 5879.573 Thread 0x0000000017dcc800 nmethod 23484 0x00000000086c0c50 code [0x00000000086c0e40, 0x00000000086c1938]
Event: 5879.644 Thread 0x0000000017dd1800 nmethod 23483 0x00000000086ce150 code [0x00000000086ce4a0, 0x00000000086d07c0]
Event: 5879.689 Thread 0x0000000017dcc800 23485       4       org.gradle.api.internal.artifacts.ivyservice.resolveengine.graph.DependencyGraphBuilder::resolveEdges (37 bytes)

GC Heap History (10 events):
Event: 2895.435 GC heap before
{Heap before GC invocations=35 (full 3):
 PSYoungGen      total 231424K, used 205528K [0x00000000e0000000, 0x00000000f2f00000, 0x0000000100000000)
  eden space 173568K, 99% used [0x00000000e0000000,0x00000000ea8ed0b0,0x00000000ea980000)
  from space 57856K, 56% used [0x00000000ea980000,0x00000000ec949310,0x00000000ee200000)
  to   space 56320K, 0% used [0x00000000ef800000,0x00000000ef800000,0x00000000f2f00000)
 ParOldGen       total 163840K, used 75575K [0x00000000a0000000, 0x00000000aa000000, 0x00000000e0000000)
  object space 163840K, 46% used [0x00000000a0000000,0x00000000a49cdea0,0x00000000aa000000)
 Metaspace       used 85394K, capacity 91002K, committed 91264K, reserved 1128448K
  class space    used 10834K, capacity 12115K, committed 12160K, reserved 1048576K
Event: 2895.467 GC heap after
Heap after GC invocations=35 (full 3):
 PSYoungGen      total 248832K, used 34533K [0x00000000e0000000, 0x00000000f2b80000, 0x0000000100000000)
  eden space 196096K, 0% used [0x00000000e0000000,0x00000000e0000000,0x00000000ebf80000)
  from space 52736K, 65% used [0x00000000ef800000,0x00000000f19b96e0,0x00000000f2b80000)
  to   space 55296K, 0% used [0x00000000ebf80000,0x00000000ebf80000,0x00000000ef580000)
 ParOldGen       total 163840K, used 77344K [0x00000000a0000000, 0x00000000aa000000, 0x00000000e0000000)
  object space 163840K, 47% used [0x00000000a0000000,0x00000000a4b88048,0x00000000aa000000)
 Metaspace       used 85394K, capacity 91002K, committed 91264K, reserved 1128448K
  class space    used 10834K, capacity 12115K, committed 12160K, reserved 1048576K
}
Event: 3148.403 GC heap before
{Heap before GC invocations=36 (full 3):
 PSYoungGen      total 248832K, used 230629K [0x00000000e0000000, 0x00000000f2b80000, 0x0000000100000000)
  eden space 196096K, 100% used [0x00000000e0000000,0x00000000ebf80000,0x00000000ebf80000)
  from space 52736K, 65% used [0x00000000ef800000,0x00000000f19b96e0,0x00000000f2b80000)
  to   space 55296K, 0% used [0x00000000ebf80000,0x00000000ebf80000,0x00000000ef580000)
 ParOldGen       total 163840K, used 77344K [0x00000000a0000000, 0x00000000aa000000, 0x00000000e0000000)
  object space 163840K, 47% used [0x00000000a0000000,0x00000000a4b88048,0x00000000aa000000)
 Metaspace       used 85516K, capacity 91266K, committed 91520K, reserved 1128448K
  class space    used 10846K, capacity 12157K, committed 12160K, reserved 1048576K
Event: 3148.445 GC heap after
Heap after GC invocations=36 (full 3):
 PSYoungGen      total 251392K, used 26148K [0x00000000e0000000, 0x00000000f3a00000, 0x0000000100000000)
  eden space 196096K, 0% used [0x00000000e0000000,0x00000000e0000000,0x00000000ebf80000)
  from space 55296K, 47% used [0x00000000ebf80000,0x00000000ed909260,0x00000000ef580000)
  to   space 53760K, 0% used [0x00000000f0580000,0x00000000f0580000,0x00000000f3a00000)
 ParOldGen       total 163840K, used 79469K [0x00000000a0000000, 0x00000000aa000000, 0x00000000e0000000)
  object space 163840K, 48% used [0x00000000a0000000,0x00000000a4d9b7a0,0x00000000aa000000)
 Metaspace       used 85516K, capacity 91266K, committed 91520K, reserved 1128448K
  class space    used 10846K, capacity 12157K, committed 12160K, reserved 1048576K
}
Event: 3151.413 GC heap before
{Heap before GC invocations=37 (full 3):
 PSYoungGen      total 251392K, used 222244K [0x00000000e0000000, 0x00000000f3a00000, 0x0000000100000000)
  eden space 196096K, 100% used [0x00000000e0000000,0x00000000ebf80000,0x00000000ebf80000)
  from space 55296K, 47% used [0x00000000ebf80000,0x00000000ed909260,0x00000000ef580000)
  to   space 53760K, 0% used [0x00000000f0580000,0x00000000f0580000,0x00000000f3a00000)
 ParOldGen       total 163840K, used 79469K [0x00000000a0000000, 0x00000000aa000000, 0x00000000e0000000)
  object space 163840K, 48% used [0x00000000a0000000,0x00000000a4d9b7a0,0x00000000aa000000)
 Metaspace       used 85832K, capacity 91572K, committed 91904K, reserved 1128448K
  class space    used 10856K, capacity 12191K, committed 12288K, reserved 1048576K
Event: 3151.459 GC heap after
Heap after GC invocations=37 (full 3):
 PSYoungGen      total 262656K, used 28224K [0x00000000e0000000, 0x00000000f3500000, 0x0000000100000000)
  eden space 214016K, 0% used [0x00000000e0000000,0x00000000e0000000,0x00000000ed100000)
  from space 48640K, 58% used [0x00000000f0580000,0x00000000f2110088,0x00000000f3500000)
  to   space 51200K, 0% used [0x00000000ed100000,0x00000000ed100000,0x00000000f0300000)
 ParOldGen       total 163840K, used 79743K [0x00000000a0000000, 0x00000000aa000000, 0x00000000e0000000)
  object space 163840K, 48% used [0x00000000a0000000,0x00000000a4ddfed8,0x00000000aa000000)
 Metaspace       used 85832K, capacity 91572K, committed 91904K, reserved 1128448K
  class space    used 10856K, capacity 12191K, committed 12288K, reserved 1048576K
}
Event: 5817.065 GC heap before
{Heap before GC invocations=38 (full 3):
 PSYoungGen      total 262656K, used 242240K [0x00000000e0000000, 0x00000000f3500000, 0x0000000100000000)
  eden space 214016K, 100% used [0x00000000e0000000,0x00000000ed100000,0x00000000ed100000)
  from space 48640K, 58% used [0x00000000f0580000,0x00000000f2110088,0x00000000f3500000)
  to   space 51200K, 0% used [0x00000000ed100000,0x00000000ed100000,0x00000000f0300000)
 ParOldGen       total 163840K, used 79743K [0x00000000a0000000, 0x00000000aa000000, 0x00000000e0000000)
  object space 163840K, 48% used [0x00000000a0000000,0x00000000a4ddfed8,0x00000000aa000000)
 Metaspace       used 86127K, capacity 92116K, committed 92160K, reserved 1128448K
  class space    used 10888K, capacity 12269K, committed 12288K, reserved 1048576K
Event: 5817.157 GC heap after
Heap after GC invocations=38 (full 3):
 PSYoungGen      total 265216K, used 28267K [0x00000000e0000000, 0x00000000f4100000, 0x0000000100000000)
  eden space 214016K, 0% used [0x00000000e0000000,0x00000000e0000000,0x00000000ed100000)
  from space 51200K, 55% used [0x00000000ed100000,0x00000000eec9af40,0x00000000f0300000)
  to   space 49152K, 0% used [0x00000000f1100000,0x00000000f1100000,0x00000000f4100000)
 ParOldGen       total 163840K, used 80211K [0x00000000a0000000, 0x00000000aa000000, 0x00000000e0000000)
  object space 163840K, 48% used [0x00000000a0000000,0x00000000a4e54c48,0x00000000aa000000)
 Metaspace       used 86127K, capacity 92116K, committed 92160K, reserved 1128448K
  class space    used 10888K, capacity 12269K, committed 12288K, reserved 1048576K
}
Event: 5878.057 GC heap before
{Heap before GC invocations=39 (full 3):
 PSYoungGen      total 265216K, used 242283K [0x00000000e0000000, 0x00000000f4100000, 0x0000000100000000)
  eden space 214016K, 100% used [0x00000000e0000000,0x00000000ed100000,0x00000000ed100000)
  from space 51200K, 55% used [0x00000000ed100000,0x00000000eec9af40,0x00000000f0300000)
  to   space 49152K, 0% used [0x00000000f1100000,0x00000000f1100000,0x00000000f4100000)
 ParOldGen       total 163840K, used 80211K [0x00000000a0000000, 0x00000000aa000000, 0x00000000e0000000)
  object space 163840K, 48% used [0x00000000a0000000,0x00000000a4e54c48,0x00000000aa000000)
 Metaspace       used 86472K, capacity 92560K, committed 92800K, reserved 1130496K
  class space    used 10916K, capacity 12356K, committed 12416K, reserved 1048576K
Event: 5878.093 GC heap after
Heap after GC invocations=39 (full 3):
 PSYoungGen      total 234496K, used 15973K [0x00000000e0000000, 0x00000000f2b80000, 0x0000000100000000)
  eden space 207360K, 0% used [0x00000000e0000000,0x00000000e0000000,0x00000000eca80000)
  from space 27136K, 58% used [0x00000000f1100000,0x00000000f2099768,0x00000000f2b80000)
  to   space 49664K, 0% used [0x00000000eca80000,0x00000000eca80000,0x00000000efb00000)
 ParOldGen       total 163840K, used 88939K [0x00000000a0000000, 0x00000000aa000000, 0x00000000e0000000)
  object space 163840K, 54% used [0x00000000a0000000,0x00000000a56daef8,0x00000000aa000000)
 Metaspace       used 86472K, capacity 92560K, committed 92800K, reserved 1130496K
  class space    used 10916K, capacity 12356K, committed 12416K, reserved 1048576K
}

Deoptimization events (10 events):
Event: 5816.069 Thread 0x000000001ac3d000 Uncommon trap: reason=unstable_if action=reinterpret pc=0x00000000073991cc method=com.sun.tools.javac.jvm.ClassWriter.adjustFlags(J)I @ 36
Event: 5816.169 Thread 0x000000001ac3d000 Uncommon trap: reason=bimorphic action=maybe_recompile pc=0x0000000006fa6290 method=com.sun.tools.javac.code.Type$ClassType.allparams()Lcom/sun/tools/javac/util/List; @ 16
Event: 5816.174 Thread 0x000000001ac3d000 Uncommon trap: reason=unstable_if action=reinterpret pc=0x0000000006eb9d3c method=com.sun.tools.javac.code.Scope.lookup(Lcom/sun/tools/javac/util/Name;Lcom/sun/tools/javac/util/Filter;)Lcom/sun/tools/javac/code/Scope$Entry; @ 19
Event: 5817.158 Thread 0x000000001ac33000 Uncommon trap: reason=null_check action=make_not_entrant pc=0x0000000004f6c548 method=java.lang.ThreadLocal$ThreadLocalMap.getEntryAfterMiss(Ljava/lang/ThreadLocal;ILjava/lang/ThreadLocal$ThreadLocalMap$Entry;)Ljava/lang/ThreadLocal$ThreadLocalMap$Entry; 
Event: 5817.645 Thread 0x000000001b041800 Uncommon trap: reason=unstable_if action=reinterpret pc=0x0000000006eec940 method=java.io.ExpiringCache.put(Ljava/lang/String;Ljava/lang/String;)V @ 29
Event: 5817.648 Thread 0x000000001b041800 Uncommon trap: reason=bimorphic action=maybe_recompile pc=0x0000000006670264 method=java.lang.ThreadLocal.setInitialValue()Ljava/lang/Object; @ 31
Event: 5818.340 Thread 0x000000001b041800 Uncommon trap: reason=unstable_if action=reinterpret pc=0x000000000835bcb0 method=com.android.dx.dex.code.OutputFinisher.align64bits([Lcom/android/dx/dex/code/Dop;)V @ 130
Event: 5821.126 Thread 0x000000001ac37000 Uncommon trap: reason=null_check action=make_not_entrant pc=0x0000000005971c64 method=org.slf4j.helpers.MessageFormatter.getThrowableCandidate([Ljava/lang/Object;)Ljava/lang/Throwable; @ 19
Event: 5821.126 Thread 0x000000001ac37000 Uncommon trap: reason=unstable_if action=reinterpret pc=0x00000000056626d0 method=org.slf4j.helpers.MessageFormatter.deeplyAppendParameter(Ljava/lang/StringBuilder;Ljava/lang/Object;Ljava/util/Map;)V @ 1
Event: 5878.124 Thread 0x000000001ac33000 Uncommon trap: reason=null_check action=make_not_entrant pc=0x0000000006386738 method=java.lang.ThreadLocal$ThreadLocalMap.getEntryAfterMiss(Ljava/lang/ThreadLocal;ILjava/lang/ThreadLocal$ThreadLocalMap$Entry;)Ljava/lang/ThreadLocal$ThreadLocalMap$Entry; 

Classes redefined (0 events):
No events

Internal exceptions (10 events):
Event: 5818.645 Thread 0x000000001ac3f000 Exception <a 'sun/nio/fs/WindowsException'> (0x00000000e52f76f8) thrown at [D:\src\AOSP-openjdk-cygwin\jdk8u\hotspot\src\share\vm\prims\jni.cpp, line 709]
Event: 5818.661 Thread 0x000000001ac3f000 Exception <a 'sun/nio/fs/WindowsException'> (0x00000000e53b7328) thrown at [D:\src\AOSP-openjdk-cygwin\jdk8u\hotspot\src\share\vm\prims\jni.cpp, line 709]
Event: 5818.932 Thread 0x000000001ac3f000 Exception <a 'sun/nio/fs/WindowsException'> (0x00000000e6c84f58) thrown at [D:\src\AOSP-openjdk-cygwin\jdk8u\hotspot\src\share\vm\prims\jni.cpp, line 709]
Event: 5821.031 Thread 0x000000001ac33000 Exception <a 'sun/nio/fs/WindowsException'> (0x00000000e9fb57f8) thrown at [D:\src\AOSP-openjdk-cygwin\jdk8u\hotspot\src\share\vm\prims\jni.cpp, line 709]
Event: 5821.126 Thread 0x000000001ac37000 Implicit null exception at 0x000000000596f6c9 to 0x0000000005971c39
Event: 5821.126 Thread 0x000000001ac37000 Implicit null exception at 0x0000000005662219 to 0x00000000056626b5
Event: 5877.061 Thread 0x000000001ac33000 Exception <a 'java/lang/ClassNotFoundException': sync_local_repo2767_8wtj09afjyqe3dh63vt6cg9keBeanInfo> (0x00000000ea5c99c0) thrown at [D:\src\AOSP-openjdk-cygwin\jdk8u\hotspot\src\share\vm\classfile\systemDictionary.cpp, line 210]
Event: 5877.062 Thread 0x000000001ac33000 Exception <a 'java/lang/ClassNotFoundException': sync_local_repo2767_8wtj09afjyqe3dh63vt6cg9keCustomizer> (0x00000000ea5d4270) thrown at [D:\src\AOSP-openjdk-cygwin\jdk8u\hotspot\src\share\vm\classfile\systemDictionary.cpp, line 210]
Event: 5878.124 Thread 0x000000001ac33000 Implicit null exception at 0x0000000006385bf4 to 0x00000000063866fd
Event: 5878.259 Thread 0x000000001ac33000 Exception <a 'sun/nio/fs/WindowsException'> (0x00000000e0447090) thrown at [D:\src\AOSP-openjdk-cygwin\jdk8u\hotspot\src\share\vm\prims\jni.cpp, line 709]

Events (10 events):
Event: 5878.521 Executing VM operation: BulkRevokeBias
Event: 5878.521 Executing VM operation: BulkRevokeBias done
Event: 5878.521 Executing VM operation: RevokeBias
Event: 5878.521 Executing VM operation: RevokeBias done
Event: 5878.538 Executing VM operation: RevokeBias
Event: 5878.538 Executing VM operation: RevokeBias done
Event: 5879.692 Executing VM operation: RevokeBias
Event: 5879.693 Executing VM operation: RevokeBias done
Event: 5879.713 Executing VM operation: RevokeBias
Event: 5879.714 Executing VM operation: RevokeBias done


Dynamic libraries:
0x00007ff712110000 - 0x00007ff712141000 	C:\Program Files\Android\Android Studio\jre\bin\java.exe
0x00007ff8fb0b0000 - 0x00007ff8fb290000 	C:\WINDOWS\SYSTEM32\ntdll.dll
0x00007ff8f8ef0000 - 0x00007ff8f8f9e000 	C:\WINDOWS\System32\KERNEL32.DLL
0x00007ff8f82c0000 - 0x00007ff8f8526000 	C:\WINDOWS\System32\KERNELBASE.dll
0x00007ff8fa6f0000 - 0x00007ff8fa791000 	C:\WINDOWS\System32\ADVAPI32.dll
0x00007ff8fac30000 - 0x00007ff8faccd000 	C:\WINDOWS\System32\msvcrt.dll
0x00007ff8f8d60000 - 0x00007ff8f8dbb000 	C:\WINDOWS\System32\sechost.dll
0x00007ff8faae0000 - 0x00007ff8fabff000 	C:\WINDOWS\System32\RPCRT4.dll
0x00007ff8faef0000 - 0x00007ff8fb07e000 	C:\WINDOWS\System32\USER32.dll
0x00007ff8f7f50000 - 0x00007ff8f7f70000 	C:\WINDOWS\System32\win32u.dll
0x00007ff8fac00000 - 0x00007ff8fac28000 	C:\WINDOWS\System32\GDI32.dll
0x00007ff8f7f70000 - 0x00007ff8f8104000 	C:\WINDOWS\System32\gdi32full.dll
0x00007ff8f7590000 - 0x00007ff8f762b000 	C:\WINDOWS\System32\msvcp_win.dll
0x00007ff8f8110000 - 0x00007ff8f8206000 	C:\WINDOWS\System32\ucrtbase.dll
0x00007ff8ed410000 - 0x00007ff8ed679000 	C:\WINDOWS\WinSxS\amd64_microsoft.windows.common-controls_6595b64144ccf1df_6.0.16299.19_none_cc92fab02215da61\COMCTL32.dll
0x00007ff8f8fa0000 - 0x00007ff8f92a8000 	C:\WINDOWS\System32\combase.dll
0x00007ff8f74b0000 - 0x00007ff8f7522000 	C:\WINDOWS\System32\bcryptPrimitives.dll
0x00007ff8fae60000 - 0x00007ff8fae8d000 	C:\WINDOWS\System32\IMM32.DLL
0x00000000700e0000 - 0x00000000701b2000 	C:\Program Files\Android\Android Studio\jre\jre\bin\msvcr100.dll
0x0000000070530000 - 0x0000000070d6e000 	C:\Program Files\Android\Android Studio\jre\jre\bin\server\jvm.dll
0x00007ff8f8b80000 - 0x00007ff8f8b88000 	C:\WINDOWS\System32\PSAPI.DLL
0x00007ff8f3a40000 - 0x00007ff8f3a49000 	C:\WINDOWS\SYSTEM32\WSOCK32.dll
0x00007ff8f8e80000 - 0x00007ff8f8eec000 	C:\WINDOWS\System32\WS2_32.dll
0x00007ff8f3db0000 - 0x00007ff8f3dd3000 	C:\WINDOWS\SYSTEM32\WINMM.dll
0x00007ff8f07e0000 - 0x00007ff8f07ea000 	C:\WINDOWS\SYSTEM32\VERSION.dll
0x00007ff8f3d80000 - 0x00007ff8f3daa000 	C:\WINDOWS\SYSTEM32\WINMMBASE.dll
0x00007ff8f8530000 - 0x00007ff8f857a000 	C:\WINDOWS\System32\cfgmgr32.dll
0x00007ff8f25a0000 - 0x00007ff8f25af000 	C:\Program Files\Android\Android Studio\jre\jre\bin\verify.dll
0x00007ff8eb770000 - 0x00007ff8eb799000 	C:\Program Files\Android\Android Studio\jre\jre\bin\java.dll
0x00007ff8f2580000 - 0x00007ff8f2596000 	C:\Program Files\Android\Android Studio\jre\jre\bin\zip.dll
0x00007ff8f92b0000 - 0x00007ff8fa6e7000 	C:\WINDOWS\System32\SHELL32.dll
0x00007ff8f8dd0000 - 0x00007ff8f8e76000 	C:\WINDOWS\System32\shcore.dll
0x00007ff8f7800000 - 0x00007ff8f7f47000 	C:\WINDOWS\System32\windows.storage.dll
0x00007ff8fae90000 - 0x00007ff8faee1000 	C:\WINDOWS\System32\shlwapi.dll
0x00007ff8f7470000 - 0x00007ff8f7481000 	C:\WINDOWS\System32\kernel.appcore.dll
0x00007ff8f7420000 - 0x00007ff8f746c000 	C:\WINDOWS\System32\powrprof.dll
0x00007ff8f7400000 - 0x00007ff8f741b000 	C:\WINDOWS\System32\profapi.dll
0x00007ff8f2100000 - 0x00007ff8f211a000 	C:\Program Files\Android\Android Studio\jre\jre\bin\net.dll
0x00007ff8f6c90000 - 0x00007ff8f6cf6000 	C:\WINDOWS\system32\mswsock.dll
0x00007ff8e9a40000 - 0x00007ff8e9a51000 	C:\Program Files\Android\Android Studio\jre\jre\bin\nio.dll
0x00007ff8f2790000 - 0x00007ff8f27ae000 	C:\Users\thienphu\.gradle\native\25\windows-amd64\native-platform.dll
0x00007ff8eb760000 - 0x00007ff8eb76d000 	C:\Program Files\Android\Android Studio\jre\jre\bin\management.dll
0x00007ff8f6e50000 - 0x00007ff8f6e67000 	C:\WINDOWS\SYSTEM32\CRYPTSP.dll
0x00007ff8f68a0000 - 0x00007ff8f68d3000 	C:\WINDOWS\system32\rsaenh.dll
0x00007ff8f6f60000 - 0x00007ff8f6f85000 	C:\WINDOWS\SYSTEM32\bcrypt.dll
0x00007ff8f7300000 - 0x00007ff8f7329000 	C:\WINDOWS\SYSTEM32\USERENV.dll
0x00007ff8f6e70000 - 0x00007ff8f6e7b000 	C:\WINDOWS\SYSTEM32\CRYPTBASE.dll
0x00007ff8f6a20000 - 0x00007ff8f6a59000 	C:\WINDOWS\SYSTEM32\IPHLPAPI.DLL
0x00007ff8f8b70000 - 0x00007ff8f8b78000 	C:\WINDOWS\System32\NSI.dll
0x00007ff8f0c40000 - 0x00007ff8f0c56000 	C:\WINDOWS\SYSTEM32\dhcpcsvc6.DLL
0x00007ff8f0bd0000 - 0x00007ff8f0bea000 	C:\WINDOWS\SYSTEM32\dhcpcsvc.DLL
0x00007ff8e6240000 - 0x00007ff8e6264000 	C:\Program Files\Android\Android Studio\jre\jre\bin\sunec.dll
0x00007ff8f6a60000 - 0x00007ff8f6b16000 	C:\WINDOWS\SYSTEM32\DNSAPI.dll
0x00007ff8ed400000 - 0x00007ff8ed40a000 	C:\Windows\System32\rasadhlp.dll
0x00007ff8edbe0000 - 0x00007ff8edc50000 	C:\WINDOWS\System32\fwpuclnt.dll
0x00007ff8f2180000 - 0x00007ff8f218b000 	C:\Program Files\Android\Android Studio\jre\jre\bin\sunmscapi.dll
0x00007ff8f7630000 - 0x00007ff8f77fe000 	C:\WINDOWS\System32\CRYPT32.dll
0x00007ff8f7490000 - 0x00007ff8f74a2000 	C:\WINDOWS\System32\MSASN1.dll

VM Arguments:
jvm_args: -Xmx1536m -Dfile.encoding=windows-1252 -Duser.country=US -Duser.language=en -Duser.variant 
java_command: org.gradle.launcher.daemon.bootstrap.GradleDaemon 4.1
java_class_path (initial): C:\Users\thienphu\.gradle\wrapper\dists\gradle-4.1-all\bzyivzo6n839fup2jbap0tjew\gradle-4.1\lib\gradle-launcher-4.1.jar
Launcher Type: SUN_STANDARD

Environment Variables:
JAVA_HOME=C:\Program Files\Java\jdk1.8.0_144
PATH=C:\Program Files\Microsoft MPI\Bin\;C:\Program Files\Java\jdk1.8.0_144;C:\WINDOWS\system32;C:\WINDOWS;C:\WINDOWS\System32\Wbem;C:\WINDOWS\System32\WindowsPowerShell\v1.0\;C:\Windows\system32;C:\Program Files (x86)\Microsoft SQL Server\130\Tools\Binn\;C:\Program Files\Microsoft SQL Server\130\Tools\Binn\;C:\Program Files (x86)\Microsoft SQL Server\130\DTS\Binn\;C:\Program Files\Microsoft SQL Server\130\DTS\Binn\;C:\Program Files\Microsoft SQL Server\Client SDK\ODBC\130\Tools\Binn\;C:\Program Files (x86)\Microsoft SQL Server\Client SDK\ODBC\130\Tools\Binn\;C:\Program Files (x86)\Microsoft SQL Server\140\Tools\Binn\;C:\Program Files (x86)\Microsoft SQL Server\140\DTS\Binn\;C:\Program Files (x86)\Microsoft SQL Server\140\Tools\Binn\ManagementStudio\;C:\Program Files\MySQL\MySQL Utilities 1.6\;C:\Program Files\nodejs\;C:\Program Files (x86)\Git\cmd;C:\Program Files (x86)\Skype\Phone\;C:\Program Files (x86)\NVIDIA Corporation\PhysX\Common;C:\Program Files\TortoiseSVN\bin;C:\Users\thienphu\AppData\Local\Microsoft\WindowsApps;C:\Program Files\Java\jdk1.8.0_144\bin;C:\Users\thienphu\AppData\Roaming\npm;;C:\Program Files\Microsoft VS Code\bin
USERNAME=thienphu
OS=Windows_NT
PROCESSOR_IDENTIFIER=Intel64 Family 6 Model 60 Stepping 3, GenuineIntel



---------------  S Y S T E M  ---------------

OS: Windows 10.0 , 64 bit Build 16299 (10.0.16299.15)

CPU:total 4 (initial active 4) (2 cores per cpu, 2 threads per core) family 6 model 60 stepping 3, cmov, cx8, fxsr, mmx, sse, sse2, sse3, ssse3, sse4.1, sse4.2, popcnt, avx, avx2, aes, clmul, erms, lzcnt, ht, tsc, tscinvbit, bmi1, bmi2

Memory: 4k page, physical 8274940k(977900k free), swap 9964540k(68k free)

vm_info: OpenJDK 64-Bit Server VM (25.152-b01) for windows-amd64 JRE (1.8.0_152-release-915-b01), built by "builder" with MS VC++ 10.0 (VS2010)

time: Sun Nov 05 20:14:29 2017
elapsed time: 5879 seconds (0d 1h 37m 59s)

