#
# There is insufficient memory for the Java Runtime Environment to continue.
# Native memory allocation (malloc) failed to allocate 1115648 bytes for Chunk::new
# Possible reasons:
#   The system is out of physical RAM or swap space
#   In 32 bit mode, the process size limit was hit
# Possible solutions:
#   Reduce memory load on the system
#   Increase physical memory or swap space
#   Check if swap backing store is full
#   Use 64 bit Java on a 64 bit OS
#   Decrease Java heap size (-Xmx/-Xms)
#   Decrease number of Java threads
#   Decrease Java thread stack sizes (-Xss)
#   Set larger code cache with -XX:ReservedCodeCacheSize=
# This output file may be truncated or incomplete.
#
#  Out of Memory Error (allocation.cpp:390), pid=12740, tid=0x0000000000001168
#
# JRE version: OpenJDK Runtime Environment (8.0_152-b01) (build 1.8.0_152-release-915-b01)
# Java VM: OpenJDK 64-Bit Server VM (25.152-b01 mixed mode windows-amd64 compressed oops)
# Failed to write core dump. Minidumps are not enabled by default on client versions of Windows
#

---------------  T H R E A D  ---------------

Current thread (0x0000000017eee000):  JavaThread "C2 CompilerThread0" daemon [_thread_in_native, id=4456, stack(0x0000000019650000,0x0000000019750000)]

Stack: [0x0000000019650000,0x0000000019750000]
[error occurred during error reporting (printing stack bounds), id 0xc0000005]

Native frames: (J=compiled Java code, j=interpreted, Vv=VM code, C=native code)


Current CompileTask:
C2:7048076 25315   !   4       com.android.dx.cf.code.Ropper::processBlock (1101 bytes)


---------------  P R O C E S S  ---------------

Java Threads: ( => current thread )
  0x000000001c271000 JavaThread "ForkJoinPool.commonPool-worker-5" daemon [_thread_in_native, id=2976, stack(0x0000000044d40000,0x0000000044e40000)]
  0x000000001c272000 JavaThread "ForkJoinPool.commonPool-worker-3" daemon [_thread_in_native, id=15324, stack(0x0000000044b40000,0x0000000044c40000)]
  0x000000001c26e000 JavaThread "ForkJoinPool.commonPool-worker-2" daemon [_thread_in_native, id=11740, stack(0x0000000044a40000,0x0000000044b40000)]
  0x000000001c266800 JavaThread "ForkJoinPool.commonPool-worker-1" daemon [_thread_in_Java, id=4820, stack(0x0000000044940000,0x0000000044a40000)]
  0x000000001c26d800 JavaThread "Worker Daemon Execution Thread 10" [_thread_blocked, id=7760, stack(0x0000000044540000,0x0000000044640000)]
  0x000000001c26b000 JavaThread "Worker Daemon Execution Thread 9" [_thread_blocked, id=11120, stack(0x0000000044440000,0x0000000044540000)]
  0x000000001c26a000 JavaThread "Worker Daemon Execution Thread 8" [_thread_blocked, id=504, stack(0x0000000044340000,0x0000000044440000)]
  0x000000001c26c800 JavaThread "Worker Daemon Execution Thread 7" [_thread_blocked, id=6704, stack(0x0000000044240000,0x0000000044340000)]
  0x000000001c268000 JavaThread "Worker Daemon Execution Thread 6" [_thread_blocked, id=8752, stack(0x0000000044140000,0x0000000044240000)]
  0x000000001c267000 JavaThread "Worker Daemon Execution Thread 5" [_thread_blocked, id=4644, stack(0x0000000044040000,0x0000000044140000)]
  0x000000001c264000 JavaThread "Worker Daemon Execution Thread 4" [_thread_blocked, id=660, stack(0x0000000043f40000,0x0000000044040000)]
  0x000000001c269800 JavaThread "Worker Daemon Execution Thread 3" [_thread_blocked, id=1688, stack(0x0000000043e40000,0x0000000043f40000)]
  0x000000001c265800 JavaThread "Worker Daemon Execution Thread 2" [_thread_blocked, id=11912, stack(0x0000000043d40000,0x0000000043e40000)]
  0x000000001c268800 JavaThread "Worker Daemon Execution" [_thread_blocked, id=6388, stack(0x0000000043c40000,0x0000000043d40000)]
  0x000000001c265000 JavaThread "Cache worker for Java compile cache (E:\android\TLCN_CNPM\.gradle\4.1\javaCompile)" [_thread_blocked, id=5512, stack(0x0000000043b40000,0x0000000043c40000)]
  0x000000001bc0c000 JavaThread "Task worker for ':' Thread 3" [_thread_blocked, id=7496, stack(0x0000000042040000,0x0000000042140000)]
  0x000000001bc0a800 JavaThread "Task worker for ':' Thread 2" [_thread_blocked, id=4992, stack(0x0000000041f40000,0x0000000042040000)]
  0x000000001bc0f000 JavaThread "Task worker for ':'" [_thread_blocked, id=10096, stack(0x0000000041e40000,0x0000000041f40000)]
  0x000000001bc0d800 JavaThread "Cache worker for task history cache (E:\android\TLCN_CNPM\.gradle\4.1\taskHistory)" [_thread_blocked, id=3064, stack(0x0000000041d40000,0x0000000041e40000)]
  0x000000001bc09000 JavaThread "Cache worker for file content cache (E:\android\TLCN_CNPM\.gradle\4.1\fileContent)" [_thread_blocked, id=14620, stack(0x0000000041c40000,0x0000000041d40000)]
  0x000000001bc08000 JavaThread "build operations Thread 4" [_thread_blocked, id=14548, stack(0x0000000041b40000,0x0000000041c40000)]
  0x000000001bc0b000 JavaThread "build operations Thread 3" [_thread_blocked, id=11208, stack(0x0000000041a40000,0x0000000041b40000)]
  0x000000001bc09800 JavaThread "build operations Thread 2" [_thread_blocked, id=12492, stack(0x0000000041940000,0x0000000041a40000)]
  0x000000001bc00800 JavaThread "build operations" [_thread_blocked, id=13060, stack(0x0000000041840000,0x0000000041940000)]
  0x000000001bc03800 JavaThread "Cache worker for Artifact transforms cache (C:\Users\thienphu\.gradle\caches\transforms-1)" [_thread_blocked, id=11576, stack(0x0000000041740000,0x0000000041840000)]
  0x000000001bc06800 JavaThread "Cache worker for file hash cache (E:\android\TLCN_CNPM\.gradle\4.1\fileHashes)" [_thread_blocked, id=13456, stack(0x0000000041640000,0x0000000041740000)]
  0x000000001bc05000 JavaThread "Stdin handler" [_thread_blocked, id=13984, stack(0x0000000041540000,0x0000000041640000)]
  0x000000001bc03000 JavaThread "Asynchronous log dispatcher for DefaultDaemonConnection: socket connection from /127.0.0.1:62296 to /127.0.0.1:64122" [_thread_blocked, id=9612, stack(0x0000000041440000,0x0000000041540000)]
  0x000000001bc01800 JavaThread "Daemon worker Thread 8" [_thread_blocked, id=9212, stack(0x0000000041340000,0x0000000041440000)]
  0x000000001bc06000 JavaThread "Cancel handler" [_thread_blocked, id=14960, stack(0x0000000041240000,0x0000000041340000)]
  0x000000001bc07800 JavaThread "Handler for socket connection from /127.0.0.1:62296 to /127.0.0.1:64122" [_thread_in_native, id=5304, stack(0x0000000041140000,0x0000000041240000)]
  0x000000001bc04800 JavaThread "Daemon Thread 8" [_thread_blocked, id=11296, stack(0x0000000041040000,0x0000000041140000)]
  0x000000001bc00000 JavaThread "Java2D Disposer" daemon [_thread_blocked, id=14360, stack(0x000000003f440000,0x000000003f540000)]
  0x000000001aee0800 JavaThread "Memory manager" [_thread_blocked, id=14204, stack(0x0000000023940000,0x0000000023a40000)]
  0x000000001aedb000 JavaThread "pool-1-thread-1" [_thread_blocked, id=6616, stack(0x0000000023640000,0x0000000023740000)]
  0x000000001b8e5800 JavaThread "File lock request listener" [_thread_in_native, id=9664, stack(0x000000001d890000,0x000000001d990000)]
  0x000000001b650800 JavaThread "Cache worker for file hash cache (C:\Users\thienphu\.gradle\caches\4.1\fileHashes)" [_thread_blocked, id=12132, stack(0x000000001d790000,0x000000001d890000)]
  0x000000001b547000 JavaThread "Daemon periodic checks" [_thread_blocked, id=14128, stack(0x000000001ce90000,0x000000001cf90000)]
  0x000000001af8d000 JavaThread "Incoming local TCP Connector on port 62296" [_thread_in_native, id=3140, stack(0x000000001b720000,0x000000001b820000)]
  0x0000000019974000 JavaThread "Service Thread" daemon [_thread_blocked, id=3984, stack(0x0000000019d50000,0x0000000019e50000)]
  0x0000000017ef6000 JavaThread "C1 CompilerThread2" daemon [_thread_blocked, id=8672, stack(0x0000000019850000,0x0000000019950000)]
  0x0000000017ef3000 JavaThread "C2 CompilerThread1" daemon [_thread_in_native, id=7856, stack(0x0000000019750000,0x0000000019850000)]
=>0x0000000017eee000 JavaThread "C2 CompilerThread0" daemon [_thread_in_native, id=4456, stack(0x0000000019650000,0x0000000019750000)]
  0x0000000017eec000 JavaThread "Attach Listener" daemon [_thread_blocked, id=9100, stack(0x0000000019550000,0x0000000019650000)]
  0x0000000017eeb000 JavaThread "Signal Dispatcher" daemon [_thread_blocked, id=7216, stack(0x0000000019450000,0x0000000019550000)]
  0x0000000017ed8800 JavaThread "Finalizer" daemon [_thread_blocked, id=3832, stack(0x0000000019160000,0x0000000019260000)]
  0x0000000004571800 JavaThread "Reference Handler" daemon [_thread_blocked, id=13748, stack(0x0000000019060000,0x0000000019160000)]
  0x000000000447e800 JavaThread "main" [_thread_blocked, id=5060, stack(0x00000000042d0000,0x00000000043d0000)]

Other Threads:
  0x0000000017eb5000 VMThread [stack: 0x0000000018f60000,0x0000000019060000] [id=8956]
  0x0000000019976800 WatcherThread [stack: 0x0000000019e50000,0x0000000019f50000] [id=10792]

VM state:not at safepoint (normal execution)

VM Mutex/Monitor currently owned by a thread: None

Heap:
 PSYoungGen      total 311296K, used 91262K [0x00000000e0000000, 0x00000000f9100000, 0x0000000100000000)
  eden space 262144K, 24% used [0x00000000e0000000,0x00000000e3f94ea8,0x00000000f0000000)
  from space 49152K, 53% used [0x00000000f0000000,0x00000000f198ab40,0x00000000f3000000)
  to   space 47616K, 0% used [0x00000000f6280000,0x00000000f6280000,0x00000000f9100000)
 ParOldGen       total 163840K, used 107665K [0x00000000a0000000, 0x00000000aa000000, 0x00000000e0000000)
  object space 163840K, 65% used [0x00000000a0000000,0x00000000a6924488,0x00000000aa000000)
 Metaspace       used 90210K, capacity 96938K, committed 97152K, reserved 1134592K
  class space    used 11342K, capacity 12878K, committed 12928K, reserved 1048576K

Card table byte_map: [0x0000000013940000,0x0000000013c50000] byte_map_base: 0x0000000013440000

Marking Bits: (ParMarkBitMap*) 0x00000000722d3950
 Begin Bits: [0x0000000014250000, 0x0000000015a50000)
 End Bits:   [0x0000000015a50000, 0x0000000017250000)

Polling page: 0x0000000002660000

CodeCache: size=245760Kb used=73054Kb max_used=73066Kb free=172705Kb
 bounds [0x0000000004580000, 0x0000000008d40000, 0x0000000013580000]
 total_blobs=20224 nmethods=19249 adapters=886
 compilation: enabled

Compilation events (10 events):
Event: 7047.820 Thread 0x0000000017ef6000 25334   !   2       com.android.builder.dexing.DirDexArchive::addFile (150 bytes)
Event: 7047.821 Thread 0x0000000017ef6000 nmethod 25334 0x0000000008d13610 code [0x0000000008d13840, 0x0000000008d14088]
Event: 7047.865 Thread 0x0000000017ef3000 nmethod 25329% 0x0000000008d3ab10 code [0x0000000008d3ad60, 0x0000000008d3c4d8]
Event: 7047.865 Thread 0x0000000017ef3000 25336       4       com.android.dx.dex.code.OutputFinisher::makeOpcodesArray (49 bytes)
Event: 7047.870 Thread 0x0000000017ef3000 nmethod 25336 0x0000000008d25f10 code [0x0000000008d26060, 0x0000000008d26378]
Event: 7047.870 Thread 0x0000000017ef3000 25310       4       com.android.dx.dex.code.OutputFinisher::align64bits (247 bytes)
Event: 7047.880 Thread 0x0000000017ef3000 nmethod 25310 0x0000000008d39850 code [0x0000000008d39a00, 0x0000000008d3a168]
Event: 7047.880 Thread 0x0000000017ef3000 25330 %     4       com.android.dx.dex.code.DalvInsnList::makeImmutable @ 18 (51 bytes)
Event: 7047.891 Thread 0x0000000017ef3000 nmethod 25330% 0x0000000008d0f110 code [0x0000000008d0f280, 0x0000000008d0f798]
Event: 7047.891 Thread 0x0000000017ef3000 25335       4       com.android.dx.dex.code.DalvInsnList::getOutsSize (209 bytes)

GC Heap History (10 events):
Event: 7029.083 GC heap before
{Heap before GC invocations=36 (full 3):
 PSYoungGen      total 233472K, used 201117K [0x00000000e0000000, 0x00000000f2900000, 0x0000000100000000)
  eden space 176128K, 99% used [0x00000000e0000000,0x00000000eab5e6e0,0x00000000eac00000)
  from space 57344K, 44% used [0x00000000ee280000,0x00000000efb890a8,0x00000000f1a80000)
  to   space 55808K, 0% used [0x00000000eac00000,0x00000000eac00000,0x00000000ee280000)
 ParOldGen       total 163840K, used 98222K [0x00000000a0000000, 0x00000000aa000000, 0x00000000e0000000)
  object space 163840K, 59% used [0x00000000a0000000,0x00000000a5febbd0,0x00000000aa000000)
 Metaspace       used 89169K, capacity 95640K, committed 95744K, reserved 1132544K
  class space    used 11266K, capacity 12750K, committed 12800K, reserved 1048576K
Event: 7029.106 GC heap after
Heap after GC invocations=36 (full 3):
 PSYoungGen      total 231936K, used 24672K [0x00000000e0000000, 0x00000000f3f00000, 0x0000000100000000)
  eden space 176128K, 0% used [0x00000000e0000000,0x00000000e0000000,0x00000000eac00000)
  from space 55808K, 44% used [0x00000000eac00000,0x00000000ec4180c0,0x00000000ee280000)
  to   space 54784K, 0% used [0x00000000f0980000,0x00000000f0980000,0x00000000f3f00000)
 ParOldGen       total 163840K, used 99043K [0x00000000a0000000, 0x00000000aa000000, 0x00000000e0000000)
  object space 163840K, 60% used [0x00000000a0000000,0x00000000a60b8d28,0x00000000aa000000)
 Metaspace       used 89169K, capacity 95640K, committed 95744K, reserved 1132544K
  class space    used 11266K, capacity 12750K, committed 12800K, reserved 1048576K
}
Event: 7031.192 GC heap before
{Heap before GC invocations=37 (full 3):
 PSYoungGen      total 231936K, used 200800K [0x00000000e0000000, 0x00000000f3f00000, 0x0000000100000000)
  eden space 176128K, 100% used [0x00000000e0000000,0x00000000eac00000,0x00000000eac00000)
  from space 55808K, 44% used [0x00000000eac00000,0x00000000ec4180c0,0x00000000ee280000)
  to   space 54784K, 0% used [0x00000000f0980000,0x00000000f0980000,0x00000000f3f00000)
 ParOldGen       total 163840K, used 99043K [0x00000000a0000000, 0x00000000aa000000, 0x00000000e0000000)
  object space 163840K, 60% used [0x00000000a0000000,0x00000000a60b8d28,0x00000000aa000000)
 Metaspace       used 89374K, capacity 95938K, committed 96128K, reserved 1132544K
  class space    used 11296K, capacity 12809K, committed 12928K, reserved 1048576K
Event: 7031.225 GC heap after
Heap after GC invocations=37 (full 3):
 PSYoungGen      total 264704K, used 29800K [0x00000000e0000000, 0x00000000f3900000, 0x0000000100000000)
  eden space 216064K, 0% used [0x00000000e0000000,0x00000000e0000000,0x00000000ed300000)
  from space 48640K, 61% used [0x00000000f0980000,0x00000000f269a3b0,0x00000000f3900000)
  to   space 52224K, 0% used [0x00000000ed300000,0x00000000ed300000,0x00000000f0600000)
 ParOldGen       total 163840K, used 99347K [0x00000000a0000000, 0x00000000aa000000, 0x00000000e0000000)
  object space 163840K, 60% used [0x00000000a0000000,0x00000000a6104d80,0x00000000aa000000)
 Metaspace       used 89374K, capacity 95938K, committed 96128K, reserved 1132544K
  class space    used 11296K, capacity 12809K, committed 12928K, reserved 1048576K
}
Event: 7035.503 GC heap before
{Heap before GC invocations=38 (full 3):
 PSYoungGen      total 264704K, used 245864K [0x00000000e0000000, 0x00000000f3900000, 0x0000000100000000)
  eden space 216064K, 100% used [0x00000000e0000000,0x00000000ed300000,0x00000000ed300000)
  from space 48640K, 61% used [0x00000000f0980000,0x00000000f269a3b0,0x00000000f3900000)
  to   space 52224K, 0% used [0x00000000ed300000,0x00000000ed300000,0x00000000f0600000)
 ParOldGen       total 163840K, used 99347K [0x00000000a0000000, 0x00000000aa000000, 0x00000000e0000000)
  object space 163840K, 60% used [0x00000000a0000000,0x00000000a6104d80,0x00000000aa000000)
 Metaspace       used 89477K, capacity 96086K, committed 96384K, reserved 1132544K
  class space    used 11307K, capacity 12827K, committed 12928K, reserved 1048576K
Event: 7035.530 GC heap after
Heap after GC invocations=38 (full 3):
 PSYoungGen      total 268288K, used 30587K [0x00000000e0000000, 0x00000000f6380000, 0x0000000100000000)
  eden space 216064K, 0% used [0x00000000e0000000,0x00000000e0000000,0x00000000ed300000)
  from space 52224K, 58% used [0x00000000ed300000,0x00000000ef0def48,0x00000000f0600000)
  to   space 50176K, 0% used [0x00000000f3280000,0x00000000f3280000,0x00000000f6380000)
 ParOldGen       total 163840K, used 100091K [0x00000000a0000000, 0x00000000aa000000, 0x00000000e0000000)
  object space 163840K, 61% used [0x00000000a0000000,0x00000000a61bede0,0x00000000aa000000)
 Metaspace       used 89477K, capacity 96086K, committed 96384K, reserved 1132544K
  class space    used 11307K, capacity 12827K, committed 12928K, reserved 1048576K
}
Event: 7045.056 GC heap before
{Heap before GC invocations=39 (full 3):
 PSYoungGen      total 268288K, used 246651K [0x00000000e0000000, 0x00000000f6380000, 0x0000000100000000)
  eden space 216064K, 100% used [0x00000000e0000000,0x00000000ed300000,0x00000000ed300000)
  from space 52224K, 58% used [0x00000000ed300000,0x00000000ef0def48,0x00000000f0600000)
  to   space 50176K, 0% used [0x00000000f3280000,0x00000000f3280000,0x00000000f6380000)
 ParOldGen       total 163840K, used 100091K [0x00000000a0000000, 0x00000000aa000000, 0x00000000e0000000)
  object space 163840K, 61% used [0x00000000a0000000,0x00000000a61bede0,0x00000000aa000000)
 Metaspace       used 89940K, capacity 96682K, committed 96896K, reserved 1132544K
  class space    used 11337K, capacity 12878K, committed 12928K, reserved 1048576K
Event: 7045.100 GC heap after
Heap after GC invocations=39 (full 3):
 PSYoungGen      total 308736K, used 26286K [0x00000000e0000000, 0x00000000f6000000, 0x0000000100000000)
  eden space 262144K, 0% used [0x00000000e0000000,0x00000000e0000000,0x00000000f0000000)
  from space 46592K, 56% used [0x00000000f3280000,0x00000000f4c2b988,0x00000000f6000000)
  to   space 49152K, 0% used [0x00000000f0000000,0x00000000f0000000,0x00000000f3000000)
 ParOldGen       total 163840K, used 103497K [0x00000000a0000000, 0x00000000aa000000, 0x00000000e0000000)
  object space 163840K, 63% used [0x00000000a0000000,0x00000000a6512708,0x00000000aa000000)
 Metaspace       used 89940K, capacity 96682K, committed 96896K, reserved 1132544K
  class space    used 11337K, capacity 12878K, committed 12928K, reserved 1048576K
}
Event: 7047.590 GC heap before
{Heap before GC invocations=40 (full 3):
 PSYoungGen      total 308736K, used 288430K [0x00000000e0000000, 0x00000000f6000000, 0x0000000100000000)
  eden space 262144K, 100% used [0x00000000e0000000,0x00000000f0000000,0x00000000f0000000)
  from space 46592K, 56% used [0x00000000f3280000,0x00000000f4c2b988,0x00000000f6000000)
  to   space 49152K, 0% used [0x00000000f0000000,0x00000000f0000000,0x00000000f3000000)
 ParOldGen       total 163840K, used 103497K [0x00000000a0000000, 0x00000000aa000000, 0x00000000e0000000)
  object space 163840K, 63% used [0x00000000a0000000,0x00000000a6512708,0x00000000aa000000)
 Metaspace       used 90206K, capacity 96938K, committed 97152K, reserved 1134592K
  class space    used 11342K, capacity 12878K, committed 12928K, reserved 1048576K
Event: 7047.631 GC heap after
Heap after GC invocations=40 (full 3):
 PSYoungGen      total 311296K, used 26154K [0x00000000e0000000, 0x00000000f9100000, 0x0000000100000000)
  eden space 262144K, 0% used [0x00000000e0000000,0x00000000e0000000,0x00000000f0000000)
  from space 49152K, 53% used [0x00000000f0000000,0x00000000f198ab40,0x00000000f3000000)
  to   space 47616K, 0% used [0x00000000f6280000,0x00000000f6280000,0x00000000f9100000)
 ParOldGen       total 163840K, used 107665K [0x00000000a0000000, 0x00000000aa000000, 0x00000000e0000000)
  object space 163840K, 65% used [0x00000000a0000000,0x00000000a6924488,0x00000000aa000000)
 Metaspace       used 90206K, capacity 96938K, committed 97152K, reserved 1134592K
  class space    used 11342K, capacity 12878K, committed 12928K, reserved 1048576K
}

Deoptimization events (10 events):
Event: 7045.180 Thread 0x000000001c266800 Uncommon trap: reason=array_check action=maybe_recompile pc=0x0000000004776e34 method=java.util.ComparableTimSort.mergeLo(IIII)V @ 81
Event: 7045.182 Thread 0x000000001c266800 Uncommon trap: reason=unstable_if action=reinterpret pc=0x00000000070a7938 method=com.android.dx.dex.code.LocalList$MakeState.filterSpec(Lcom/android/dx/rop/code/RegisterSpec;)Lcom/android/dx/rop/code/RegisterSpec; @ 11
Event: 7045.182 Thread 0x000000001c266800 Uncommon trap: reason=unstable_if action=reinterpret pc=0x0000000006eff734 method=com.android.dx.dex.code.LocalList$MakeState.filterSpec(Lcom/android/dx/rop/code/RegisterSpec;)Lcom/android/dx/rop/code/RegisterSpec; @ 11
Event: 7045.189 Thread 0x000000001c266800 Uncommon trap: reason=bimorphic action=maybe_recompile pc=0x0000000006668934 method=com.android.dx.ssa.NormalSsaInsn.accept(Lcom/android/dx/ssa/SsaInsn$Visitor;)V @ 9
Event: 7046.114 Thread 0x000000001c272000 Uncommon trap: reason=unstable_if action=reinterpret pc=0x0000000008b81eb8 method=com.android.dx.dex.code.RopTranslator.outputBlock(Lcom/android/dx/rop/code/BasicBlock;I)V @ 132
Event: 7046.823 Thread 0x000000001c26e000 Uncommon trap: reason=unloaded action=reinterpret pc=0x0000000008677980 method=com.android.dx.cf.cst.ConstantPoolParser.parse0(ILjava/util/BitSet;)Lcom/android/dx/rop/cst/Constant; @ 220
Event: 7046.898 Thread 0x000000001c266800 Uncommon trap: reason=class_check action=maybe_recompile pc=0x0000000008bc3554 method=com.android.dx.rop.cst.CstLiteral32.equals(Ljava/lang/Object;)Z @ 20
Event: 7046.898 Thread 0x000000001c266800 Uncommon trap: reason=class_check action=maybe_recompile pc=0x0000000008bc3554 method=com.android.dx.rop.cst.CstLiteral32.equals(Ljava/lang/Object;)Z @ 20
Event: 7046.898 Thread 0x000000001c266800 Uncommon trap: reason=class_check action=maybe_recompile pc=0x0000000008bc3554 method=com.android.dx.rop.cst.CstLiteral32.equals(Ljava/lang/Object;)Z @ 20
Event: 7046.898 Thread 0x000000001c266800 Uncommon trap: reason=class_check action=maybe_recompile pc=0x0000000008bc3554 method=com.android.dx.rop.cst.CstLiteral32.equals(Ljava/lang/Object;)Z @ 20

Classes redefined (0 events):
No events

Internal exceptions (10 events):
Event: 7047.863 Thread 0x000000001c272000 Exception <a 'sun/nio/fs/WindowsException'> (0x00000000e3c4bc98) thrown at [D:\src\AOSP-openjdk-cygwin\jdk8u\hotspot\src\share\vm\prims\jni.cpp, line 709]
Event: 7047.874 Thread 0x000000001c26e000 Exception <a 'sun/nio/fs/WindowsException'> (0x00000000e37ae3d8) thrown at [D:\src\AOSP-openjdk-cygwin\jdk8u\hotspot\src\share\vm\prims\jni.cpp, line 709]
Event: 7047.886 Thread 0x000000001c26e000 Exception <a 'sun/nio/fs/WindowsException'> (0x00000000e37b7df8) thrown at [D:\src\AOSP-openjdk-cygwin\jdk8u\hotspot\src\share\vm\prims\jni.cpp, line 709]
Event: 7047.886 Thread 0x000000001c26e000 Exception <a 'sun/nio/fs/WindowsException'> (0x00000000e37b8428) thrown at [D:\src\AOSP-openjdk-cygwin\jdk8u\hotspot\src\share\vm\prims\jni.cpp, line 709]
Event: 7047.886 Thread 0x000000001c26e000 Exception <a 'sun/nio/fs/WindowsException'> (0x00000000e37b8b10) thrown at [D:\src\AOSP-openjdk-cygwin\jdk8u\hotspot\src\share\vm\prims\jni.cpp, line 709]
Event: 7047.886 Thread 0x000000001c26e000 Exception <a 'sun/nio/fs/WindowsException'> (0x00000000e37b9350) thrown at [D:\src\AOSP-openjdk-cygwin\jdk8u\hotspot\src\share\vm\prims\jni.cpp, line 709]
Event: 7047.886 Thread 0x000000001c26e000 Exception <a 'sun/nio/fs/WindowsException'> (0x00000000e37b9a18) thrown at [D:\src\AOSP-openjdk-cygwin\jdk8u\hotspot\src\share\vm\prims\jni.cpp, line 709]
Event: 7047.886 Thread 0x000000001c26e000 Exception <a 'sun/nio/fs/WindowsException'> (0x00000000e37ba238) thrown at [D:\src\AOSP-openjdk-cygwin\jdk8u\hotspot\src\share\vm\prims\jni.cpp, line 709]
Event: 7047.886 Thread 0x000000001c26e000 Exception <a 'sun/nio/fs/WindowsException'> (0x00000000e37ba8c8) thrown at [D:\src\AOSP-openjdk-cygwin\jdk8u\hotspot\src\share\vm\prims\jni.cpp, line 709]
Event: 7047.886 Thread 0x000000001c26e000 Exception <a 'sun/nio/fs/WindowsException'> (0x00000000e37bb0c8) thrown at [D:\src\AOSP-openjdk-cygwin\jdk8u\hotspot\src\share\vm\prims\jni.cpp, line 709]

Events (10 events):
Event: 7047.788 Thread 0x000000001c26e000 DEOPT PACKING pc=0x000000000835b5f3 sp=0x0000000044b3e7c0
Event: 7047.788 Thread 0x000000001c26e000 DEOPT UNPACKING pc=0x00000000045c75bf sp=0x0000000044b3e538 mode 0
Event: 7047.790 Thread 0x000000001c26e000 DEOPT PACKING pc=0x000000000826d56e sp=0x0000000044b3e7b0
Event: 7047.790 Thread 0x000000001c26e000 DEOPT UNPACKING pc=0x00000000045c75bf sp=0x0000000044b3e578 mode 0
Event: 7047.791 Thread 0x000000001c26e000 DEOPT PACKING pc=0x000000000834aa59 sp=0x0000000044b3e850
Event: 7047.791 Thread 0x000000001c26e000 DEOPT UNPACKING pc=0x00000000045c75bf sp=0x0000000044b3e5a0 mode 0
Event: 7047.849 Thread 0x000000001c271000 DEOPT PACKING pc=0x000000000834db54 sp=0x0000000044e3e550
Event: 7047.849 Thread 0x000000001c271000 DEOPT UNPACKING pc=0x00000000045c75bf sp=0x0000000044e3e2b8 mode 0
Event: 7047.862 Thread 0x000000001c272000 DEOPT PACKING pc=0x000000000833f2a3 sp=0x0000000044c3e600
Event: 7047.862 Thread 0x000000001c272000 DEOPT UNPACKING pc=0x00000000045c75bf sp=0x0000000044c3e368 mode 0


Dynamic libraries:
0x00007ff6272d0000 - 0x00007ff627301000 	C:\Program Files\Android\Android Studio\jre\bin\java.exe
0x00007ffeb8d00000 - 0x00007ffeb8ee0000 	C:\WINDOWS\SYSTEM32\ntdll.dll
0x00007ffeb7770000 - 0x00007ffeb781e000 	C:\WINDOWS\System32\KERNEL32.DLL
0x00007ffeb55a0000 - 0x00007ffeb5806000 	C:\WINDOWS\System32\KERNELBASE.dll
0x00007ffeb6a20000 - 0x00007ffeb6ac1000 	C:\WINDOWS\System32\ADVAPI32.dll
0x00007ffeb76d0000 - 0x00007ffeb776d000 	C:\WINDOWS\System32\msvcrt.dll
0x00007ffeb6ad0000 - 0x00007ffeb6b2b000 	C:\WINDOWS\System32\sechost.dll
0x00007ffeb7420000 - 0x00007ffeb753f000 	C:\WINDOWS\System32\RPCRT4.dll
0x00007ffeb6e30000 - 0x00007ffeb6fbe000 	C:\WINDOWS\System32\USER32.dll
0x00007ffeb5520000 - 0x00007ffeb5540000 	C:\WINDOWS\System32\win32u.dll
0x00007ffeb64e0000 - 0x00007ffeb6508000 	C:\WINDOWS\System32\GDI32.dll
0x00007ffeb5fe0000 - 0x00007ffeb6174000 	C:\WINDOWS\System32\gdi32full.dll
0x00007ffeb52d0000 - 0x00007ffeb536b000 	C:\WINDOWS\System32\msvcp_win.dll
0x00007ffeb5370000 - 0x00007ffeb5466000 	C:\WINDOWS\System32\ucrtbase.dll
0x00007ffea9730000 - 0x00007ffea9999000 	C:\WINDOWS\WinSxS\amd64_microsoft.windows.common-controls_6595b64144ccf1df_6.0.16299.19_none_cc92fab02215da61\COMCTL32.dll
0x00007ffeb61d0000 - 0x00007ffeb64d8000 	C:\WINDOWS\System32\combase.dll
0x00007ffeb5f60000 - 0x00007ffeb5fd2000 	C:\WINDOWS\System32\bcryptPrimitives.dll
0x00007ffeb65d0000 - 0x00007ffeb65fd000 	C:\WINDOWS\System32\IMM32.DLL
0x0000000071a30000 - 0x0000000071b02000 	C:\Program Files\Android\Android Studio\jre\jre\bin\msvcr100.dll
0x0000000071b10000 - 0x000000007234e000 	C:\Program Files\Android\Android Studio\jre\jre\bin\server\jvm.dll
0x00007ffeb6fc0000 - 0x00007ffeb6fc8000 	C:\WINDOWS\System32\PSAPI.DLL
0x00007ffeae090000 - 0x00007ffeae09a000 	C:\WINDOWS\SYSTEM32\VERSION.dll
0x00007ffeb16a0000 - 0x00007ffeb16c3000 	C:\WINDOWS\SYSTEM32\WINMM.dll
0x00007ffeb0b90000 - 0x00007ffeb0b99000 	C:\WINDOWS\SYSTEM32\WSOCK32.dll
0x00007ffeb8c60000 - 0x00007ffeb8ccc000 	C:\WINDOWS\System32\WS2_32.dll
0x00007ffeb1610000 - 0x00007ffeb163a000 	C:\WINDOWS\SYSTEM32\WINMMBASE.dll
0x00007ffeb6180000 - 0x00007ffeb61ca000 	C:\WINDOWS\System32\cfgmgr32.dll
0x00007ffeb0920000 - 0x00007ffeb092f000 	C:\Program Files\Android\Android Studio\jre\jre\bin\verify.dll
0x00007ffe93f90000 - 0x00007ffe93fb9000 	C:\Program Files\Android\Android Studio\jre\jre\bin\java.dll
0x00007ffe92440000 - 0x00007ffe92456000 	C:\Program Files\Android\Android Studio\jre\jre\bin\zip.dll
0x00007ffeb7820000 - 0x00007ffeb8c57000 	C:\WINDOWS\System32\SHELL32.dll
0x00007ffeb7540000 - 0x00007ffeb75e6000 	C:\WINDOWS\System32\shcore.dll
0x00007ffeb5810000 - 0x00007ffeb5f57000 	C:\WINDOWS\System32\windows.storage.dll
0x00007ffeb6510000 - 0x00007ffeb6561000 	C:\WINDOWS\System32\shlwapi.dll
0x00007ffeb50e0000 - 0x00007ffeb50f1000 	C:\WINDOWS\System32\kernel.appcore.dll
0x00007ffeb5090000 - 0x00007ffeb50dc000 	C:\WINDOWS\System32\powrprof.dll
0x00007ffeb5050000 - 0x00007ffeb506b000 	C:\WINDOWS\System32\profapi.dll
0x00007ffe8e400000 - 0x00007ffe8e41a000 	C:\Program Files\Android\Android Studio\jre\jre\bin\net.dll
0x00007ffeb48e0000 - 0x00007ffeb4946000 	C:\WINDOWS\system32\mswsock.dll
0x00007ffe8bc20000 - 0x00007ffe8bc31000 	C:\Program Files\Android\Android Studio\jre\jre\bin\nio.dll
0x00007ffe88630000 - 0x00007ffe8864e000 	C:\Users\thienphu\.gradle\native\25\windows-amd64\native-platform.dll
0x00007ffeb0440000 - 0x00007ffeb044d000 	C:\Program Files\Android\Android Studio\jre\jre\bin\management.dll
0x00007ffeb4ab0000 - 0x00007ffeb4ac7000 	C:\WINDOWS\SYSTEM32\CRYPTSP.dll
0x00007ffeb44f0000 - 0x00007ffeb4523000 	C:\WINDOWS\system32\rsaenh.dll
0x00007ffeb4bb0000 - 0x00007ffeb4bd5000 	C:\WINDOWS\SYSTEM32\bcrypt.dll
0x00007ffeb4f50000 - 0x00007ffeb4f79000 	C:\WINDOWS\SYSTEM32\USERENV.dll
0x00007ffeb4aa0000 - 0x00007ffeb4aab000 	C:\WINDOWS\SYSTEM32\CRYPTBASE.dll
0x00007ffeb4670000 - 0x00007ffeb46a9000 	C:\WINDOWS\SYSTEM32\IPHLPAPI.DLL
0x00007ffeb6b30000 - 0x00007ffeb6b38000 	C:\WINDOWS\System32\NSI.dll
0x00007ffeae7c0000 - 0x00007ffeae7d6000 	C:\WINDOWS\SYSTEM32\dhcpcsvc6.DLL
0x00007ffeae770000 - 0x00007ffeae78a000 	C:\WINDOWS\SYSTEM32\dhcpcsvc.DLL
0x00007ffe88650000 - 0x00007ffe88674000 	C:\Program Files\Android\Android Studio\jre\jre\bin\sunec.dll
0x00007ffeb46b0000 - 0x00007ffeb4766000 	C:\WINDOWS\SYSTEM32\DNSAPI.dll
0x00007ffeab870000 - 0x00007ffeab87a000 	C:\Windows\System32\rasadhlp.dll
0x00007ffeabc60000 - 0x00007ffeabcd0000 	C:\WINDOWS\System32\fwpuclnt.dll
0x00007ffea80b0000 - 0x00007ffea80bb000 	C:\Program Files\Android\Android Studio\jre\jre\bin\sunmscapi.dll
0x00007ffeb5100000 - 0x00007ffeb52ce000 	C:\WINDOWS\System32\CRYPT32.dll
0x00007ffeb5070000 - 0x00007ffeb5082000 	C:\WINDOWS\System32\MSASN1.dll
0x00007ffe85930000 - 0x00007ffe85ac5000 	C:\Program Files\Android\Android Studio\jre\jre\bin\awt.dll
0x00007ffeb6cc0000 - 0x00007ffeb6d85000 	C:\WINDOWS\System32\OLEAUT32.dll
0x00007ffeb2430000 - 0x00007ffeb29e8000 	C:\WINDOWS\SYSTEM32\d2d1.dll
0x00007ffeb3100000 - 0x00007ffeb3187000 	C:\WINDOWS\SYSTEM32\apphelp.dll
0x00007ffeb3900000 - 0x00007ffeb392a000 	C:\WINDOWS\system32\DWMAPI.DLL
0x00007ffeb3230000 - 0x00007ffeb32c5000 	C:\WINDOWS\system32\uxtheme.dll
0x00007ffeb4190000 - 0x00007ffeb41c1000 	C:\WINDOWS\SYSTEM32\ntmarta.dll

VM Arguments:
jvm_args: -Xmx1536m -Dfile.encoding=windows-1252 -Duser.country=US -Duser.language=en -Duser.variant 
java_command: org.gradle.launcher.daemon.bootstrap.GradleDaemon 4.1
java_class_path (initial): C:\Users\thienphu\.gradle\wrapper\dists\gradle-4.1-all\bzyivzo6n839fup2jbap0tjew\gradle-4.1\lib\gradle-launcher-4.1.jar
Launcher Type: SUN_STANDARD

Environment Variables:
JAVA_HOME=C:\Program Files\Java\jdk1.8.0_144
PATH=C:\ProgramData\Oracle\Java\javapath;C:\Program Files\Microsoft MPI\Bin\;C:\Program Files\Java\jdk1.8.0_144;C:\WINDOWS\system32;C:\WINDOWS;C:\WINDOWS\System32\Wbem;C:\WINDOWS\System32\WindowsPowerShell\v1.0\;C:\Windows\system32;C:\Program Files (x86)\Microsoft SQL Server\130\Tools\Binn\;C:\Program Files\Microsoft SQL Server\130\Tools\Binn\;C:\Program Files (x86)\Microsoft SQL Server\130\DTS\Binn\;C:\Program Files\Microsoft SQL Server\130\DTS\Binn\;C:\Program Files\Microsoft SQL Server\Client SDK\ODBC\130\Tools\Binn\;C:\Program Files (x86)\Microsoft SQL Server\Client SDK\ODBC\130\Tools\Binn\;C:\Program Files (x86)\Microsoft SQL Server\140\Tools\Binn\;C:\Program Files (x86)\Microsoft SQL Server\140\DTS\Binn\;C:\Program Files (x86)\Microsoft SQL Server\140\Tools\Binn\ManagementStudio\;C:\Program Files\MySQL\MySQL Utilities 1.6\;C:\Program Files\nodejs\;C:\Program Files (x86)\Git\cmd;C:\Program Files (x86)\Skype\Phone\;C:\Program Files (x86)\NVIDIA Corporation\PhysX\Common;C:\Program Files\TortoiseSVN\bin;C:\Users\thienphu\AppData\Local\Microsoft\WindowsApps;C:\Program Files\Java\jdk1.8.0_144\bin;C:\Users\thienphu\AppData\Roaming\npm;;C:\Program Files\Microsoft VS Code\bin
USERNAME=thienphu
OS=Windows_NT
PROCESSOR_IDENTIFIER=Intel64 Family 6 Model 60 Stepping 3, GenuineIntel



---------------  S Y S T E M  ---------------

OS: Windows 10.0 , 64 bit Build 16299 (10.0.16299.15)

CPU:total 4 (initial active 4) (2 cores per cpu, 2 threads per core) family 6 model 60 stepping 3, cmov, cx8, fxsr, mmx, sse, sse2, sse3, ssse3, sse4.1, sse4.2, popcnt, avx, avx2, aes, clmul, erms, lzcnt, ht, tsc, tscinvbit, bmi1, bmi2

Memory: 4k page, physical 8274940k(796600k free), swap 9964540k(5036k free)

vm_info: OpenJDK 64-Bit Server VM (25.152-b01) for windows-amd64 JRE (1.8.0_152-release-915-b01), built by "builder" with MS VC++ 10.0 (VS2010)

time: Fri Nov 10 23:35:07 2017
elapsed time: 7047 seconds (0d 1h 57m 27s)

