#
# There is insufficient memory for the Java Runtime Environment to continue.
# Native memory allocation (malloc) failed to allocate 166448 bytes for Chunk::new
# Possible reasons:
#   The system is out of physical RAM or swap space
#   In 32 bit mode, the process size limit was hit
# Possible solutions:
#   Reduce memory load on the system
#   Increase physical memory or swap space
#   Check if swap backing store is full
#   Use 64 bit Java on a 64 bit OS
#   Decrease Java heap size (-Xmx/-Xms)
#   Decrease number of Java threads
#   Decrease Java thread stack sizes (-Xss)
#   Set larger code cache with -XX:ReservedCodeCacheSize=
# This output file may be truncated or incomplete.
#
#  Out of Memory Error (allocation.cpp:390), pid=10044, tid=0x00000000000020d0
#
# JRE version: OpenJDK Runtime Environment (8.0_152-b01) (build 1.8.0_152-release-915-b01)
# Java VM: OpenJDK 64-Bit Server VM (25.152-b01 mixed mode windows-amd64 compressed oops)
# Failed to write core dump. Minidumps are not enabled by default on client versions of Windows
#

---------------  T H R E A D  ---------------

Current thread (0x000000001895c800):  JavaThread "C2 CompilerThread0" daemon [_thread_in_native, id=8400, stack(0x000000001a0c0000,0x000000001a1c0000)]

Stack: [0x000000001a0c0000,0x000000001a1c0000]
[error occurred during error reporting (printing stack bounds), id 0xc0000005]

Native frames: (J=compiled Java code, j=interpreted, Vv=VM code, C=native code)


Current CompileTask:
C2:1774946 21468       4       com.android.dx.dex.cf.CfTranslator::translate0 (416 bytes)


---------------  P R O C E S S  ---------------

Java Threads: ( => current thread )
  0x000000001bf81800 JavaThread "ForkJoinPool.commonPool-worker-1" daemon [_thread_blocked, id=8488, stack(0x000000002f3c0000,0x000000002f4c0000)]
  0x000000001bf81000 JavaThread "ForkJoinPool.commonPool-worker-0" daemon [_thread_blocked, id=2004, stack(0x000000002f2c0000,0x000000002f3c0000)]
  0x000000001bf80000 JavaThread "ForkJoinPool.commonPool-worker-3" daemon [_thread_blocked, id=11920, stack(0x000000002f1c0000,0x000000002f2c0000)]
  0x000000001bf83000 JavaThread "ForkJoinPool.commonPool-worker-2" daemon [_thread_blocked, id=13976, stack(0x000000002f0c0000,0x000000002f1c0000)]
  0x000000001bf7f800 JavaThread "Worker Daemon Execution Thread 10" [_thread_blocked, id=6776, stack(0x000000002efc0000,0x000000002f0c0000)]
  0x000000001bf7e800 JavaThread "Worker Daemon Execution Thread 9" [_thread_blocked, id=8580, stack(0x000000002eec0000,0x000000002efc0000)]
  0x000000001bf84000 JavaThread "Worker Daemon Execution Thread 8" [_thread_blocked, id=12236, stack(0x000000002edc0000,0x000000002eec0000)]
  0x000000001bf77000 JavaThread "Worker Daemon Execution Thread 7" [_thread_blocked, id=3316, stack(0x000000002ecc0000,0x000000002edc0000)]
  0x000000001bf7e000 JavaThread "Worker Daemon Execution Thread 6" [_thread_blocked, id=14004, stack(0x000000002ebc0000,0x000000002ecc0000)]
  0x000000001bf76800 JavaThread "Worker Daemon Execution Thread 5" [_thread_blocked, id=6316, stack(0x000000002eac0000,0x000000002ebc0000)]
  0x000000001bf7d000 JavaThread "Worker Daemon Execution Thread 4" [_thread_blocked, id=3512, stack(0x000000002e9c0000,0x000000002eac0000)]
  0x000000001bf78800 JavaThread "Worker Daemon Execution Thread 3" [_thread_blocked, id=3536, stack(0x000000002e8c0000,0x000000002e9c0000)]
  0x000000001bf75800 JavaThread "Worker Daemon Execution Thread 2" [_thread_blocked, id=11160, stack(0x000000002e7c0000,0x000000002e8c0000)]
  0x000000001bf7c800 JavaThread "Worker Daemon Execution" [_thread_blocked, id=12748, stack(0x000000002e6c0000,0x000000002e7c0000)]
  0x000000001bf75000 JavaThread "Cache worker for Java compile cache (E:\android\TLCN_CNPM\.gradle\4.1\javaCompile)" [_thread_blocked, id=5044, stack(0x000000002e5c0000,0x000000002e6c0000)]
  0x000000001bf79800 JavaThread "Task worker for ':' Thread 3" [_thread_blocked, id=2880, stack(0x000000002d7c0000,0x000000002d8c0000)]
  0x000000001bf78000 JavaThread "Task worker for ':' Thread 2" [_thread_blocked, id=13792, stack(0x000000002d6c0000,0x000000002d7c0000)]
  0x000000001bf7b800 JavaThread "Task worker for ':'" [_thread_blocked, id=14224, stack(0x000000002d5c0000,0x000000002d6c0000)]
  0x000000001bf7b000 JavaThread "Cache worker for task history cache (E:\android\TLCN_CNPM\.gradle\4.1\taskHistory)" [_thread_blocked, id=13060, stack(0x000000002d4c0000,0x000000002d5c0000)]
  0x000000001bf7a000 JavaThread "Cache worker for file content cache (E:\android\TLCN_CNPM\.gradle\4.1\fileContent)" [_thread_blocked, id=13676, stack(0x000000002d3c0000,0x000000002d4c0000)]
  0x000000001e915000 JavaThread "build operations Thread 4" [_thread_blocked, id=6968, stack(0x000000002d2c0000,0x000000002d3c0000)]
  0x000000001e913800 JavaThread "build operations Thread 3" [_thread_blocked, id=1524, stack(0x000000002d1c0000,0x000000002d2c0000)]
  0x000000001d099000 JavaThread "build operations Thread 2" [_thread_blocked, id=8508, stack(0x000000002d0c0000,0x000000002d1c0000)]
  0x000000001d096000 JavaThread "build operations" [_thread_blocked, id=14056, stack(0x000000002cfc0000,0x000000002d0c0000)]
  0x000000001d095000 JavaThread "Cache worker for Artifact transforms cache (C:\Users\thienphu\.gradle\caches\transforms-1)" [_thread_blocked, id=12820, stack(0x000000002cec0000,0x000000002cfc0000)]
  0x000000001d094800 JavaThread "Cache worker for file hash cache (E:\android\TLCN_CNPM\.gradle\4.1\fileHashes)" [_thread_blocked, id=7352, stack(0x000000002cdc0000,0x000000002cec0000)]
  0x000000001d093800 JavaThread "Asynchronous log dispatcher for DefaultDaemonConnection: socket connection from /127.0.0.1:52447 to /127.0.0.1:53367" [_thread_blocked, id=172, stack(0x000000002cbc0000,0x000000002ccc0000)]
  0x000000001d093000 JavaThread "Cancel handler" [_thread_blocked, id=1456, stack(0x000000002cac0000,0x000000002cbc0000)]
  0x000000001d092000 JavaThread "Handler for socket connection from /127.0.0.1:52447 to /127.0.0.1:53367" [_thread_in_native, id=12584, stack(0x000000002c9c0000,0x000000002cac0000)]
  0x000000001e916800 JavaThread "Daemon worker Thread 3" [_thread_blocked, id=10724, stack(0x000000002b2c0000,0x000000002b3c0000)]
  0x000000001e912000 JavaThread "Daemon Thread 3" [_thread_blocked, id=12292, stack(0x000000002afc0000,0x000000002b0c0000)]
  0x000000001e911000 JavaThread "Memory manager" [_thread_blocked, id=3260, stack(0x0000000023b40000,0x0000000023c40000)]
  0x000000001bc4b800 JavaThread "File lock request listener" [_thread_in_native, id=444, stack(0x000000001e2e0000,0x000000001e3e0000)]
  0x000000001c203000 JavaThread "Cache worker for file hash cache (C:\Users\thienphu\.gradle\caches\4.1\fileHashes)" [_thread_blocked, id=12700, stack(0x000000001e1e0000,0x000000001e2e0000)]
  0x000000001b60b000 JavaThread "Daemon periodic checks" [_thread_blocked, id=14308, stack(0x000000001d8e0000,0x000000001d9e0000)]
  0x000000001b5fd800 JavaThread "Incoming local TCP Connector on port 52447" [_thread_in_native, id=472, stack(0x000000001d6a0000,0x000000001d7a0000)]
  0x00000000189be800 JavaThread "Service Thread" daemon [_thread_blocked, id=9920, stack(0x000000001a7c0000,0x000000001a8c0000)]
  0x0000000018965000 JavaThread "C1 CompilerThread2" daemon [_thread_blocked, id=12520, stack(0x000000001a2c0000,0x000000001a3c0000)]
  0x0000000018961800 JavaThread "C2 CompilerThread1" daemon [_thread_in_native, id=3960, stack(0x000000001a1c0000,0x000000001a2c0000)]
=>0x000000001895c800 JavaThread "C2 CompilerThread0" daemon [_thread_in_native, id=8400, stack(0x000000001a0c0000,0x000000001a1c0000)]
  0x000000001895b000 JavaThread "Attach Listener" daemon [_thread_blocked, id=10288, stack(0x0000000019fc0000,0x000000001a0c0000)]
  0x000000001895a000 JavaThread "Signal Dispatcher" daemon [_thread_blocked, id=13688, stack(0x0000000019ec0000,0x0000000019fc0000)]
  0x0000000018948800 JavaThread "Finalizer" daemon [_thread_blocked, id=12716, stack(0x0000000019bd0000,0x0000000019cd0000)]
  0x0000000004fe1800 JavaThread "Reference Handler" daemon [_thread_blocked, id=6756, stack(0x0000000019ad0000,0x0000000019bd0000)]
  0x0000000004dce800 JavaThread "main" [_thread_blocked, id=4000, stack(0x0000000004df0000,0x0000000004ef0000)]

Other Threads:
  0x0000000018924800 VMThread [stack: 0x00000000199d0000,0x0000000019ad0000] [id=9792]
  0x000000001a3ec800 WatcherThread [stack: 0x000000001a8c0000,0x000000001a9c0000] [id=7524]

VM state:at safepoint (normal execution)

VM Mutex/Monitor currently owned by a thread:  ([mutex/lock_event])
[0x0000000004dcdfa0] Threads_lock - owner thread: 0x0000000018924800
[0x0000000004dcd3a0] Heap_lock - owner thread: 0x000000001bf80000

Heap:
 PSYoungGen      total 440320K, used 400493K [0x00000000e0000000, 0x00000000ff780000, 0x0000000100000000)
  eden space 361984K, 100% used [0x00000000e0000000,0x00000000f6180000,0x00000000f6180000)
  from space 78336K, 49% used [0x00000000fab00000,0x00000000fd09b498,0x00000000ff780000)
  to   space 75264K, 24% used [0x00000000f6180000,0x00000000f7392c60,0x00000000fab00000)
 ParOldGen       total 136704K, used 94196K [0x00000000a0000000, 0x00000000a8580000, 0x00000000e0000000)
  object space 136704K, 68% used [0x00000000a0000000,0x00000000a5bff360,0x00000000a8580000)
 Metaspace       used 84999K, capacity 89780K, committed 89944K, reserved 1128448K
  class space    used 10600K, capacity 11818K, committed 11904K, reserved 1048576K

Card table byte_map: [0x00000000143b0000,0x00000000146c0000] byte_map_base: 0x0000000013eb0000

Marking Bits: (ParMarkBitMap*) 0x000000005e013950
 Begin Bits: [0x0000000014cc0000, 0x00000000164c0000)
 End Bits:   [0x00000000164c0000, 0x0000000017cc0000)

Polling page: 0x0000000003540000

CodeCache: size=245760Kb used=62646Kb max_used=62653Kb free=183113Kb
 bounds [0x0000000004ff0000, 0x0000000008d80000, 0x0000000013ff0000]
 total_blobs=17699 nmethods=16844 adapters=766
 compilation: enabled

Compilation events (10 events):
Event: 1774.763 Thread 0x0000000018965000 21477 %     3       com.android.dx.ssa.back.RegisterAllocator::insertMoveBefore @ 198 (240 bytes)
Event: 1774.766 Thread 0x0000000018965000 nmethod 21477% 0x0000000008d67290 code [0x0000000008d67700, 0x0000000008d6a688]
Event: 1774.767 Thread 0x0000000018961800 nmethod 21471 0x0000000008d6fe10 code [0x0000000008d70200, 0x0000000008d71508]
Event: 1774.767 Thread 0x0000000018961800 21472       4       com.android.dx.dex.file.CodeItem::addContents (174 bytes)
Event: 1774.769 Thread 0x000000001895c800 nmethod 21469 0x0000000008d73010 code [0x0000000008d73260, 0x0000000008d74f18]
Event: 1774.769 Thread 0x000000001895c800 21468       4       com.android.dx.dex.cf.CfTranslator::translate0 (416 bytes)
Event: 1774.771 Thread 0x0000000018965000 21480       2       com.android.dx.ssa.SCCP::simulateStmt (481 bytes)
Event: 1774.773 Thread 0x0000000018965000 nmethod 21480 0x0000000008d6e550 code [0x0000000008d6e7c0, 0x0000000008d6f078]
Event: 1774.790 Thread 0x0000000018965000 21482       3       com.android.dx.util.Hex::u2 (44 bytes)
Event: 1774.791 Thread 0x0000000018965000 nmethod 21482 0x0000000008d39e50 code [0x0000000008d3a000, 0x0000000008d3a678]

GC Heap History (10 events):
Event: 1765.604 GC heap before
{Heap before GC invocations=23 (full 3):
 PSYoungGen      total 304128K, used 304088K [0x00000000e0000000, 0x00000000f7580000, 0x0000000100000000)
  eden space 261632K, 100% used [0x00000000e0000000,0x00000000eff80000,0x00000000eff80000)
  from space 42496K, 99% used [0x00000000f0900000,0x00000000f3276040,0x00000000f3280000)
  to   space 60416K, 0% used [0x00000000f3a80000,0x00000000f3a80000,0x00000000f7580000)
 ParOldGen       total 136704K, used 67535K [0x00000000a0000000, 0x00000000a8580000, 0x00000000e0000000)
  object space 136704K, 49% used [0x00000000a0000000,0x00000000a41f3c48,0x00000000a8580000)
 Metaspace       used 84577K, capacity 89388K, committed 89688K, reserved 1126400K
  class space    used 10598K, capacity 11818K, committed 11904K, reserved 1048576K
Event: 1765.727 GC heap after
Heap after GC invocations=23 (full 3):
 PSYoungGen      total 312832K, used 54004K [0x00000000e0000000, 0x00000000f7980000, 0x0000000100000000)
  eden space 252416K, 0% used [0x00000000e0000000,0x00000000e0000000,0x00000000ef680000)
  from space 60416K, 89% used [0x00000000f3a80000,0x00000000f6f3d368,0x00000000f7580000)
  to   space 67072K, 0% used [0x00000000ef680000,0x00000000ef680000,0x00000000f3800000)
 ParOldGen       total 136704K, used 67551K [0x00000000a0000000, 0x00000000a8580000, 0x00000000e0000000)
  object space 136704K, 49% used [0x00000000a0000000,0x00000000a41f7c48,0x00000000a8580000)
 Metaspace       used 84577K, capacity 89388K, committed 89688K, reserved 1126400K
  class space    used 10598K, capacity 11818K, committed 11904K, reserved 1048576K
}
Event: 1767.810 GC heap before
{Heap before GC invocations=24 (full 3):
 PSYoungGen      total 312832K, used 306420K [0x00000000e0000000, 0x00000000f7980000, 0x0000000100000000)
  eden space 252416K, 100% used [0x00000000e0000000,0x00000000ef680000,0x00000000ef680000)
  from space 60416K, 89% used [0x00000000f3a80000,0x00000000f6f3d368,0x00000000f7580000)
  to   space 67072K, 0% used [0x00000000ef680000,0x00000000ef680000,0x00000000f3800000)
 ParOldGen       total 136704K, used 67551K [0x00000000a0000000, 0x00000000a8580000, 0x00000000e0000000)
  object space 136704K, 49% used [0x00000000a0000000,0x00000000a41f7c48,0x00000000a8580000)
 Metaspace       used 84902K, capacity 89716K, committed 89944K, reserved 1128448K
  class space    used 10599K, capacity 11818K, committed 11904K, reserved 1048576K
Event: 1767.899 GC heap after
Heap after GC invocations=24 (full 3):
 PSYoungGen      total 319488K, used 53739K [0x00000000e0000000, 0x00000000fae80000, 0x0000000100000000)
  eden space 252416K, 0% used [0x00000000e0000000,0x00000000e0000000,0x00000000ef680000)
  from space 67072K, 80% used [0x00000000ef680000,0x00000000f2afac48,0x00000000f3800000)
  to   space 72704K, 0% used [0x00000000f6780000,0x00000000f6780000,0x00000000fae80000)
 ParOldGen       total 136704K, used 67559K [0x00000000a0000000, 0x00000000a8580000, 0x00000000e0000000)
  object space 136704K, 49% used [0x00000000a0000000,0x00000000a41f9c48,0x00000000a8580000)
 Metaspace       used 84902K, capacity 89716K, committed 89944K, reserved 1128448K
  class space    used 10599K, capacity 11818K, committed 11904K, reserved 1048576K
}
Event: 1769.621 GC heap before
{Heap before GC invocations=25 (full 3):
 PSYoungGen      total 319488K, used 306155K [0x00000000e0000000, 0x00000000fae80000, 0x0000000100000000)
  eden space 252416K, 100% used [0x00000000e0000000,0x00000000ef680000,0x00000000ef680000)
  from space 67072K, 80% used [0x00000000ef680000,0x00000000f2afac48,0x00000000f3800000)
  to   space 72704K, 0% used [0x00000000f6780000,0x00000000f6780000,0x00000000fae80000)
 ParOldGen       total 136704K, used 67559K [0x00000000a0000000, 0x00000000a8580000, 0x00000000e0000000)
  object space 136704K, 49% used [0x00000000a0000000,0x00000000a41f9c48,0x00000000a8580000)
 Metaspace       used 84941K, capacity 89716K, committed 89944K, reserved 1128448K
  class space    used 10599K, capacity 11818K, committed 11904K, reserved 1048576K
Event: 1769.716 GC heap after
Heap after GC invocations=25 (full 3):
 PSYoungGen      total 363520K, used 55299K [0x00000000e0000000, 0x00000000fc280000, 0x0000000100000000)
  eden space 290816K, 0% used [0x00000000e0000000,0x00000000e0000000,0x00000000f1c00000)
  from space 72704K, 76% used [0x00000000f6780000,0x00000000f9d80f88,0x00000000fae80000)
  to   space 77312K, 0% used [0x00000000f1c00000,0x00000000f1c00000,0x00000000f6780000)
 ParOldGen       total 136704K, used 67567K [0x00000000a0000000, 0x00000000a8580000, 0x00000000e0000000)
  object space 136704K, 49% used [0x00000000a0000000,0x00000000a41fbc48,0x00000000a8580000)
 Metaspace       used 84941K, capacity 89716K, committed 89944K, reserved 1128448K
  class space    used 10599K, capacity 11818K, committed 11904K, reserved 1048576K
}
Event: 1771.347 GC heap before
{Heap before GC invocations=26 (full 3):
 PSYoungGen      total 363520K, used 346115K [0x00000000e0000000, 0x00000000fc280000, 0x0000000100000000)
  eden space 290816K, 100% used [0x00000000e0000000,0x00000000f1c00000,0x00000000f1c00000)
  from space 72704K, 76% used [0x00000000f6780000,0x00000000f9d80f88,0x00000000fae80000)
  to   space 77312K, 0% used [0x00000000f1c00000,0x00000000f1c00000,0x00000000f6780000)
 ParOldGen       total 136704K, used 67567K [0x00000000a0000000, 0x00000000a8580000, 0x00000000e0000000)
  object space 136704K, 49% used [0x00000000a0000000,0x00000000a41fbc48,0x00000000a8580000)
 Metaspace       used 84964K, capacity 89780K, committed 89944K, reserved 1128448K
  class space    used 10599K, capacity 11818K, committed 11904K, reserved 1048576K
Event: 1771.425 GC heap after
Heap after GC invocations=26 (full 3):
 PSYoungGen      total 368128K, used 48473K [0x00000000e0000000, 0x00000000ff780000, 0x0000000100000000)
  eden space 290816K, 0% used [0x00000000e0000000,0x00000000e0000000,0x00000000f1c00000)
  from space 77312K, 62% used [0x00000000f1c00000,0x00000000f4b565e0,0x00000000f6780000)
  to   space 78336K, 0% used [0x00000000fab00000,0x00000000fab00000,0x00000000ff780000)
 ParOldGen       total 136704K, used 80736K [0x00000000a0000000, 0x00000000a8580000, 0x00000000e0000000)
  object space 136704K, 59% used [0x00000000a0000000,0x00000000a4ed8168,0x00000000a8580000)
 Metaspace       used 84964K, capacity 89780K, committed 89944K, reserved 1128448K
  class space    used 10599K, capacity 11818K, committed 11904K, reserved 1048576K
}
Event: 1772.971 GC heap before
{Heap before GC invocations=27 (full 3):
 PSYoungGen      total 368128K, used 339289K [0x00000000e0000000, 0x00000000ff780000, 0x0000000100000000)
  eden space 290816K, 100% used [0x00000000e0000000,0x00000000f1c00000,0x00000000f1c00000)
  from space 77312K, 62% used [0x00000000f1c00000,0x00000000f4b565e0,0x00000000f6780000)
  to   space 78336K, 0% used [0x00000000fab00000,0x00000000fab00000,0x00000000ff780000)
 ParOldGen       total 136704K, used 80736K [0x00000000a0000000, 0x00000000a8580000, 0x00000000e0000000)
  object space 136704K, 59% used [0x00000000a0000000,0x00000000a4ed8168,0x00000000a8580000)
 Metaspace       used 84982K, capacity 89780K, committed 89944K, reserved 1128448K
  class space    used 10600K, capacity 11818K, committed 11904K, reserved 1048576K
Event: 1773.069 GC heap after
Heap after GC invocations=27 (full 3):
 PSYoungGen      total 440320K, used 38509K [0x00000000e0000000, 0x00000000ff780000, 0x0000000100000000)
  eden space 361984K, 0% used [0x00000000e0000000,0x00000000e0000000,0x00000000f6180000)
  from space 78336K, 49% used [0x00000000fab00000,0x00000000fd09b498,0x00000000ff780000)
  to   space 75264K, 0% used [0x00000000f6180000,0x00000000f6180000,0x00000000fab00000)
 ParOldGen       total 136704K, used 89980K [0x00000000a0000000, 0x00000000a8580000, 0x00000000e0000000)
  object space 136704K, 65% used [0x00000000a0000000,0x00000000a57df388,0x00000000a8580000)
 Metaspace       used 84982K, capacity 89780K, committed 89944K, reserved 1128448K
  class space    used 10600K, capacity 11818K, committed 11904K, reserved 1048576K
}

Deoptimization events (10 events):
Event: 1773.464 Thread 0x000000001bf81800 Uncommon trap: reason=bimorphic action=maybe_recompile pc=0x0000000008b3525c method=com.android.dx.cf.code.BytecodeArray.parseInstruction(ILcom/android/dx/cf/code/BytecodeArray$Visitor;)I @ 1747
Event: 1773.502 Thread 0x000000001bf83000 Uncommon trap: reason=unstable_if action=reinterpret pc=0x0000000008057240 method=com.android.dx.rop.code.DexTranslationAdvice.hasConstantOperation(Lcom/android/dx/rop/code/Rop;Lcom/android/dx/rop/code/RegisterSpec;Lcom/android/dx/rop/code/RegisterSpec;)Z
Event: 1774.053 Thread 0x000000001bf83000 Uncommon trap: reason=bimorphic action=maybe_recompile pc=0x0000000006587d18 method=com.android.dx.ssa.NormalSsaInsn.accept(Lcom/android/dx/ssa/SsaInsn$Visitor;)V @ 9
Event: 1774.053 Thread 0x000000001bf83000 Uncommon trap: reason=bimorphic action=maybe_recompile pc=0x0000000006587d18 method=com.android.dx.ssa.NormalSsaInsn.accept(Lcom/android/dx/ssa/SsaInsn$Visitor;)V @ 9
Event: 1774.053 Thread 0x000000001bf83000 Uncommon trap: reason=bimorphic action=maybe_recompile pc=0x0000000006587d18 method=com.android.dx.ssa.NormalSsaInsn.accept(Lcom/android/dx/ssa/SsaInsn$Visitor;)V @ 9
Event: 1774.053 Thread 0x000000001bf83000 Uncommon trap: reason=bimorphic action=maybe_recompile pc=0x0000000006587d18 method=com.android.dx.ssa.NormalSsaInsn.accept(Lcom/android/dx/ssa/SsaInsn$Visitor;)V @ 9
Event: 1774.057 Thread 0x000000001bf83000 Uncommon trap: reason=unstable_if action=reinterpret pc=0x0000000008b88074 method=com.android.dx.ssa.PhiTypeResolver.equalsHandlesNulls(Lcom/android/dx/rop/code/LocalItem;Lcom/android/dx/rop/code/LocalItem;)Z @ 2
Event: 1774.154 Thread 0x000000001bf80000 Uncommon trap: reason=unstable_if action=reinterpret pc=0x00000000068a9d40 method=java.nio.DirectByteBuffer.put([BII)Ljava/nio/ByteBuffer; @ 8
Event: 1774.568 Thread 0x000000001bf81000 Uncommon trap: reason=unstable_if action=reinterpret pc=0x0000000007dba24c method=java.util.TimSort.countRunAndMakeAscending([Ljava/lang/Object;IILjava/util/Comparator;)I @ 27
Event: 1774.771 Thread 0x000000001bf83000 Uncommon trap: reason=unstable_if action=reinterpret pc=0x0000000008c79348 method=com.android.dx.ssa.SCCP.simulateStmt(Lcom/android/dx/ssa/SsaInsn;)V @ 59

Classes redefined (0 events):
No events

Internal exceptions (10 events):
Event: 1773.165 Thread 0x000000001bf81800 Exception <a 'sun/nio/fs/WindowsException'> (0x00000000e0e83540) thrown at [D:\src\AOSP-openjdk-cygwin\jdk8u\hotspot\src\share\vm\prims\jni.cpp, line 709]
Event: 1773.166 Thread 0x000000001bf81000 Exception <a 'sun/nio/fs/WindowsException'> (0x00000000e00b2b68) thrown at [D:\src\AOSP-openjdk-cygwin\jdk8u\hotspot\src\share\vm\prims\jni.cpp, line 709]
Event: 1773.198 Thread 0x000000001bf83000 Exception <a 'sun/nio/fs/WindowsException'> (0x00000000e1846330) thrown at [D:\src\AOSP-openjdk-cygwin\jdk8u\hotspot\src\share\vm\prims\jni.cpp, line 709]
Event: 1773.207 Thread 0x000000001bf81000 Exception <a 'sun/nio/fs/WindowsException'> (0x00000000e1cbb558) thrown at [D:\src\AOSP-openjdk-cygwin\jdk8u\hotspot\src\share\vm\prims\jni.cpp, line 709]
Event: 1773.285 Thread 0x000000001bf80000 Exception <a 'sun/nio/fs/WindowsException'> (0x00000000e257b0a8) thrown at [D:\src\AOSP-openjdk-cygwin\jdk8u\hotspot\src\share\vm\prims\jni.cpp, line 709]
Event: 1773.926 Thread 0x000000001bf81000 Exception <a 'sun/nio/fs/WindowsException'> (0x00000000eafd8430) thrown at [D:\src\AOSP-openjdk-cygwin\jdk8u\hotspot\src\share\vm\prims\jni.cpp, line 709]
Event: 1773.930 Thread 0x000000001bf81800 Exception <a 'sun/nio/fs/WindowsException'> (0x00000000e9cfd7a8) thrown at [D:\src\AOSP-openjdk-cygwin\jdk8u\hotspot\src\share\vm\prims\jni.cpp, line 709]
Event: 1774.024 Thread 0x000000001bf81800 Exception <a 'sun/nio/fs/WindowsException'> (0x00000000ec9eeea0) thrown at [D:\src\AOSP-openjdk-cygwin\jdk8u\hotspot\src\share\vm\prims\jni.cpp, line 709]
Event: 1774.025 Thread 0x000000001bf83000 Exception <a 'sun/nio/fs/WindowsException'> (0x00000000eb6af6e0) thrown at [D:\src\AOSP-openjdk-cygwin\jdk8u\hotspot\src\share\vm\prims\jni.cpp, line 709]
Event: 1774.552 Thread 0x000000001bf80000 Exception <a 'sun/nio/fs/WindowsException'> (0x00000000f04ab690) thrown at [D:\src\AOSP-openjdk-cygwin\jdk8u\hotspot\src\share\vm\prims\jni.cpp, line 709]

Events (10 events):
Event: 1774.696 Thread 0x000000001bf80000 DEOPT UNPACKING pc=0x00000000050375bf sp=0x000000002f2be2f0 mode 0
Event: 1774.744 Thread 0x000000001bf81800 DEOPT PACKING pc=0x000000000835c4a0 sp=0x000000002f4bebc0
Event: 1774.744 Thread 0x000000001bf81800 DEOPT UNPACKING pc=0x00000000050375bf sp=0x000000002f4bea68 mode 0
Event: 1774.771 Thread 0x000000001bf83000 Uncommon trap: trap_request=0xffffff65 fr.pc=0x0000000008c79348
Event: 1774.771 Thread 0x000000001bf83000 DEOPT PACKING pc=0x0000000008c79348 sp=0x000000002f1be970
Event: 1774.771 Thread 0x000000001bf83000 DEOPT UNPACKING pc=0x000000000503556a sp=0x000000002f1be8f8 mode 2
Event: 1774.788 Thread 0x000000001bf81000 DEOPT PACKING pc=0x000000000897d3e8 sp=0x000000002f3bef00
Event: 1774.788 Thread 0x000000001bf81000 DEOPT UNPACKING pc=0x00000000050375bf sp=0x000000002f3bec70 mode 0
Event: 1774.830 Thread 0x000000001bf83000 DEOPT PACKING pc=0x0000000008949f4c sp=0x000000002f1bee20
Event: 1774.830 Thread 0x000000001bf83000 DEOPT UNPACKING pc=0x00000000050375bf sp=0x000000002f1bec08 mode 0


Dynamic libraries:
0x00007ff6ed4d0000 - 0x00007ff6ed501000 	C:\Program Files\Android\Android Studio\jre\bin\java.exe
0x00007ff8bce30000 - 0x00007ff8bd010000 	C:\WINDOWS\SYSTEM32\ntdll.dll
0x00007ff8bc580000 - 0x00007ff8bc62e000 	C:\WINDOWS\System32\KERNEL32.DLL
0x00007ff8b95f0000 - 0x00007ff8b9856000 	C:\WINDOWS\System32\KERNELBASE.dll
0x00007ff8bcd50000 - 0x00007ff8bcdf1000 	C:\WINDOWS\System32\ADVAPI32.dll
0x00007ff8ba300000 - 0x00007ff8ba39d000 	C:\WINDOWS\System32\msvcrt.dll
0x00007ff8bc630000 - 0x00007ff8bc68b000 	C:\WINDOWS\System32\sechost.dll
0x00007ff8bc300000 - 0x00007ff8bc41f000 	C:\WINDOWS\System32\RPCRT4.dll
0x00007ff8bbb10000 - 0x00007ff8bbc9e000 	C:\WINDOWS\System32\USER32.dll
0x00007ff8b9400000 - 0x00007ff8b9420000 	C:\WINDOWS\System32\win32u.dll
0x00007ff8bb9c0000 - 0x00007ff8bb9e8000 	C:\WINDOWS\System32\GDI32.dll
0x00007ff8b9860000 - 0x00007ff8b99f4000 	C:\WINDOWS\System32\gdi32full.dll
0x00007ff8b9550000 - 0x00007ff8b95eb000 	C:\WINDOWS\System32\msvcp_win.dll
0x00007ff8b9ab0000 - 0x00007ff8b9ba6000 	C:\WINDOWS\System32\ucrtbase.dll
0x00007ff8ac7c0000 - 0x00007ff8aca29000 	C:\WINDOWS\WinSxS\amd64_microsoft.windows.common-controls_6595b64144ccf1df_6.0.16299.19_none_cc92fab02215da61\COMCTL32.dll
0x00007ff8bca40000 - 0x00007ff8bcd48000 	C:\WINDOWS\System32\combase.dll
0x00007ff8b94d0000 - 0x00007ff8b9542000 	C:\WINDOWS\System32\bcryptPrimitives.dll
0x00007ff8bbd10000 - 0x00007ff8bbd3d000 	C:\WINDOWS\System32\IMM32.DLL
0x000000005e1a0000 - 0x000000005e272000 	C:\Program Files\Android\Android Studio\jre\jre\bin\msvcr100.dll
0x000000005d850000 - 0x000000005e08e000 	C:\Program Files\Android\Android Studio\jre\jre\bin\server\jvm.dll
0x00007ff8bc6a0000 - 0x00007ff8bc6a8000 	C:\WINDOWS\System32\PSAPI.DLL
0x00007ff8b5560000 - 0x00007ff8b5583000 	C:\WINDOWS\SYSTEM32\WINMM.dll
0x00007ff8b5ea0000 - 0x00007ff8b5ea9000 	C:\WINDOWS\SYSTEM32\WSOCK32.dll
0x00007ff8b07c0000 - 0x00007ff8b07ca000 	C:\WINDOWS\SYSTEM32\VERSION.dll
0x00007ff8bbca0000 - 0x00007ff8bbd0c000 	C:\WINDOWS\System32\WS2_32.dll
0x00007ff8b5450000 - 0x00007ff8b547a000 	C:\WINDOWS\SYSTEM32\WINMMBASE.dll
0x00007ff8b9420000 - 0x00007ff8b946a000 	C:\WINDOWS\System32\cfgmgr32.dll
0x00007ff8b5e70000 - 0x00007ff8b5e7f000 	C:\Program Files\Android\Android Studio\jre\jre\bin\verify.dll
0x00007ff8b48a0000 - 0x00007ff8b48c9000 	C:\Program Files\Android\Android Studio\jre\jre\bin\java.dll
0x00007ff8b5e50000 - 0x00007ff8b5e66000 	C:\Program Files\Android\Android Studio\jre\jre\bin\zip.dll
0x00007ff8ba520000 - 0x00007ff8bb957000 	C:\WINDOWS\System32\SHELL32.dll
0x00007ff8ba470000 - 0x00007ff8ba516000 	C:\WINDOWS\System32\shcore.dll
0x00007ff8b9bb0000 - 0x00007ff8ba2f7000 	C:\WINDOWS\System32\windows.storage.dll
0x00007ff8bb960000 - 0x00007ff8bb9b1000 	C:\WINDOWS\System32\shlwapi.dll
0x00007ff8b9210000 - 0x00007ff8b9221000 	C:\WINDOWS\System32\kernel.appcore.dll
0x00007ff8b91a0000 - 0x00007ff8b91ec000 	C:\WINDOWS\System32\powrprof.dll
0x00007ff8b9180000 - 0x00007ff8b919b000 	C:\WINDOWS\System32\profapi.dll
0x00007ff8b36d0000 - 0x00007ff8b36ea000 	C:\Program Files\Android\Android Studio\jre\jre\bin\net.dll
0x00007ff8b8a10000 - 0x00007ff8b8a76000 	C:\WINDOWS\system32\mswsock.dll
0x00007ff8b3590000 - 0x00007ff8b35a1000 	C:\Program Files\Android\Android Studio\jre\jre\bin\nio.dll
0x00007ff8b33b0000 - 0x00007ff8b33ce000 	C:\Users\thienphu\.gradle\native\25\windows-amd64\native-platform.dll
0x00007ff8b4e50000 - 0x00007ff8b4e5d000 	C:\Program Files\Android\Android Studio\jre\jre\bin\management.dll
0x00007ff8b8bd0000 - 0x00007ff8b8be7000 	C:\WINDOWS\SYSTEM32\CRYPTSP.dll
0x00007ff8b8620000 - 0x00007ff8b8653000 	C:\WINDOWS\system32\rsaenh.dll
0x00007ff8b8ce0000 - 0x00007ff8b8d05000 	C:\WINDOWS\SYSTEM32\bcrypt.dll
0x00007ff8b9080000 - 0x00007ff8b90a9000 	C:\WINDOWS\SYSTEM32\USERENV.dll
0x00007ff8b8bf0000 - 0x00007ff8b8bfb000 	C:\WINDOWS\SYSTEM32\CRYPTBASE.dll
0x00007ff8b87a0000 - 0x00007ff8b87d9000 	C:\WINDOWS\SYSTEM32\IPHLPAPI.DLL
0x00007ff8bc570000 - 0x00007ff8bc578000 	C:\WINDOWS\System32\NSI.dll
0x00007ff8b18c0000 - 0x00007ff8b18d6000 	C:\WINDOWS\SYSTEM32\dhcpcsvc6.DLL
0x00007ff8b18f0000 - 0x00007ff8b190a000 	C:\WINDOWS\SYSTEM32\dhcpcsvc.DLL
0x00007ff8aef00000 - 0x00007ff8aef24000 	C:\Program Files\Android\Android Studio\jre\jre\bin\sunec.dll
0x00007ff8b87e0000 - 0x00007ff8b8896000 	C:\WINDOWS\SYSTEM32\DNSAPI.dll
0x00007ff8ab800000 - 0x00007ff8ab80a000 	C:\Windows\System32\rasadhlp.dll
0x00007ff8af330000 - 0x00007ff8af3a0000 	C:\WINDOWS\System32\fwpuclnt.dll
0x00007ff8b2d40000 - 0x00007ff8b2d4b000 	C:\Program Files\Android\Android Studio\jre\jre\bin\sunmscapi.dll
0x00007ff8b9230000 - 0x00007ff8b93fe000 	C:\WINDOWS\System32\CRYPT32.dll
0x00007ff8b91f0000 - 0x00007ff8b9202000 	C:\WINDOWS\System32\MSASN1.dll
0x00007ff8b7240000 - 0x00007ff8b72c7000 	C:\WINDOWS\system32\apphelp.dll
0x00007ff8b82c0000 - 0x00007ff8b82f1000 	C:\WINDOWS\SYSTEM32\ntmarta.dll

VM Arguments:
jvm_args: -Xmx1536m -Dfile.encoding=windows-1252 -Duser.country=US -Duser.language=en -Duser.variant 
java_command: org.gradle.launcher.daemon.bootstrap.GradleDaemon 4.1
java_class_path (initial): C:\Users\thienphu\.gradle\wrapper\dists\gradle-4.1-all\bzyivzo6n839fup2jbap0tjew\gradle-4.1\lib\gradle-launcher-4.1.jar
Launcher Type: SUN_STANDARD

Environment Variables:
JAVA_HOME=C:\Program Files\Java\jdk1.8.0_144
PATH=C:\Program Files\Microsoft MPI\Bin\;C:\Program Files\Java\jdk1.8.0_144;C:\WINDOWS\system32;C:\WINDOWS;C:\WINDOWS\System32\Wbem;C:\WINDOWS\System32\WindowsPowerShell\v1.0\;C:\Windows\system32;C:\Program Files (x86)\Microsoft SQL Server\130\Tools\Binn\;C:\Program Files\Microsoft SQL Server\130\Tools\Binn\;C:\Program Files (x86)\Microsoft SQL Server\130\DTS\Binn\;C:\Program Files\Microsoft SQL Server\130\DTS\Binn\;C:\Program Files\Microsoft SQL Server\Client SDK\ODBC\130\Tools\Binn\;C:\Program Files (x86)\Microsoft SQL Server\Client SDK\ODBC\130\Tools\Binn\;C:\Program Files (x86)\Microsoft SQL Server\140\Tools\Binn\;C:\Program Files (x86)\Microsoft SQL Server\140\DTS\Binn\;C:\Program Files (x86)\Microsoft SQL Server\140\Tools\Binn\ManagementStudio\;C:\Program Files\MySQL\MySQL Utilities 1.6\;C:\Program Files\nodejs\;C:\Program Files (x86)\Git\cmd;C:\Users\thienphu\AppData\Local\Microsoft\WindowsApps;C:\Program Files\Java\jdk1.8.0_144\bin;C:\Users\thienphu\AppData\Roaming\npm;;C:\Program Files\Microsoft VS Code\bin
USERNAME=thienphu
OS=Windows_NT
PROCESSOR_IDENTIFIER=Intel64 Family 6 Model 60 Stepping 3, GenuineIntel



---------------  S Y S T E M  ---------------

OS: Windows 10.0 , 64 bit Build 16299 (10.0.16299.15)

CPU:total 4 (initial active 4) (2 cores per cpu, 2 threads per core) family 6 model 60 stepping 3, cmov, cx8, fxsr, mmx, sse, sse2, sse3, ssse3, sse4.1, sse4.2, popcnt, avx, avx2, aes, clmul, erms, lzcnt, ht, tsc, tscinvbit, bmi1, bmi2

Memory: 4k page, physical 6177788k(444816k free), swap 7867388k(1288k free)

vm_info: OpenJDK 64-Bit Server VM (25.152-b01) for windows-amd64 JRE (1.8.0_152-release-915-b01), built by "builder" with MS VC++ 10.0 (VS2010)

time: Thu Oct 26 23:52:56 2017
elapsed time: 1774 seconds (0d 0h 29m 34s)

