#
# There is insufficient memory for the Java Runtime Environment to continue.
# Native memory allocation (malloc) failed to allocate 864976 bytes for Chunk::new
# Possible reasons:
#   The system is out of physical RAM or swap space
#   In 32 bit mode, the process size limit was hit
# Possible solutions:
#   Reduce memory load on the system
#   Increase physical memory or swap space
#   Check if swap backing store is full
#   Use 64 bit Java on a 64 bit OS
#   Decrease Java heap size (-Xmx/-Xms)
#   Decrease number of Java threads
#   Decrease Java thread stack sizes (-Xss)
#   Set larger code cache with -XX:ReservedCodeCacheSize=
# This output file may be truncated or incomplete.
#
#  Out of Memory Error (allocation.cpp:390), pid=12148, tid=0x0000000000001be0
#
# JRE version: OpenJDK Runtime Environment (8.0_152-b01) (build 1.8.0_152-release-915-b01)
# Java VM: OpenJDK 64-Bit Server VM (25.152-b01 mixed mode windows-amd64 compressed oops)
# Failed to write core dump. Minidumps are not enabled by default on client versions of Windows
#

---------------  T H R E A D  ---------------

Current thread (0x000000001815f000):  JavaThread "C2 CompilerThread0" daemon [_thread_in_native, id=7136, stack(0x00000000198d0000,0x00000000199d0000)]

Stack: [0x00000000198d0000,0x00000000199d0000]
[error occurred during error reporting (printing stack bounds), id 0xc0000005]

Native frames: (J=compiled Java code, j=interpreted, Vv=VM code, C=native code)


Current CompileTask:
C2:  67249 18186   !   4       com.android.dx.cf.code.BytecodeArray::parseInstruction (2796 bytes)


---------------  P R O C E S S  ---------------

Java Threads: ( => current thread )
  0x0000000021261800 JavaThread "ForkJoinPool.commonPool-worker-0" daemon [_thread_in_Java, id=1916, stack(0x000000002a470000,0x000000002a570000)]
  0x0000000021260800 JavaThread "ForkJoinPool.commonPool-worker-3" daemon [_thread_in_Java, id=3948, stack(0x000000002a370000,0x000000002a470000)]
  0x0000000021260000 JavaThread "ForkJoinPool.commonPool-worker-2" daemon [_thread_in_Java, id=10148, stack(0x000000002a270000,0x000000002a370000)]
  0x000000002125e800 JavaThread "ForkJoinPool.commonPool-worker-1" daemon [_thread_in_Java, id=5508, stack(0x000000002a070000,0x000000002a170000)]
  0x000000002111c800 JavaThread "Cache worker for Java compile cache (E:\android\TLCN_CNPM\.gradle\4.1\javaCompile)" [_thread_blocked, id=8660, stack(0x0000000029f70000,0x000000002a070000)]
  0x000000002111c000 JavaThread "Task worker for ':' Thread 3" [_thread_blocked, id=3288, stack(0x0000000029870000,0x0000000029970000)]
  0x0000000021114800 JavaThread "Task worker for ':' Thread 2" [_thread_blocked, id=6016, stack(0x0000000029770000,0x0000000029870000)]
  0x000000002111b000 JavaThread "Task worker for ':'" [_thread_blocked, id=6692, stack(0x0000000029670000,0x0000000029770000)]
  0x000000002111a800 JavaThread "Cache worker for task history cache (E:\android\TLCN_CNPM\.gradle\4.1\taskHistory)" [_thread_blocked, id=10648, stack(0x0000000029570000,0x0000000029670000)]
  0x0000000021113000 JavaThread "Cache worker for file content cache (E:\android\TLCN_CNPM\.gradle\4.1\fileContent)" [_thread_blocked, id=804, stack(0x0000000029470000,0x0000000029570000)]
  0x0000000021119000 JavaThread "build operations Thread 4" [_thread_blocked, id=856, stack(0x0000000029370000,0x0000000029470000)]
  0x0000000021111800 JavaThread "build operations Thread 3" [_thread_blocked, id=12984, stack(0x0000000029270000,0x0000000029370000)]
  0x0000000021118000 JavaThread "build operations Thread 2" [_thread_blocked, id=648, stack(0x0000000029170000,0x0000000029270000)]
  0x0000000021117800 JavaThread "build operations" [_thread_blocked, id=4588, stack(0x0000000029070000,0x0000000029170000)]
  0x0000000021112000 JavaThread "Cache worker for Artifact transforms cache (C:\Users\thienphu\.gradle\caches\transforms-1)" [_thread_blocked, id=10200, stack(0x0000000028f70000,0x0000000029070000)]
  0x0000000021116000 JavaThread "Cache worker for file hash cache (E:\android\TLCN_CNPM\.gradle\4.1\fileHashes)" [_thread_blocked, id=4344, stack(0x0000000028e70000,0x0000000028f70000)]
  0x0000000021115000 JavaThread "Stdin handler" [_thread_blocked, id=12020, stack(0x0000000028d70000,0x0000000028e70000)]
  0x0000000021113800 JavaThread "Asynchronous log dispatcher for DefaultDaemonConnection: socket connection from /127.0.0.1:60258 to /127.0.0.1:60286" [_thread_blocked, id=1272, stack(0x0000000028c70000,0x0000000028d70000)]
  0x000000001c4ff000 JavaThread "Cancel handler" [_thread_blocked, id=8840, stack(0x0000000028b70000,0x0000000028c70000)]
  0x000000001c4fe000 JavaThread "Handler for socket connection from /127.0.0.1:60258 to /127.0.0.1:60286" [_thread_in_native, id=7440, stack(0x0000000028a70000,0x0000000028b70000)]
  0x000000001c4fc000 JavaThread "Memory manager" [_thread_blocked, id=7736, stack(0x0000000022b00000,0x0000000022c00000)]
  0x000000001c4fa800 JavaThread "pool-1-thread-1" [_thread_blocked, id=2108, stack(0x00000000227a0000,0x00000000228a0000)]
  0x000000001b4f2800 JavaThread "File lock request listener" [_thread_in_native, id=4604, stack(0x000000001daf0000,0x000000001dbf0000)]
  0x000000001b79a000 JavaThread "Cache worker for file hash cache (C:\Users\thienphu\.gradle\caches\4.1\fileHashes)" [_thread_blocked, id=8388, stack(0x000000001d9f0000,0x000000001daf0000)]
  0x000000001af66800 JavaThread "Daemon worker" [_thread_blocked, id=11184, stack(0x000000001d6f0000,0x000000001d7f0000)]
  0x000000001b42a800 JavaThread "Daemon" [_thread_blocked, id=6224, stack(0x000000001d1f0000,0x000000001d2f0000)]
  0x000000001b618000 JavaThread "Daemon periodic checks" [_thread_blocked, id=1988, stack(0x000000001d0f0000,0x000000001d1f0000)]
  0x000000001b0d2800 JavaThread "Incoming local TCP Connector on port 60258" [_thread_in_native, id=12880, stack(0x000000001ceb0000,0x000000001cfb0000)]
  0x0000000019bf8800 JavaThread "Service Thread" daemon [_thread_blocked, id=9308, stack(0x0000000019fd0000,0x000000001a0d0000)]
  0x0000000018168000 JavaThread "C1 CompilerThread2" daemon [_thread_blocked, id=13896, stack(0x0000000019ad0000,0x0000000019bd0000)]
  0x0000000018163000 JavaThread "C2 CompilerThread1" daemon [_thread_in_native, id=10544, stack(0x00000000199d0000,0x0000000019ad0000)]
=>0x000000001815f000 JavaThread "C2 CompilerThread0" daemon [_thread_in_native, id=7136, stack(0x00000000198d0000,0x00000000199d0000)]
  0x000000001815d800 JavaThread "Attach Listener" daemon [_thread_blocked, id=8464, stack(0x00000000197d0000,0x00000000198d0000)]
  0x000000001815c000 JavaThread "Signal Dispatcher" daemon [_thread_blocked, id=13432, stack(0x00000000196d0000,0x00000000197d0000)]
  0x0000000018148800 JavaThread "Finalizer" daemon [_thread_blocked, id=2524, stack(0x00000000193e0000,0x00000000194e0000)]
  0x00000000047e1800 JavaThread "Reference Handler" daemon [_thread_blocked, id=10948, stack(0x00000000192e0000,0x00000000193e0000)]
  0x0000000002d9e800 JavaThread "main" [_thread_blocked, id=3736, stack(0x00000000045f0000,0x00000000046f0000)]

Other Threads:
  0x0000000018125000 VMThread [stack: 0x00000000191e0000,0x00000000192e0000] [id=7320]
  0x0000000019bfc000 WatcherThread [stack: 0x000000001a0d0000,0x000000001a1d0000] [id=14252]

VM state:not at safepoint (normal execution)

VM Mutex/Monitor currently owned by a thread: None

Heap:
 PSYoungGen      total 369664K, used 349946K [0x00000000e0000000, 0x00000000fa780000, 0x0000000100000000)
  eden space 327168K, 95% used [0x00000000e0000000,0x00000000f30a3278,0x00000000f3f80000)
  from space 42496K, 89% used [0x00000000f6d80000,0x00000000f929b908,0x00000000f9700000)
  to   space 47104K, 0% used [0x00000000f3f80000,0x00000000f3f80000,0x00000000f6d80000)
 ParOldGen       total 169472K, used 51213K [0x00000000a0000000, 0x00000000aa580000, 0x00000000e0000000)
  object space 169472K, 30% used [0x00000000a0000000,0x00000000a3203788,0x00000000aa580000)
 Metaspace       used 77665K, capacity 81550K, committed 81792K, reserved 1120256K
  class space    used 9920K, capacity 10863K, committed 10880K, reserved 1048576K

Card table byte_map: [0x0000000013bb0000,0x0000000013ec0000] byte_map_base: 0x00000000136b0000

Marking Bits: (ParMarkBitMap*) 0x0000000068f53950
 Begin Bits: [0x00000000144c0000, 0x0000000015cc0000)
 End Bits:   [0x0000000015cc0000, 0x00000000174c0000)

Polling page: 0x00000000027e0000

CodeCache: size=245760Kb used=50628Kb max_used=50711Kb free=195131Kb
 bounds [0x00000000047f0000, 0x00000000079e0000, 0x00000000137f0000]
 total_blobs=15213 nmethods=14387 adapters=738
 compilation: enabled

Compilation events (10 events):
Event: 67.228 Thread 0x0000000018168000 18213       1       com.android.dx.dex.code.form.Form31i::codeSize (2 bytes)
Event: 67.228 Thread 0x0000000018168000 nmethod 18213 0x0000000005e0f5d0 code [0x0000000005e0f720, 0x0000000005e0f830]
Event: 67.229 Thread 0x0000000018168000 18214       2       com.android.dx.cf.direct.AnnotationParser::parseValue (805 bytes)
Event: 67.234 Thread 0x0000000018168000 nmethod 18214 0x00000000079c7550 code [0x00000000079c7e80, 0x00000000079cbb38]
Event: 67.239 Thread 0x0000000018168000 18215   !   2       com.android.dx.cf.attrib.BaseParameterAnnotations::<init> (48 bytes)
Event: 67.239 Thread 0x0000000018168000 nmethod 18215 0x0000000005f93a90 code [0x0000000005f93c20, 0x0000000005f94008]
Event: 67.241 Thread 0x0000000018168000 18217       2       com.android.dx.cf.code.Ropper$CatchInfo::<init> (6 bytes)
Event: 67.242 Thread 0x0000000018168000 nmethod 18217 0x00000000059fe310 code [0x00000000059fe460, 0x00000000059fe630]
Event: 67.242 Thread 0x0000000018168000 18218       2       com.android.dx.cf.code.Ropper$CatchInfo::<init> (21 bytes)
Event: 67.242 Thread 0x0000000018168000 nmethod 18218 0x00000000050f9cd0 code [0x00000000050f9e20, 0x00000000050f9ff0]

GC Heap History (10 events):
Event: 57.851 GC heap before
{Heap before GC invocations=19 (full 3):
 PSYoungGen      total 256512K, used 240357K [0x00000000e0000000, 0x00000000f3200000, 0x0000000100000000)
  eden space 227840K, 100% used [0x00000000e0000000,0x00000000ede80000,0x00000000ede80000)
  from space 28672K, 43% used [0x00000000ede80000,0x00000000eeab9408,0x00000000efa80000)
  to   space 27136K, 0% used [0x00000000f1780000,0x00000000f1780000,0x00000000f3200000)
 ParOldGen       total 169472K, used 51165K [0x00000000a0000000, 0x00000000aa580000, 0x00000000e0000000)
  object space 169472K, 30% used [0x00000000a0000000,0x00000000a31f7788,0x00000000aa580000)
 Metaspace       used 71953K, capacity 75360K, committed 75520K, reserved 1114112K
  class space    used 9370K, capacity 10209K, committed 10240K, reserved 1048576K
Event: 57.937 GC heap after
Heap after GC invocations=19 (full 3):
 PSYoungGen      total 282624K, used 26379K [0x00000000e0000000, 0x00000000f3980000, 0x0000000100000000)
  eden space 255488K, 0% used [0x00000000e0000000,0x00000000e0000000,0x00000000ef980000)
  from space 27136K, 97% used [0x00000000f1780000,0x00000000f3142e70,0x00000000f3200000)
  to   space 30720K, 0% used [0x00000000ef980000,0x00000000ef980000,0x00000000f1780000)
 ParOldGen       total 169472K, used 51173K [0x00000000a0000000, 0x00000000aa580000, 0x00000000e0000000)
  object space 169472K, 30% used [0x00000000a0000000,0x00000000a31f9788,0x00000000aa580000)
 Metaspace       used 71953K, capacity 75360K, committed 75520K, reserved 1114112K
  class space    used 9370K, capacity 10209K, committed 10240K, reserved 1048576K
}
Event: 58.430 GC heap before
{Heap before GC invocations=20 (full 3):
 PSYoungGen      total 282624K, used 281851K [0x00000000e0000000, 0x00000000f3980000, 0x0000000100000000)
  eden space 255488K, 99% used [0x00000000e0000000,0x00000000ef97bef0,0x00000000ef980000)
  from space 27136K, 97% used [0x00000000f1780000,0x00000000f3142e70,0x00000000f3200000)
  to   space 30720K, 0% used [0x00000000ef980000,0x00000000ef980000,0x00000000f1780000)
 ParOldGen       total 169472K, used 51173K [0x00000000a0000000, 0x00000000aa580000, 0x00000000e0000000)
  object space 169472K, 30% used [0x00000000a0000000,0x00000000a31f9788,0x00000000aa580000)
 Metaspace       used 72800K, capacity 76360K, committed 76416K, reserved 1116160K
  class space    used 9493K, capacity 10367K, committed 10368K, reserved 1048576K
Event: 58.452 GC heap after
Heap after GC invocations=20 (full 3):
 PSYoungGen      total 286208K, used 27745K [0x00000000e0000000, 0x00000000f6080000, 0x0000000100000000)
  eden space 255488K, 0% used [0x00000000e0000000,0x00000000e0000000,0x00000000ef980000)
  from space 30720K, 90% used [0x00000000ef980000,0x00000000f14986b8,0x00000000f1780000)
  to   space 33792K, 0% used [0x00000000f3f80000,0x00000000f3f80000,0x00000000f6080000)
 ParOldGen       total 169472K, used 51181K [0x00000000a0000000, 0x00000000aa580000, 0x00000000e0000000)
  object space 169472K, 30% used [0x00000000a0000000,0x00000000a31fb788,0x00000000aa580000)
 Metaspace       used 72800K, capacity 76360K, committed 76416K, reserved 1116160K
  class space    used 9493K, capacity 10367K, committed 10368K, reserved 1048576K
}
Event: 60.559 GC heap before
{Heap before GC invocations=21 (full 3):
 PSYoungGen      total 286208K, used 283233K [0x00000000e0000000, 0x00000000f6080000, 0x0000000100000000)
  eden space 255488K, 100% used [0x00000000e0000000,0x00000000ef980000,0x00000000ef980000)
  from space 30720K, 90% used [0x00000000ef980000,0x00000000f14986b8,0x00000000f1780000)
  to   space 33792K, 0% used [0x00000000f3f80000,0x00000000f3f80000,0x00000000f6080000)
 ParOldGen       total 169472K, used 51181K [0x00000000a0000000, 0x00000000aa580000, 0x00000000e0000000)
  object space 169472K, 30% used [0x00000000a0000000,0x00000000a31fb788,0x00000000aa580000)
 Metaspace       used 74175K, capacity 77974K, committed 78208K, reserved 1116160K
  class space    used 9643K, capacity 10539K, committed 10624K, reserved 1048576K
Event: 60.604 GC heap after
Heap after GC invocations=21 (full 3):
 PSYoungGen      total 323584K, used 30312K [0x00000000e0000000, 0x00000000f6880000, 0x0000000100000000)
  eden space 289792K, 0% used [0x00000000e0000000,0x00000000e0000000,0x00000000f1b00000)
  from space 33792K, 89% used [0x00000000f3f80000,0x00000000f5d1a0b8,0x00000000f6080000)
  to   space 37376K, 0% used [0x00000000f1b00000,0x00000000f1b00000,0x00000000f3f80000)
 ParOldGen       total 169472K, used 51189K [0x00000000a0000000, 0x00000000aa580000, 0x00000000e0000000)
  object space 169472K, 30% used [0x00000000a0000000,0x00000000a31fd788,0x00000000aa580000)
 Metaspace       used 74175K, capacity 77974K, committed 78208K, reserved 1116160K
  class space    used 9643K, capacity 10539K, committed 10624K, reserved 1048576K
}
Event: 64.346 GC heap before
{Heap before GC invocations=22 (full 3):
 PSYoungGen      total 323584K, used 320104K [0x00000000e0000000, 0x00000000f6880000, 0x0000000100000000)
  eden space 289792K, 100% used [0x00000000e0000000,0x00000000f1b00000,0x00000000f1b00000)
  from space 33792K, 89% used [0x00000000f3f80000,0x00000000f5d1a0b8,0x00000000f6080000)
  to   space 37376K, 0% used [0x00000000f1b00000,0x00000000f1b00000,0x00000000f3f80000)
 ParOldGen       total 169472K, used 51189K [0x00000000a0000000, 0x00000000aa580000, 0x00000000e0000000)
  object space 169472K, 30% used [0x00000000a0000000,0x00000000a31fd788,0x00000000aa580000)
 Metaspace       used 77535K, capacity 81352K, committed 81536K, reserved 1120256K
  class space    used 9920K, capacity 10862K, committed 10880K, reserved 1048576K
Event: 64.395 GC heap after
Heap after GC invocations=22 (full 3):
 PSYoungGen      total 327168K, used 36874K [0x00000000e0000000, 0x00000000f9700000, 0x0000000100000000)
  eden space 289792K, 0% used [0x00000000e0000000,0x00000000e0000000,0x00000000f1b00000)
  from space 37376K, 98% used [0x00000000f1b00000,0x00000000f3f029b8,0x00000000f3f80000)
  to   space 42496K, 0% used [0x00000000f6d80000,0x00000000f6d80000,0x00000000f9700000)
 ParOldGen       total 169472K, used 51205K [0x00000000a0000000, 0x00000000aa580000, 0x00000000e0000000)
  object space 169472K, 30% used [0x00000000a0000000,0x00000000a3201788,0x00000000aa580000)
 Metaspace       used 77535K, capacity 81352K, committed 81536K, reserved 1120256K
  class space    used 9920K, capacity 10862K, committed 10880K, reserved 1048576K
}
Event: 65.859 GC heap before
{Heap before GC invocations=23 (full 3):
 PSYoungGen      total 327168K, used 326666K [0x00000000e0000000, 0x00000000f9700000, 0x0000000100000000)
  eden space 289792K, 100% used [0x00000000e0000000,0x00000000f1b00000,0x00000000f1b00000)
  from space 37376K, 98% used [0x00000000f1b00000,0x00000000f3f029b8,0x00000000f3f80000)
  to   space 42496K, 0% used [0x00000000f6d80000,0x00000000f6d80000,0x00000000f9700000)
 ParOldGen       total 169472K, used 51205K [0x00000000a0000000, 0x00000000aa580000, 0x00000000e0000000)
  object space 169472K, 30% used [0x00000000a0000000,0x00000000a3201788,0x00000000aa580000)
 Metaspace       used 77636K, capacity 81544K, committed 81792K, reserved 1120256K
  class space    used 9920K, capacity 10862K, committed 10880K, reserved 1048576K
Event: 65.918 GC heap after
Heap after GC invocations=23 (full 3):
 PSYoungGen      total 369664K, used 37998K [0x00000000e0000000, 0x00000000fa780000, 0x0000000100000000)
  eden space 327168K, 0% used [0x00000000e0000000,0x00000000e0000000,0x00000000f3f80000)
  from space 42496K, 89% used [0x00000000f6d80000,0x00000000f929b908,0x00000000f9700000)
  to   space 47104K, 0% used [0x00000000f3f80000,0x00000000f3f80000,0x00000000f6d80000)
 ParOldGen       total 169472K, used 51213K [0x00000000a0000000, 0x00000000aa580000, 0x00000000e0000000)
  object space 169472K, 30% used [0x00000000a0000000,0x00000000a3203788,0x00000000aa580000)
 Metaspace       used 77636K, capacity 81544K, committed 81792K, reserved 1120256K
  class space    used 9920K, capacity 10862K, committed 10880K, reserved 1048576K
}

Deoptimization events (10 events):
Event: 66.180 Thread 0x000000002125e800 Uncommon trap: reason=bimorphic action=maybe_recompile pc=0x00000000078edff0 method=com.android.dx.cf.code.BytecodeArray.parseInstruction(ILcom/android/dx/cf/code/BytecodeArray$Visitor;)I @ 907
Event: 66.180 Thread 0x000000002125e800 Uncommon trap: reason=class_check action=maybe_recompile pc=0x00000000078eefb8 method=com.android.dx.cf.code.BytecodeArray.parseInstruction(ILcom/android/dx/cf/code/BytecodeArray$Visitor;)I @ 2002
Event: 66.181 Thread 0x000000002125e800 Uncommon trap: reason=bimorphic action=maybe_recompile pc=0x00000000078ee070 method=com.android.dx.cf.code.BytecodeArray.parseInstruction(ILcom/android/dx/cf/code/BytecodeArray$Visitor;)I @ 923
Event: 66.388 Thread 0x0000000021261800 Uncommon trap: reason=unstable_if action=reinterpret pc=0x000000000781df30 method=com.android.dx.ssa.LocalVariableExtractor.processBlock(I)V @ 251
Event: 66.403 Thread 0x0000000021261800 Uncommon trap: reason=array_check action=maybe_recompile pc=0x000000000781569c method=java.util.ComparableTimSort.binarySort([Ljava/lang/Object;III)V @ 215
Event: 66.512 Thread 0x000000002125e800 Uncommon trap: reason=unstable_if action=reinterpret pc=0x0000000007579a28 method=com.android.dx.rop.code.RegisterSpec.equals(ILcom/android/dx/rop/type/TypeBearer;Lcom/android/dx/rop/code/LocalItem;)Z @ 42
Event: 66.579 Thread 0x000000002125e800 Uncommon trap: reason=unstable_if action=reinterpret pc=0x00000000075383a4 method=com.android.dx.rop.code.RegisterSpec.equals(ILcom/android/dx/rop/type/TypeBearer;Lcom/android/dx/rop/code/LocalItem;)Z @ 42
Event: 66.745 Thread 0x000000002125e800 Uncommon trap: reason=unstable_if action=reinterpret pc=0x0000000007164a7c method=java.lang.Long.numberOfTrailingZeros(J)I @ 3
Event: 66.898 Thread 0x000000002125e800 Uncommon trap: reason=bimorphic action=maybe_recompile pc=0x000000000798b5cc method=com.android.dx.cf.code.BytecodeArray.parseInstruction(ILcom/android/dx/cf/code/BytecodeArray$Visitor;)I @ 2484
Event: 66.898 Thread 0x000000002125e800 Uncommon trap: reason=bimorphic action=maybe_recompile pc=0x000000000798b5cc method=com.android.dx.cf.code.BytecodeArray.parseInstruction(ILcom/android/dx/cf/code/BytecodeArray$Visitor;)I @ 2484

Classes redefined (0 events):
No events

Internal exceptions (10 events):
Event: 65.814 Thread 0x0000000021260800 Exception <a 'sun/nio/fs/WindowsException'> (0x00000000f1157e90) thrown at [D:\src\AOSP-openjdk-cygwin\jdk8u\hotspot\src\share\vm\prims\jni.cpp, line 709]
Event: 65.919 Thread 0x000000002125e800 Exception <a 'sun/nio/fs/WindowsException'> (0x00000000e0213570) thrown at [D:\src\AOSP-openjdk-cygwin\jdk8u\hotspot\src\share\vm\prims\jni.cpp, line 709]
Event: 65.933 Thread 0x0000000021260000 Exception <a 'sun/nio/fs/WindowsException'> (0x00000000e01cb148) thrown at [D:\src\AOSP-openjdk-cygwin\jdk8u\hotspot\src\share\vm\prims\jni.cpp, line 709]
Event: 66.055 Thread 0x0000000021261800 Exception <a 'sun/nio/fs/WindowsException'> (0x00000000e2211788) thrown at [D:\src\AOSP-openjdk-cygwin\jdk8u\hotspot\src\share\vm\prims\jni.cpp, line 709]
Event: 66.350 Thread 0x0000000021260800 Exception <a 'sun/nio/fs/WindowsException'> (0x00000000e6092dd8) thrown at [D:\src\AOSP-openjdk-cygwin\jdk8u\hotspot\src\share\vm\prims\jni.cpp, line 709]
Event: 66.379 Thread 0x000000002125e800 Exception <a 'sun/nio/fs/WindowsException'> (0x00000000e6738278) thrown at [D:\src\AOSP-openjdk-cygwin\jdk8u\hotspot\src\share\vm\prims\jni.cpp, line 709]
Event: 66.451 Thread 0x0000000021260000 Exception <a 'sun/nio/fs/WindowsException'> (0x00000000e764b8e8) thrown at [D:\src\AOSP-openjdk-cygwin\jdk8u\hotspot\src\share\vm\prims\jni.cpp, line 709]
Event: 66.538 Thread 0x0000000021261800 Exception <a 'sun/nio/fs/WindowsException'> (0x00000000e8af7098) thrown at [D:\src\AOSP-openjdk-cygwin\jdk8u\hotspot\src\share\vm\prims\jni.cpp, line 709]
Event: 67.089 Thread 0x0000000021260800 Exception <a 'sun/nio/fs/WindowsException'> (0x00000000f0623968) thrown at [D:\src\AOSP-openjdk-cygwin\jdk8u\hotspot\src\share\vm\prims\jni.cpp, line 709]
Event: 67.128 Thread 0x000000002125e800 Exception <a 'sun/nio/fs/WindowsException'> (0x00000000f1038fa8) thrown at [D:\src\AOSP-openjdk-cygwin\jdk8u\hotspot\src\share\vm\prims\jni.cpp, line 709]

Events (10 events):
Event: 67.127 Thread 0x000000001815f000 flushing nmethod 0x0000000006daff10
Event: 67.128 Thread 0x000000001815f000 flushing nmethod 0x0000000006e61a90
Event: 67.128 Thread 0x000000001815f000 flushing nmethod 0x0000000006e72290
Event: 67.128 Thread 0x000000001815f000 flushing nmethod 0x0000000006e73150
Event: 67.128 Thread 0x000000001815f000 flushing nmethod 0x0000000006e74e50
Event: 67.128 Thread 0x000000001815f000 flushing nmethod 0x0000000006e75d90
Event: 67.128 Thread 0x000000001815f000 flushing nmethod 0x0000000006e76590
Event: 67.128 Thread 0x000000001815f000 flushing nmethod 0x0000000006e77590
Event: 67.207 Thread 0x0000000021261800 DEOPT PACKING pc=0x00000000051f3e75 sp=0x000000002a56e6b0
Event: 67.207 Thread 0x0000000021261800 DEOPT UNPACKING pc=0x00000000048375bf sp=0x000000002a56e418 mode 0


Dynamic libraries:
0x00007ff6040a0000 - 0x00007ff6040d1000 	C:\Program Files\Android\Android Studio\jre\bin\java.exe
0x00007ffd0a5f0000 - 0x00007ffd0a7d0000 	C:\WINDOWS\SYSTEM32\ntdll.dll
0x00007ffd099c0000 - 0x00007ffd09a6e000 	C:\WINDOWS\System32\KERNEL32.DLL
0x00007ffd06fe0000 - 0x00007ffd07246000 	C:\WINDOWS\System32\KERNELBASE.dll
0x00007ffd09860000 - 0x00007ffd09901000 	C:\WINDOWS\System32\ADVAPI32.dll
0x00007ffd0a340000 - 0x00007ffd0a3dd000 	C:\WINDOWS\System32\msvcrt.dll
0x00007ffd0a190000 - 0x00007ffd0a1eb000 	C:\WINDOWS\System32\sechost.dll
0x00007ffd07be0000 - 0x00007ffd07cff000 	C:\WINDOWS\System32\RPCRT4.dll
0x00007ffd09eb0000 - 0x00007ffd0a03e000 	C:\WINDOWS\System32\USER32.dll
0x00007ffd07250000 - 0x00007ffd07270000 	C:\WINDOWS\System32\win32u.dll
0x00007ffd0a590000 - 0x00007ffd0a5b8000 	C:\WINDOWS\System32\GDI32.dll
0x00007ffd06c20000 - 0x00007ffd06db4000 	C:\WINDOWS\System32\gdi32full.dll
0x00007ffd06dc0000 - 0x00007ffd06e5b000 	C:\WINDOWS\System32\msvcp_win.dll
0x00007ffd06ee0000 - 0x00007ffd06fd6000 	C:\WINDOWS\System32\ucrtbase.dll
0x00007ffcfb250000 - 0x00007ffcfb4b9000 	C:\WINDOWS\WinSxS\amd64_microsoft.windows.common-controls_6595b64144ccf1df_6.0.16299.19_none_cc92fab02215da61\COMCTL32.dll
0x00007ffd09a90000 - 0x00007ffd09d98000 	C:\WINDOWS\System32\combase.dll
0x00007ffd06e60000 - 0x00007ffd06ed2000 	C:\WINDOWS\System32\bcryptPrimitives.dll
0x00007ffd0a100000 - 0x00007ffd0a12d000 	C:\WINDOWS\System32\IMM32.DLL
0x0000000069860000 - 0x0000000069932000 	C:\Program Files\Android\Android Studio\jre\jre\bin\msvcr100.dll
0x0000000068790000 - 0x0000000068fce000 	C:\Program Files\Android\Android Studio\jre\jre\bin\server\jvm.dll
0x00007ffd07e70000 - 0x00007ffd07e78000 	C:\WINDOWS\System32\PSAPI.DLL
0x00007ffcfe0e0000 - 0x00007ffcfe0e9000 	C:\WINDOWS\SYSTEM32\WSOCK32.dll
0x00007ffd03340000 - 0x00007ffd03363000 	C:\WINDOWS\SYSTEM32\WINMM.dll
0x00007ffcffc10000 - 0x00007ffcffc1a000 	C:\WINDOWS\SYSTEM32\VERSION.dll
0x00007ffd0a1f0000 - 0x00007ffd0a25c000 	C:\WINDOWS\System32\WS2_32.dll
0x00007ffd03310000 - 0x00007ffd0333a000 	C:\WINDOWS\SYSTEM32\winmmbase.dll
0x00007ffd07a70000 - 0x00007ffd07aba000 	C:\WINDOWS\System32\cfgmgr32.dll
0x00007ffcfd890000 - 0x00007ffcfd89f000 	C:\Program Files\Android\Android Studio\jre\jre\bin\verify.dll
0x00007ffceec30000 - 0x00007ffceec59000 	C:\Program Files\Android\Android Studio\jre\jre\bin\java.dll
0x00007ffcf18b0000 - 0x00007ffcf18c6000 	C:\Program Files\Android\Android Studio\jre\jre\bin\zip.dll
0x00007ffd07e80000 - 0x00007ffd092b7000 	C:\WINDOWS\System32\SHELL32.dll
0x00007ffd09910000 - 0x00007ffd099b6000 	C:\WINDOWS\System32\shcore.dll
0x00007ffd07320000 - 0x00007ffd07a67000 	C:\WINDOWS\System32\windows.storage.dll
0x00007ffd0a040000 - 0x00007ffd0a091000 	C:\WINDOWS\System32\shlwapi.dll
0x00007ffd06960000 - 0x00007ffd06971000 	C:\WINDOWS\System32\kernel.appcore.dll
0x00007ffd069a0000 - 0x00007ffd069ec000 	C:\WINDOWS\System32\powrprof.dll
0x00007ffd06980000 - 0x00007ffd0699b000 	C:\WINDOWS\System32\profapi.dll
0x00007ffcf1480000 - 0x00007ffcf149a000 	C:\Program Files\Android\Android Studio\jre\jre\bin\net.dll
0x00007ffd061d0000 - 0x00007ffd06236000 	C:\WINDOWS\system32\mswsock.dll
0x00007ffd02d30000 - 0x00007ffd02d41000 	C:\Program Files\Android\Android Studio\jre\jre\bin\nio.dll
0x00007ffcfa4f0000 - 0x00007ffcfa50e000 	C:\Users\thienphu\.gradle\native\25\windows-amd64\native-platform.dll
0x00007ffcf9060000 - 0x00007ffcf906d000 	C:\Program Files\Android\Android Studio\jre\jre\bin\management.dll
0x00007ffd06390000 - 0x00007ffd063a7000 	C:\WINDOWS\SYSTEM32\CRYPTSP.dll
0x00007ffd05de0000 - 0x00007ffd05e13000 	C:\WINDOWS\system32\rsaenh.dll
0x00007ffd064a0000 - 0x00007ffd064c5000 	C:\WINDOWS\SYSTEM32\bcrypt.dll
0x00007ffd06870000 - 0x00007ffd06899000 	C:\WINDOWS\SYSTEM32\USERENV.dll
0x00007ffd063b0000 - 0x00007ffd063bb000 	C:\WINDOWS\SYSTEM32\CRYPTBASE.dll
0x00007ffd05f60000 - 0x00007ffd05f99000 	C:\WINDOWS\SYSTEM32\IPHLPAPI.DLL
0x00007ffd0a260000 - 0x00007ffd0a268000 	C:\WINDOWS\System32\NSI.dll
0x00007ffd00120000 - 0x00007ffd00136000 	C:\WINDOWS\SYSTEM32\dhcpcsvc6.DLL
0x00007ffd00100000 - 0x00007ffd0011a000 	C:\WINDOWS\SYSTEM32\dhcpcsvc.DLL
0x00007ffd05a80000 - 0x00007ffd05ab1000 	C:\WINDOWS\SYSTEM32\ntmarta.dll
0x00007ffd049f0000 - 0x00007ffd04a77000 	C:\WINDOWS\system32\apphelp.dll

VM Arguments:
jvm_args: -Xmx1536m -Dfile.encoding=windows-1252 -Duser.country=US -Duser.language=en -Duser.variant 
java_command: org.gradle.launcher.daemon.bootstrap.GradleDaemon 4.1
java_class_path (initial): C:\Users\thienphu\.gradle\wrapper\dists\gradle-4.1-all\bzyivzo6n839fup2jbap0tjew\gradle-4.1\lib\gradle-launcher-4.1.jar
Launcher Type: SUN_STANDARD

Environment Variables:
JAVA_HOME=C:\Program Files\Java\jdk1.8.0_144
PATH=C:\Program Files\Microsoft MPI\Bin\;C:\Program Files\Java\jdk1.8.0_144;C:\WINDOWS\system32;C:\WINDOWS;C:\WINDOWS\System32\Wbem;C:\WINDOWS\System32\WindowsPowerShell\v1.0\;C:\Windows\system32;C:\Program Files (x86)\Microsoft SQL Server\130\Tools\Binn\;C:\Program Files\Microsoft SQL Server\130\Tools\Binn\;C:\Program Files (x86)\Microsoft SQL Server\130\DTS\Binn\;C:\Program Files\Microsoft SQL Server\130\DTS\Binn\;C:\Program Files\Microsoft SQL Server\Client SDK\ODBC\130\Tools\Binn\;C:\Program Files (x86)\Microsoft SQL Server\Client SDK\ODBC\130\Tools\Binn\;C:\Program Files (x86)\Microsoft SQL Server\140\Tools\Binn\;C:\Program Files (x86)\Microsoft SQL Server\140\DTS\Binn\;C:\Program Files (x86)\Microsoft SQL Server\140\Tools\Binn\ManagementStudio\;C:\Program Files\MySQL\MySQL Utilities 1.6\;C:\Program Files\nodejs\;C:\Program Files (x86)\Git\cmd;C:\Program Files (x86)\Skype\Phone\;C:\Program Files (x86)\NVIDIA Corporation\PhysX\Common;C:\Users\thienphu\AppData\Local\Microsoft\WindowsApps;C:\Program Files\Java\jdk1.8.0_144\bin;C:\Users\thienphu\AppData\Roaming\npm;;C:\Program Files\Microsoft VS Code\bin
USERNAME=thienphu
OS=Windows_NT
PROCESSOR_IDENTIFIER=Intel64 Family 6 Model 60 Stepping 3, GenuineIntel



---------------  S Y S T E M  ---------------

OS: Windows 10.0 , 64 bit Build 16299 (10.0.16299.15)

CPU:total 4 (initial active 4) (2 cores per cpu, 2 threads per core) family 6 model 60 stepping 3, cmov, cx8, fxsr, mmx, sse, sse2, sse3, ssse3, sse4.1, sse4.2, popcnt, avx, avx2, aes, clmul, erms, lzcnt, ht, tsc, tscinvbit, bmi1, bmi2

Memory: 4k page, physical 8274940k(679280k free), swap 9964540k(5308k free)

vm_info: OpenJDK 64-Bit Server VM (25.152-b01) for windows-amd64 JRE (1.8.0_152-release-915-b01), built by "builder" with MS VC++ 10.0 (VS2010)

time: Thu Nov 02 09:03:47 2017
elapsed time: 67 seconds (0d 0h 1m 7s)

