#
# There is insufficient memory for the Java Runtime Environment to continue.
# Native memory allocation (malloc) failed to allocate 1383216 bytes for Chunk::new
# Possible reasons:
#   The system is out of physical RAM or swap space
#   In 32 bit mode, the process size limit was hit
# Possible solutions:
#   Reduce memory load on the system
#   Increase physical memory or swap space
#   Check if swap backing store is full
#   Use 64 bit Java on a 64 bit OS
#   Decrease Java heap size (-Xmx/-Xms)
#   Decrease number of Java threads
#   Decrease Java thread stack sizes (-Xss)
#   Set larger code cache with -XX:ReservedCodeCacheSize=
# This output file may be truncated or incomplete.
#
#  Out of Memory Error (allocation.cpp:390), pid=4596, tid=0x0000000000000be8
#
# JRE version: OpenJDK Runtime Environment (8.0_152-b01) (build 1.8.0_152-release-915-b01)
# Java VM: OpenJDK 64-Bit Server VM (25.152-b01 mixed mode windows-amd64 compressed oops)
# Failed to write core dump. Minidumps are not enabled by default on client versions of Windows
#

---------------  T H R E A D  ---------------

Current thread (0x0000000017522000):  JavaThread "C2 CompilerThread1" daemon [_thread_in_native, id=3048, stack(0x0000000018d90000,0x0000000018e90000)]

Stack: [0x0000000018d90000,0x0000000018e90000]
[error occurred during error reporting (printing stack bounds), id 0xc0000005]

Native frames: (J=compiled Java code, j=interpreted, Vv=VM code, C=native code)


Current CompileTask:
C2:  38908 14508       4       com.android.dx.dex.code.LocalList::make (102 bytes)


---------------  P R O C E S S  ---------------

Java Threads: ( => current thread )
  0x000000001d7e2000 JavaThread "ForkJoinPool.commonPool-worker-0" daemon [_thread_blocked, id=844, stack(0x00000000271d0000,0x00000000272d0000)]
  0x000000001d7e8000 JavaThread "ForkJoinPool.commonPool-worker-3" daemon [_thread_blocked, id=10724, stack(0x00000000270d0000,0x00000000271d0000)]
  0x000000001d7e7000 JavaThread "ForkJoinPool.commonPool-worker-2" daemon [_thread_blocked, id=14148, stack(0x0000000026fd0000,0x00000000270d0000)]
  0x000000001d7e5800 JavaThread "ForkJoinPool.commonPool-worker-1" daemon [_thread_blocked, id=1032, stack(0x0000000026ed0000,0x0000000026fd0000)]
  0x000000001d7e5000 JavaThread "Task worker for ':' Thread 3" [_thread_blocked, id=5484, stack(0x00000000267d0000,0x00000000268d0000)]
  0x000000001dd0a800 JavaThread "Task worker for ':' Thread 2" [_thread_blocked, id=4636, stack(0x00000000266d0000,0x00000000267d0000)]
  0x000000001dd0c800 JavaThread "Task worker for ':'" [_thread_blocked, id=5224, stack(0x00000000265d0000,0x00000000266d0000)]
  0x000000001dd0c000 JavaThread "Cache worker for task history cache (E:\android\TLCN_CNPM\.gradle\4.1\taskHistory)" [_thread_blocked, id=10800, stack(0x00000000264d0000,0x00000000265d0000)]
  0x000000001dd09800 JavaThread "Cache worker for file content cache (E:\android\TLCN_CNPM\.gradle\4.1\fileContent)" [_thread_blocked, id=13764, stack(0x00000000263d0000,0x00000000264d0000)]
  0x000000001dd0b000 JavaThread "build operations Thread 4" [_thread_blocked, id=5888, stack(0x00000000262d0000,0x00000000263d0000)]
  0x000000001dd00800 JavaThread "build operations Thread 3" [_thread_blocked, id=13556, stack(0x00000000261d0000,0x00000000262d0000)]
  0x000000001dd07800 JavaThread "build operations Thread 2" [_thread_blocked, id=4880, stack(0x00000000260d0000,0x00000000261d0000)]
  0x000000001dd00000 JavaThread "build operations" [_thread_blocked, id=3852, stack(0x0000000025fd0000,0x00000000260d0000)]
  0x000000001dcff000 JavaThread "Cache worker for Artifact transforms cache (C:\Users\thienphu\.gradle\caches\transforms-1)" [_thread_blocked, id=9116, stack(0x0000000025ed0000,0x0000000025fd0000)]
  0x000000001dd06000 JavaThread "Cache worker for file hash cache (E:\android\TLCN_CNPM\.gradle\4.1\fileHashes)" [_thread_blocked, id=2272, stack(0x0000000025dd0000,0x0000000025ed0000)]
  0x000000001dd05000 JavaThread "Stdin handler" [_thread_blocked, id=10536, stack(0x0000000025cd0000,0x0000000025dd0000)]
  0x000000001dd04800 JavaThread "Asynchronous log dispatcher for DefaultDaemonConnection: socket connection from /127.0.0.1:60324 to /127.0.0.1:60352" [_thread_blocked, id=10664, stack(0x0000000025bd0000,0x0000000025cd0000)]
  0x000000001dd02000 JavaThread "Cancel handler" [_thread_blocked, id=2000, stack(0x0000000025ad0000,0x0000000025bd0000)]
  0x000000001a426800 JavaThread "Handler for socket connection from /127.0.0.1:60324 to /127.0.0.1:60352" [_thread_in_native, id=988, stack(0x00000000259d0000,0x0000000025ad0000)]
  0x000000001d7e9000 JavaThread "Memory manager" [_thread_blocked, id=12396, stack(0x0000000022200000,0x0000000022300000)]
  0x000000001d7e6800 JavaThread "pool-1-thread-1" [_thread_blocked, id=11696, stack(0x0000000021770000,0x0000000021870000)]
  0x000000001a9da800 JavaThread "File lock request listener" [_thread_in_native, id=14008, stack(0x000000001cee0000,0x000000001cfe0000)]
  0x000000001a1fd800 JavaThread "Cache worker for file hash cache (C:\Users\thienphu\.gradle\caches\4.1\fileHashes)" [_thread_blocked, id=5348, stack(0x000000001cde0000,0x000000001cee0000)]
  0x000000001a91b800 JavaThread "Daemon worker" [_thread_blocked, id=7792, stack(0x000000001cae0000,0x000000001cbe0000)]
  0x000000001a355000 JavaThread "Daemon" [_thread_blocked, id=8756, stack(0x000000001c5e0000,0x000000001c6e0000)]
  0x000000001a532800 JavaThread "Daemon periodic checks" [_thread_blocked, id=13580, stack(0x000000001c4e0000,0x000000001c5e0000)]
  0x000000001a275800 JavaThread "Incoming local TCP Connector on port 60324" [_thread_in_native, id=6164, stack(0x000000001bd30000,0x000000001be30000)]
  0x000000001757e800 JavaThread "Service Thread" daemon [_thread_blocked, id=5868, stack(0x0000000019390000,0x0000000019490000)]
  0x0000000017525000 JavaThread "C1 CompilerThread2" daemon [_thread_blocked, id=14204, stack(0x0000000018e90000,0x0000000018f90000)]
=>0x0000000017522000 JavaThread "C2 CompilerThread1" daemon [_thread_in_native, id=3048, stack(0x0000000018d90000,0x0000000018e90000)]
  0x000000001751d000 JavaThread "C2 CompilerThread0" daemon [_thread_in_native, id=10988, stack(0x0000000018c90000,0x0000000018d90000)]
  0x000000001751c000 JavaThread "Attach Listener" daemon [_thread_blocked, id=14056, stack(0x0000000018b90000,0x0000000018c90000)]
  0x000000001751b000 JavaThread "Signal Dispatcher" daemon [_thread_blocked, id=3436, stack(0x0000000018a90000,0x0000000018b90000)]
  0x000000001750e000 JavaThread "Finalizer" daemon [_thread_blocked, id=8824, stack(0x00000000187a0000,0x00000000188a0000)]
  0x0000000004e43000 JavaThread "Reference Handler" daemon [_thread_blocked, id=7404, stack(0x00000000186a0000,0x00000000187a0000)]
  0x000000000335e800 JavaThread "main" [_thread_blocked, id=9188, stack(0x0000000004c50000,0x0000000004d50000)]

Other Threads:
  0x00000000174e5800 VMThread [stack: 0x00000000185a0000,0x00000000186a0000] [id=10420]
  0x0000000018fb3800 WatcherThread [stack: 0x0000000019490000,0x0000000019590000] [id=968]

VM state:at safepoint (normal execution)

VM Mutex/Monitor currently owned by a thread:  ([mutex/lock_event])
[0x000000000335d880] Threads_lock - owner thread: 0x00000000174e5800
[0x000000000335e100] Heap_lock - owner thread: 0x000000001d7e5800

Heap:
 PSYoungGen      total 272384K, used 272360K [0x00000000eab00000, 0x00000000fdf80000, 0x0000000100000000)
  eden space 244736K, 100% used [0x00000000eab00000,0x00000000f9a00000,0x00000000f9a00000)
  from space 27648K, 99% used [0x00000000fb680000,0x00000000fd17a2c0,0x00000000fd180000)
  to   space 29184K, 69% used [0x00000000f9a00000,0x00000000fadec0a8,0x00000000fb680000)
 ParOldGen       total 176128K, used 66528K [0x00000000c0000000, 0x00000000cac00000, 0x00000000eab00000)
  object space 176128K, 37% used [0x00000000c0000000,0x00000000c40fa0b8,0x00000000cac00000)
 Metaspace       used 69175K, capacity 72882K, committed 73216K, reserved 1112064K
  class space    used 8994K, capacity 9887K, committed 9984K, reserved 1048576K

Card table byte_map: [0x0000000014210000,0x0000000014420000] byte_map_base: 0x0000000013c10000

Marking Bits: (ParMarkBitMap*) 0x0000000068f53950
 Begin Bits: [0x0000000014980000, 0x0000000015980000)
 End Bits:   [0x0000000015980000, 0x0000000016980000)

Polling page: 0x0000000002f30000

CodeCache: size=245760Kb used=42325Kb max_used=42340Kb free=203434Kb
 bounds [0x0000000004e50000, 0x0000000007820000, 0x0000000013e50000]
 total_blobs=12875 nmethods=12074 adapters=712
 compilation: enabled

Compilation events (10 events):
Event: 38.684 Thread 0x0000000017525000 14579       2       com.android.dx.dex.code.form.Form31t::isCompatible (38 bytes)
Event: 38.684 Thread 0x0000000017525000 nmethod 14579 0x0000000005795510 code [0x0000000005795680, 0x00000000057958c8]
Event: 38.684 Thread 0x0000000017525000 14580       3       java.util.HashMap$TreeNode::find (172 bytes)
Event: 38.685 Thread 0x0000000017525000 nmethod 14580 0x0000000007730e50 code [0x0000000007731040, 0x0000000007731b58]
Event: 38.728 Thread 0x000000001751d000 nmethod 14556 0x000000000629c7d0 code [0x000000000629ca00, 0x000000000629e3b0]
Event: 38.728 Thread 0x000000001751d000 14581       4       com.android.dx.cf.code.Ropper::addExceptionSetupBlocks (203 bytes)
Event: 38.862 Thread 0x0000000017525000 14588       2       com.android.dx.dex.code.SwitchData::shouldPack (50 bytes)
Event: 38.862 Thread 0x0000000017525000 nmethod 14588 0x0000000005380c10 code [0x0000000005380d80, 0x0000000005380fa8]
Event: 38.865 Thread 0x0000000017525000 14589       2       com.android.dx.dex.file.AnnotationItem::compareTo0 (17 bytes)
Event: 38.865 Thread 0x0000000017525000 nmethod 14589 0x0000000006463850 code [0x00000000064639c0, 0x0000000006463b68]

GC Heap History (10 events):
Event: 33.858 GC heap after
Heap after GC invocations=19 (full 3):
 PSYoungGen      total 272384K, used 22236K [0x00000000eab00000, 0x00000000fdf80000, 0x0000000100000000)
  eden space 244736K, 0% used [0x00000000eab00000,0x00000000eab00000,0x00000000f9a00000)
  from space 27648K, 80% used [0x00000000fb680000,0x00000000fcc372d0,0x00000000fd180000)
  to   space 29184K, 0% used [0x00000000f9a00000,0x00000000f9a00000,0x00000000fb680000)
 ParOldGen       total 176128K, used 51035K [0x00000000c0000000, 0x00000000cac00000, 0x00000000eab00000)
  object space 176128K, 28% used [0x00000000c0000000,0x00000000c31d6fe8,0x00000000cac00000)
 Metaspace       used 69079K, capacity 72754K, committed 72960K, reserved 1112064K
  class space    used 8993K, capacity 9887K, committed 9984K, reserved 1048576K
}
Event: 35.160 GC heap before
{Heap before GC invocations=20 (full 3):
 PSYoungGen      total 272384K, used 266972K [0x00000000eab00000, 0x00000000fdf80000, 0x0000000100000000)
  eden space 244736K, 100% used [0x00000000eab00000,0x00000000f9a00000,0x00000000f9a00000)
  from space 27648K, 80% used [0x00000000fb680000,0x00000000fcc372d0,0x00000000fd180000)
  to   space 29184K, 0% used [0x00000000f9a00000,0x00000000f9a00000,0x00000000fb680000)
 ParOldGen       total 176128K, used 51035K [0x00000000c0000000, 0x00000000cac00000, 0x00000000eab00000)
  object space 176128K, 28% used [0x00000000c0000000,0x00000000c31d6fe8,0x00000000cac00000)
 Metaspace       used 69109K, capacity 72818K, committed 72960K, reserved 1112064K
  class space    used 8993K, capacity 9887K, committed 9984K, reserved 1048576K
Event: 35.216 GC heap after
Heap after GC invocations=20 (full 3):
 PSYoungGen      total 273920K, used 27264K [0x00000000eab00000, 0x00000000fdf80000, 0x0000000100000000)
  eden space 244736K, 0% used [0x00000000eab00000,0x00000000eab00000,0x00000000f9a00000)
  from space 29184K, 93% used [0x00000000f9a00000,0x00000000fb4a02c0,0x00000000fb680000)
  to   space 27648K, 0% used [0x00000000fb680000,0x00000000fb680000,0x00000000fd180000)
 ParOldGen       total 176128K, used 51043K [0x00000000c0000000, 0x00000000cac00000, 0x00000000eab00000)
  object space 176128K, 28% used [0x00000000c0000000,0x00000000c31d8fe8,0x00000000cac00000)
 Metaspace       used 69109K, capacity 72818K, committed 72960K, reserved 1112064K
  class space    used 8993K, capacity 9887K, committed 9984K, reserved 1048576K
}
Event: 36.173 GC heap before
{Heap before GC invocations=21 (full 3):
 PSYoungGen      total 273920K, used 272000K [0x00000000eab00000, 0x00000000fdf80000, 0x0000000100000000)
  eden space 244736K, 100% used [0x00000000eab00000,0x00000000f9a00000,0x00000000f9a00000)
  from space 29184K, 93% used [0x00000000f9a00000,0x00000000fb4a02c0,0x00000000fb680000)
  to   space 27648K, 0% used [0x00000000fb680000,0x00000000fb680000,0x00000000fd180000)
 ParOldGen       total 176128K, used 51043K [0x00000000c0000000, 0x00000000cac00000, 0x00000000eab00000)
  object space 176128K, 28% used [0x00000000c0000000,0x00000000c31d8fe8,0x00000000cac00000)
 Metaspace       used 69138K, capacity 72818K, committed 72960K, reserved 1112064K
  class space    used 8994K, capacity 9887K, committed 9984K, reserved 1048576K
Event: 36.218 GC heap after
Heap after GC invocations=21 (full 3):
 PSYoungGen      total 272384K, used 27640K [0x00000000eab00000, 0x00000000fdf80000, 0x0000000100000000)
  eden space 244736K, 0% used [0x00000000eab00000,0x00000000eab00000,0x00000000f9a00000)
  from space 27648K, 99% used [0x00000000fb680000,0x00000000fd17e2d0,0x00000000fd180000)
  to   space 29184K, 0% used [0x00000000f9a00000,0x00000000f9a00000,0x00000000fb680000)
 ParOldGen       total 176128K, used 54011K [0x00000000c0000000, 0x00000000cac00000, 0x00000000eab00000)
  object space 176128K, 30% used [0x00000000c0000000,0x00000000c34befe8,0x00000000cac00000)
 Metaspace       used 69138K, capacity 72818K, committed 72960K, reserved 1112064K
  class space    used 8994K, capacity 9887K, committed 9984K, reserved 1048576K
}
Event: 37.127 GC heap before
{Heap before GC invocations=22 (full 3):
 PSYoungGen      total 272384K, used 272376K [0x00000000eab00000, 0x00000000fdf80000, 0x0000000100000000)
  eden space 244736K, 100% used [0x00000000eab00000,0x00000000f9a00000,0x00000000f9a00000)
  from space 27648K, 99% used [0x00000000fb680000,0x00000000fd17e2d0,0x00000000fd180000)
  to   space 29184K, 0% used [0x00000000f9a00000,0x00000000f9a00000,0x00000000fb680000)
 ParOldGen       total 176128K, used 54011K [0x00000000c0000000, 0x00000000cac00000, 0x00000000eab00000)
  object space 176128K, 30% used [0x00000000c0000000,0x00000000c34befe8,0x00000000cac00000)
 Metaspace       used 69149K, capacity 72818K, committed 72960K, reserved 1112064K
  class space    used 8994K, capacity 9887K, committed 9984K, reserved 1048576K
Event: 37.181 GC heap after
Heap after GC invocations=22 (full 3):
 PSYoungGen      total 273920K, used 28936K [0x00000000eab00000, 0x00000000fdf80000, 0x0000000100000000)
  eden space 244736K, 0% used [0x00000000eab00000,0x00000000eab00000,0x00000000f9a00000)
  from space 29184K, 99% used [0x00000000f9a00000,0x00000000fb642280,0x00000000fb680000)
  to   space 27648K, 0% used [0x00000000fb680000,0x00000000fb680000,0x00000000fd180000)
 ParOldGen       total 176128K, used 54019K [0x00000000c0000000, 0x00000000cac00000, 0x00000000eab00000)
  object space 176128K, 30% used [0x00000000c0000000,0x00000000c34c0fe8,0x00000000cac00000)
 Metaspace       used 69149K, capacity 72818K, committed 72960K, reserved 1112064K
  class space    used 8994K, capacity 9887K, committed 9984K, reserved 1048576K
}
Event: 37.881 GC heap before
{Heap before GC invocations=23 (full 3):
 PSYoungGen      total 273920K, used 273672K [0x00000000eab00000, 0x00000000fdf80000, 0x0000000100000000)
  eden space 244736K, 100% used [0x00000000eab00000,0x00000000f9a00000,0x00000000f9a00000)
  from space 29184K, 99% used [0x00000000f9a00000,0x00000000fb642280,0x00000000fb680000)
  to   space 27648K, 0% used [0x00000000fb680000,0x00000000fb680000,0x00000000fd180000)
 ParOldGen       total 176128K, used 54019K [0x00000000c0000000, 0x00000000cac00000, 0x00000000eab00000)
  object space 176128K, 30% used [0x00000000c0000000,0x00000000c34c0fe8,0x00000000cac00000)
 Metaspace       used 69154K, capacity 72818K, committed 72960K, reserved 1112064K
  class space    used 8994K, capacity 9887K, committed 9984K, reserved 1048576K
Event: 37.934 GC heap after
Heap after GC invocations=23 (full 3):
 PSYoungGen      total 272384K, used 27624K [0x00000000eab00000, 0x00000000fdf80000, 0x0000000100000000)
  eden space 244736K, 0% used [0x00000000eab00000,0x00000000eab00000,0x00000000f9a00000)
  from space 27648K, 99% used [0x00000000fb680000,0x00000000fd17a2c0,0x00000000fd180000)
  to   space 29184K, 0% used [0x00000000f9a00000,0x00000000f9a00000,0x00000000fb680000)
 ParOldGen       total 176128K, used 63551K [0x00000000c0000000, 0x00000000cac00000, 0x00000000eab00000)
  object space 176128K, 36% used [0x00000000c0000000,0x00000000c3e0fec0,0x00000000cac00000)
 Metaspace       used 69154K, capacity 72818K, committed 72960K, reserved 1112064K
  class space    used 8994K, capacity 9887K, committed 9984K, reserved 1048576K
}
Event: 38.873 GC heap before
{Heap before GC invocations=24 (full 3):
 PSYoungGen      total 272384K, used 272360K [0x00000000eab00000, 0x00000000fdf80000, 0x0000000100000000)
  eden space 244736K, 100% used [0x00000000eab00000,0x00000000f9a00000,0x00000000f9a00000)
  from space 27648K, 99% used [0x00000000fb680000,0x00000000fd17a2c0,0x00000000fd180000)
  to   space 29184K, 0% used [0x00000000f9a00000,0x00000000f9a00000,0x00000000fb680000)
 ParOldGen       total 176128K, used 63551K [0x00000000c0000000, 0x00000000cac00000, 0x00000000eab00000)
  object space 176128K, 36% used [0x00000000c0000000,0x00000000c3e0fec0,0x00000000cac00000)
 Metaspace       used 69175K, capacity 72882K, committed 73216K, reserved 1112064K
  class space    used 8994K, capacity 9887K, committed 9984K, reserved 1048576K

Deoptimization events (10 events):
Event: 35.868 Thread 0x000000001d7e8000 Uncommon trap: reason=array_check action=maybe_recompile pc=0x000000000761f1e4 method=java.util.ComparableTimSort.binarySort([Ljava/lang/Object;III)V @ 193
Event: 36.076 Thread 0x000000001d7e2000 Uncommon trap: reason=unstable_if action=reinterpret pc=0x000000000715304c method=com.android.dx.rop.code.RegisterSpec.matchesVariable(Lcom/android/dx/rop/code/RegisterSpec;)Z @ 59
Event: 36.837 Thread 0x000000001d7e2000 Uncommon trap: reason=unstable_if action=reinterpret pc=0x00000000072fae58 method=com.android.dx.dex.code.OutputFinisher.addConstants(Ljava/util/HashSet;Lcom/android/dx/rop/code/RegisterSpec;)V @ 32
Event: 36.837 Thread 0x000000001d7e2000 Uncommon trap: reason=unstable_if action=reinterpret pc=0x00000000072d1e94 method=com.android.dx.dex.code.OutputFinisher.addConstants(Ljava/util/HashSet;Lcom/android/dx/rop/code/RegisterSpec;)V @ 32
Event: 36.839 Thread 0x000000001d7e2000 Uncommon trap: reason=array_check action=maybe_recompile pc=0x00000000076f755c method=java.util.ComparableTimSort.binarySort([Ljava/lang/Object;III)V @ 215
Event: 36.839 Thread 0x000000001d7e2000 Uncommon trap: reason=unstable_if action=reinterpret pc=0x000000000767bf5c method=com.android.dx.dex.code.LocalList$MakeState.filterSpec(Lcom/android/dx/rop/code/RegisterSpec;)Lcom/android/dx/rop/code/RegisterSpec; @ 11
Event: 36.839 Thread 0x000000001d7e2000 Uncommon trap: reason=array_check action=maybe_recompile pc=0x00000000076f755c method=java.util.ComparableTimSort.binarySort([Ljava/lang/Object;III)V @ 215
Event: 37.061 Thread 0x000000001d7e8000 Uncommon trap: reason=unstable_if action=reinterpret pc=0x00000000076a8e38 method=com.android.dx.dex.code.OutputFinisher.align64bits([Lcom/android/dx/dex/code/Dop;)V @ 237
Event: 37.390 Thread 0x000000001d7e2000 Uncommon trap: reason=bimorphic action=maybe_recompile pc=0x00000000076b5dd0 method=com.android.dx.cf.code.BytecodeArray.parseInstruction(ILcom/android/dx/cf/code/BytecodeArray$Visitor;)I @ 1891
Event: 37.390 Thread 0x000000001d7e2000 Uncommon trap: reason=bimorphic action=maybe_recompile pc=0x00000000076b5dd0 method=com.android.dx.cf.code.BytecodeArray.parseInstruction(ILcom/android/dx/cf/code/BytecodeArray$Visitor;)I @ 1891

Classes redefined (0 events):
No events

Internal exceptions (10 events):
Event: 38.500 Thread 0x000000001d7e7000 Exception <a 'sun/nio/fs/WindowsException'> (0x00000000f3198f90) thrown at [D:\src\AOSP-openjdk-cygwin\jdk8u\hotspot\src\share\vm\prims\jni.cpp, line 709]
Event: 38.521 Thread 0x000000001d7e5800 Exception <a 'sun/nio/fs/WindowsException'> (0x00000000f35777c8) thrown at [D:\src\AOSP-openjdk-cygwin\jdk8u\hotspot\src\share\vm\prims\jni.cpp, line 709]
Event: 38.521 Thread 0x000000001d7e2000 Exception <a 'sun/nio/fs/WindowsException'> (0x00000000f3799f70) thrown at [D:\src\AOSP-openjdk-cygwin\jdk8u\hotspot\src\share\vm\prims\jni.cpp, line 709]
Event: 38.572 Thread 0x000000001d7e8000 Exception <a 'sun/nio/fs/WindowsException'> (0x00000000f38f9de8) thrown at [D:\src\AOSP-openjdk-cygwin\jdk8u\hotspot\src\share\vm\prims\jni.cpp, line 709]
Event: 38.609 Thread 0x000000001d7e7000 Exception <a 'sun/nio/fs/WindowsException'> (0x00000000f368a2a0) thrown at [D:\src\AOSP-openjdk-cygwin\jdk8u\hotspot\src\share\vm\prims\jni.cpp, line 709]
Event: 38.620 Thread 0x000000001d7e5800 Exception <a 'sun/nio/fs/WindowsException'> (0x00000000f48772d0) thrown at [D:\src\AOSP-openjdk-cygwin\jdk8u\hotspot\src\share\vm\prims\jni.cpp, line 709]
Event: 38.699 Thread 0x000000001d7e8000 Exception <a 'sun/nio/fs/WindowsException'> (0x00000000f5ac34b0) thrown at [D:\src\AOSP-openjdk-cygwin\jdk8u\hotspot\src\share\vm\prims\jni.cpp, line 709]
Event: 38.703 Thread 0x000000001d7e2000 Exception <a 'sun/nio/fs/WindowsException'> (0x00000000f5fc7158) thrown at [D:\src\AOSP-openjdk-cygwin\jdk8u\hotspot\src\share\vm\prims\jni.cpp, line 709]
Event: 38.744 Thread 0x000000001d7e5800 Exception <a 'sun/nio/fs/WindowsException'> (0x00000000f6c7d3f0) thrown at [D:\src\AOSP-openjdk-cygwin\jdk8u\hotspot\src\share\vm\prims\jni.cpp, line 709]
Event: 38.761 Thread 0x000000001d7e7000 Exception <a 'sun/nio/fs/WindowsException'> (0x00000000f66f7de0) thrown at [D:\src\AOSP-openjdk-cygwin\jdk8u\hotspot\src\share\vm\prims\jni.cpp, line 709]

Events (10 events):
Event: 38.857 Thread 0x000000001d7e8000 DEOPT UNPACKING pc=0x0000000004e975bf sp=0x00000000271ce798 mode 0
Event: 38.859 Thread 0x000000001d7e8000 DEOPT PACKING pc=0x0000000007064b85 sp=0x00000000271ce700
Event: 38.859 Thread 0x000000001d7e8000 DEOPT UNPACKING pc=0x0000000004e975bf sp=0x00000000271ce540 mode 0
Event: 38.859 Thread 0x000000001d7e5800 DEOPT PACKING pc=0x0000000006ff770f sp=0x0000000026fcecb0
Event: 38.860 Thread 0x000000001d7e5800 DEOPT UNPACKING pc=0x0000000004e975bf sp=0x0000000026fcea30 mode 0
Event: 38.861 Thread 0x000000001d7e5800 DEOPT PACKING pc=0x00000000077337c9 sp=0x0000000026fce9b0
Event: 38.861 Thread 0x000000001d7e5800 DEOPT UNPACKING pc=0x0000000004e975bf sp=0x0000000026fce6e0 mode 0
Event: 38.862 Thread 0x000000001d7e8000 DEOPT PACKING pc=0x0000000006ff926e sp=0x00000000271ce940
Event: 38.862 Thread 0x000000001d7e8000 DEOPT UNPACKING pc=0x0000000004e975bf sp=0x00000000271ce698 mode 0
Event: 38.871 Executing VM operation: ParallelGCFailedAllocation


Dynamic libraries:
0x00007ff6040a0000 - 0x00007ff6040d1000 	C:\Program Files\Android\Android Studio\jre\bin\java.exe
0x00007ffd0a5f0000 - 0x00007ffd0a7d0000 	C:\WINDOWS\SYSTEM32\ntdll.dll
0x00007ffd099c0000 - 0x00007ffd09a6e000 	C:\WINDOWS\System32\KERNEL32.DLL
0x00007ffd06fe0000 - 0x00007ffd07246000 	C:\WINDOWS\System32\KERNELBASE.dll
0x00007ffd09860000 - 0x00007ffd09901000 	C:\WINDOWS\System32\ADVAPI32.dll
0x00007ffd0a340000 - 0x00007ffd0a3dd000 	C:\WINDOWS\System32\msvcrt.dll
0x00007ffd0a190000 - 0x00007ffd0a1eb000 	C:\WINDOWS\System32\sechost.dll
0x00007ffd07be0000 - 0x00007ffd07cff000 	C:\WINDOWS\System32\RPCRT4.dll
0x00007ffd09eb0000 - 0x00007ffd0a03e000 	C:\WINDOWS\System32\USER32.dll
0x00007ffd07250000 - 0x00007ffd07270000 	C:\WINDOWS\System32\win32u.dll
0x00007ffd0a590000 - 0x00007ffd0a5b8000 	C:\WINDOWS\System32\GDI32.dll
0x00007ffd06c20000 - 0x00007ffd06db4000 	C:\WINDOWS\System32\gdi32full.dll
0x00007ffd06dc0000 - 0x00007ffd06e5b000 	C:\WINDOWS\System32\msvcp_win.dll
0x00007ffd06ee0000 - 0x00007ffd06fd6000 	C:\WINDOWS\System32\ucrtbase.dll
0x00007ffcfb250000 - 0x00007ffcfb4b9000 	C:\WINDOWS\WinSxS\amd64_microsoft.windows.common-controls_6595b64144ccf1df_6.0.16299.19_none_cc92fab02215da61\COMCTL32.dll
0x00007ffd09a90000 - 0x00007ffd09d98000 	C:\WINDOWS\System32\combase.dll
0x00007ffd06e60000 - 0x00007ffd06ed2000 	C:\WINDOWS\System32\bcryptPrimitives.dll
0x00007ffd0a100000 - 0x00007ffd0a12d000 	C:\WINDOWS\System32\IMM32.DLL
0x0000000069860000 - 0x0000000069932000 	C:\Program Files\Android\Android Studio\jre\jre\bin\msvcr100.dll
0x0000000068790000 - 0x0000000068fce000 	C:\Program Files\Android\Android Studio\jre\jre\bin\server\jvm.dll
0x00007ffd07e70000 - 0x00007ffd07e78000 	C:\WINDOWS\System32\PSAPI.DLL
0x00007ffd03340000 - 0x00007ffd03363000 	C:\WINDOWS\SYSTEM32\WINMM.dll
0x00007ffcffc10000 - 0x00007ffcffc1a000 	C:\WINDOWS\SYSTEM32\VERSION.dll
0x00007ffcfe0e0000 - 0x00007ffcfe0e9000 	C:\WINDOWS\SYSTEM32\WSOCK32.dll
0x00007ffd0a1f0000 - 0x00007ffd0a25c000 	C:\WINDOWS\System32\WS2_32.dll
0x00007ffd03310000 - 0x00007ffd0333a000 	C:\WINDOWS\SYSTEM32\winmmbase.dll
0x00007ffd07a70000 - 0x00007ffd07aba000 	C:\WINDOWS\System32\cfgmgr32.dll
0x00007ffcfd890000 - 0x00007ffcfd89f000 	C:\Program Files\Android\Android Studio\jre\jre\bin\verify.dll
0x00007ffceec30000 - 0x00007ffceec59000 	C:\Program Files\Android\Android Studio\jre\jre\bin\java.dll
0x00007ffcf18b0000 - 0x00007ffcf18c6000 	C:\Program Files\Android\Android Studio\jre\jre\bin\zip.dll
0x00007ffd07e80000 - 0x00007ffd092b7000 	C:\WINDOWS\System32\SHELL32.dll
0x00007ffd09910000 - 0x00007ffd099b6000 	C:\WINDOWS\System32\shcore.dll
0x00007ffd07320000 - 0x00007ffd07a67000 	C:\WINDOWS\System32\windows.storage.dll
0x00007ffd0a040000 - 0x00007ffd0a091000 	C:\WINDOWS\System32\shlwapi.dll
0x00007ffd06960000 - 0x00007ffd06971000 	C:\WINDOWS\System32\kernel.appcore.dll
0x00007ffd069a0000 - 0x00007ffd069ec000 	C:\WINDOWS\System32\powrprof.dll
0x00007ffd06980000 - 0x00007ffd0699b000 	C:\WINDOWS\System32\profapi.dll
0x00007ffcf1480000 - 0x00007ffcf149a000 	C:\Program Files\Android\Android Studio\jre\jre\bin\net.dll
0x00007ffd061d0000 - 0x00007ffd06236000 	C:\WINDOWS\system32\mswsock.dll
0x00007ffd02d30000 - 0x00007ffd02d41000 	C:\Program Files\Android\Android Studio\jre\jre\bin\nio.dll
0x00007ffcfa4f0000 - 0x00007ffcfa50e000 	C:\Users\thienphu\.gradle\native\25\windows-amd64\native-platform.dll
0x00007ffcf9060000 - 0x00007ffcf906d000 	C:\Program Files\Android\Android Studio\jre\jre\bin\management.dll
0x00007ffd06390000 - 0x00007ffd063a7000 	C:\WINDOWS\SYSTEM32\CRYPTSP.dll
0x00007ffd05de0000 - 0x00007ffd05e13000 	C:\WINDOWS\system32\rsaenh.dll
0x00007ffd064a0000 - 0x00007ffd064c5000 	C:\WINDOWS\SYSTEM32\bcrypt.dll
0x00007ffd06870000 - 0x00007ffd06899000 	C:\WINDOWS\SYSTEM32\USERENV.dll
0x00007ffd063b0000 - 0x00007ffd063bb000 	C:\WINDOWS\SYSTEM32\CRYPTBASE.dll
0x00007ffd05f60000 - 0x00007ffd05f99000 	C:\WINDOWS\SYSTEM32\IPHLPAPI.DLL
0x00007ffd0a260000 - 0x00007ffd0a268000 	C:\WINDOWS\System32\NSI.dll
0x00007ffd00120000 - 0x00007ffd00136000 	C:\WINDOWS\SYSTEM32\dhcpcsvc6.DLL
0x00007ffd00100000 - 0x00007ffd0011a000 	C:\WINDOWS\SYSTEM32\dhcpcsvc.DLL

VM Arguments:
jvm_args: -Xmx1024m -Dfile.encoding=windows-1252 -Duser.country=US -Duser.language=en -Duser.variant 
java_command: org.gradle.launcher.daemon.bootstrap.GradleDaemon 4.1
java_class_path (initial): C:\Users\thienphu\.gradle\wrapper\dists\gradle-4.1-all\bzyivzo6n839fup2jbap0tjew\gradle-4.1\lib\gradle-launcher-4.1.jar
Launcher Type: SUN_STANDARD

Environment Variables:
JAVA_HOME=C:\Program Files\Java\jdk1.8.0_144
PATH=C:\Program Files\Microsoft MPI\Bin\;C:\Program Files\Java\jdk1.8.0_144;C:\WINDOWS\system32;C:\WINDOWS;C:\WINDOWS\System32\Wbem;C:\WINDOWS\System32\WindowsPowerShell\v1.0\;C:\Windows\system32;C:\Program Files (x86)\Microsoft SQL Server\130\Tools\Binn\;C:\Program Files\Microsoft SQL Server\130\Tools\Binn\;C:\Program Files (x86)\Microsoft SQL Server\130\DTS\Binn\;C:\Program Files\Microsoft SQL Server\130\DTS\Binn\;C:\Program Files\Microsoft SQL Server\Client SDK\ODBC\130\Tools\Binn\;C:\Program Files (x86)\Microsoft SQL Server\Client SDK\ODBC\130\Tools\Binn\;C:\Program Files (x86)\Microsoft SQL Server\140\Tools\Binn\;C:\Program Files (x86)\Microsoft SQL Server\140\DTS\Binn\;C:\Program Files (x86)\Microsoft SQL Server\140\Tools\Binn\ManagementStudio\;C:\Program Files\MySQL\MySQL Utilities 1.6\;C:\Program Files\nodejs\;C:\Program Files (x86)\Git\cmd;C:\Program Files (x86)\Skype\Phone\;C:\Program Files (x86)\NVIDIA Corporation\PhysX\Common;C:\Users\thienphu\AppData\Local\Microsoft\WindowsApps;C:\Program Files\Java\jdk1.8.0_144\bin;C:\Users\thienphu\AppData\Roaming\npm;;C:\Program Files\Microsoft VS Code\bin
USERNAME=thienphu
OS=Windows_NT
PROCESSOR_IDENTIFIER=Intel64 Family 6 Model 60 Stepping 3, GenuineIntel



---------------  S Y S T E M  ---------------

OS: Windows 10.0 , 64 bit Build 16299 (10.0.16299.15)

CPU:total 4 (initial active 4) (2 cores per cpu, 2 threads per core) family 6 model 60 stepping 3, cmov, cx8, fxsr, mmx, sse, sse2, sse3, ssse3, sse4.1, sse4.2, popcnt, avx, avx2, aes, clmul, erms, lzcnt, ht, tsc, tscinvbit, bmi1, bmi2

Memory: 4k page, physical 8274940k(690160k free), swap 9964540k(4196k free)

vm_info: OpenJDK 64-Bit Server VM (25.152-b01) for windows-amd64 JRE (1.8.0_152-release-915-b01), built by "builder" with MS VC++ 10.0 (VS2010)

time: Thu Nov 02 09:05:46 2017
elapsed time: 38 seconds (0d 0h 0m 38s)

