#
# There is insufficient memory for the Java Runtime Environment to continue.
# Native memory allocation (malloc) failed to allocate 1127856 bytes for Chunk::new
# Possible reasons:
#   The system is out of physical RAM or swap space
#   In 32 bit mode, the process size limit was hit
# Possible solutions:
#   Reduce memory load on the system
#   Increase physical memory or swap space
#   Check if swap backing store is full
#   Use 64 bit Java on a 64 bit OS
#   Decrease Java heap size (-Xmx/-Xms)
#   Decrease number of Java threads
#   Decrease Java thread stack sizes (-Xss)
#   Set larger code cache with -XX:ReservedCodeCacheSize=
# This output file may be truncated or incomplete.
#
#  Out of Memory Error (allocation.cpp:390), pid=664, tid=0x00000000000008d0
#
# JRE version: OpenJDK Runtime Environment (8.0_152-b01) (build 1.8.0_152-release-915-b01)
# Java VM: OpenJDK 64-Bit Server VM (25.152-b01 mixed mode windows-amd64 compressed oops)
# Failed to write core dump. Minidumps are not enabled by default on client versions of Windows
#

---------------  T H R E A D  ---------------

Current thread (0x0000000017e1d800):  JavaThread "C2 CompilerThread0" daemon [_thread_in_native, id=2256, stack(0x0000000019570000,0x0000000019670000)]

Stack: [0x0000000019570000,0x0000000019670000]
[error occurred during error reporting (printing stack bounds), id 0xc0000005]

Native frames: (J=compiled Java code, j=interpreted, Vv=VM code, C=native code)


Current CompileTask:
C2:1270552 22400       4       com.android.dx.ssa.SsaRenamer$BlockRenamer::process (191 bytes)


---------------  P R O C E S S  ---------------

Java Threads: ( => current thread )
  0x0000000020f54800 JavaThread "ForkJoinPool.commonPool-worker-3" daemon [_thread_in_native, id=15436, stack(0x0000000037460000,0x0000000037560000)]
  0x0000000020f56000 JavaThread "ForkJoinPool.commonPool-worker-2" daemon [_thread_in_native, id=4756, stack(0x0000000037260000,0x0000000037360000)]
  0x0000000020f50000 JavaThread "ForkJoinPool.commonPool-worker-1" daemon [_thread_in_native, id=9640, stack(0x0000000037160000,0x0000000037260000)]
  0x0000000020f52000 JavaThread "ForkJoinPool.commonPool-worker-0" daemon [_thread_in_native, id=9684, stack(0x0000000037060000,0x0000000037160000)]
  0x000000001ba71800 JavaThread "Cache worker for Java compile cache (E:\android\TLCN_CNPM\.gradle\4.1\javaCompile)" [_thread_blocked, id=13268, stack(0x0000000036c60000,0x0000000036d60000)]
  0x000000001b100800 JavaThread "Task worker for ':' Thread 3" [_thread_blocked, id=15480, stack(0x0000000035e60000,0x0000000035f60000)]
  0x000000001b0f8800 JavaThread "Task worker for ':' Thread 2" [_thread_blocked, id=14676, stack(0x0000000035d60000,0x0000000035e60000)]
  0x000000001b0f7000 JavaThread "Task worker for ':'" [_thread_blocked, id=14016, stack(0x0000000035c60000,0x0000000035d60000)]
  0x000000001b0f5800 JavaThread "Cache worker for task history cache (E:\android\TLCN_CNPM\.gradle\4.1\taskHistory)" [_thread_blocked, id=4588, stack(0x0000000035b60000,0x0000000035c60000)]
  0x000000001b0f2000 JavaThread "Cache worker for file content cache (E:\android\TLCN_CNPM\.gradle\4.1\fileContent)" [_thread_blocked, id=5892, stack(0x0000000035a60000,0x0000000035b60000)]
  0x000000001f429800 JavaThread "build operations Thread 4" [_thread_blocked, id=7848, stack(0x0000000035960000,0x0000000035a60000)]
  0x000000001f430000 JavaThread "build operations Thread 3" [_thread_blocked, id=13116, stack(0x0000000035860000,0x0000000035960000)]
  0x000000001f42f800 JavaThread "build operations Thread 2" [_thread_blocked, id=3844, stack(0x0000000035760000,0x0000000035860000)]
  0x000000001f42e800 JavaThread "build operations" [_thread_blocked, id=13876, stack(0x0000000035660000,0x0000000035760000)]
  0x000000001f42d000 JavaThread "Cache worker for Artifact transforms cache (C:\Users\thienphu\.gradle\caches\transforms-1)" [_thread_blocked, id=1304, stack(0x0000000035560000,0x0000000035660000)]
  0x000000001f422000 JavaThread "Cache worker for file hash cache (E:\android\TLCN_CNPM\.gradle\4.1\fileHashes)" [_thread_blocked, id=13856, stack(0x0000000035460000,0x0000000035560000)]
  0x000000001f423800 JavaThread "Stdin handler" [_thread_blocked, id=11800, stack(0x0000000035360000,0x0000000035460000)]
  0x000000001f428000 JavaThread "Asynchronous log dispatcher for DefaultDaemonConnection: socket connection from /127.0.0.1:50887 to /127.0.0.1:51738" [_thread_blocked, id=1164, stack(0x0000000035260000,0x0000000035360000)]
  0x000000001f427000 JavaThread "Cancel handler" [_thread_blocked, id=1344, stack(0x0000000035160000,0x0000000035260000)]
  0x000000001f426800 JavaThread "Handler for socket connection from /127.0.0.1:50887 to /127.0.0.1:51738" [_thread_in_native, id=7556, stack(0x0000000035060000,0x0000000035160000)]
  0x000000001ba73800 JavaThread "Java2D Disposer" daemon [_thread_blocked, id=6324, stack(0x0000000031a60000,0x0000000031b60000)]
  0x000000001ba70800 JavaThread "Worker Daemon Execution Thread 7" [_thread_blocked, id=11868, stack(0x0000000031960000,0x0000000031a60000)]
  0x000000001b0fe800 JavaThread "Worker Daemon Execution Thread 6" [_thread_blocked, id=11976, stack(0x0000000031760000,0x0000000031860000)]
  0x000000001b0fd000 JavaThread "Worker Daemon Execution Thread 5" [_thread_blocked, id=6996, stack(0x0000000031660000,0x0000000031760000)]
  0x000000001b0fc000 JavaThread "Worker Daemon Execution Thread 4" [_thread_blocked, id=14380, stack(0x0000000031460000,0x0000000031560000)]
  0x000000001b0fb800 JavaThread "Worker Daemon Execution Thread 3" [_thread_blocked, id=1420, stack(0x0000000031360000,0x0000000031460000)]
  0x000000001b0ff000 JavaThread "Worker Daemon Execution Thread 2" [_thread_blocked, id=10808, stack(0x0000000031260000,0x0000000031360000)]
  0x000000001b0fd800 JavaThread "Worker Daemon Execution" [_thread_blocked, id=16220, stack(0x0000000031160000,0x0000000031260000)]
  0x000000001f428800 JavaThread "Daemon worker Thread 4" [_thread_blocked, id=4548, stack(0x000000002fa60000,0x000000002fb60000)]
  0x000000001f425800 JavaThread "Daemon Thread 4" [_thread_blocked, id=9420, stack(0x000000002f760000,0x000000002f860000)]
  0x000000001b0f3800 JavaThread "Memory manager" [_thread_blocked, id=14772, stack(0x0000000022770000,0x0000000022870000)]
  0x000000001b0f6000 JavaThread "pool-1-thread-1" [_thread_blocked, id=12084, stack(0x0000000022470000,0x0000000022570000)]
  0x000000001ae3c800 JavaThread "File lock request listener" [_thread_in_native, id=11276, stack(0x000000001d790000,0x000000001d890000)]
  0x000000001a401800 JavaThread "Cache worker for file hash cache (C:\Users\thienphu\.gradle\caches\4.1\fileHashes)" [_thread_blocked, id=10248, stack(0x000000001d690000,0x000000001d790000)]
  0x000000001af5e800 JavaThread "Daemon periodic checks" [_thread_blocked, id=10492, stack(0x000000001cd90000,0x000000001ce90000)]
  0x000000001af62800 JavaThread "Incoming local TCP Connector on port 50887" [_thread_in_native, id=14664, stack(0x000000001cb50000,0x000000001cc50000)]
  0x0000000019776000 JavaThread "Service Thread" daemon [_thread_blocked, id=296, stack(0x0000000019c70000,0x0000000019d70000)]
  0x0000000019770800 JavaThread "C1 CompilerThread2" daemon [_thread_blocked, id=15808, stack(0x0000000019b70000,0x0000000019c70000)]
  0x0000000017e79000 JavaThread "C2 CompilerThread1" daemon [_thread_in_native, id=12588, stack(0x0000000019670000,0x0000000019770000)]
=>0x0000000017e1d800 JavaThread "C2 CompilerThread0" daemon [_thread_in_native, id=2256, stack(0x0000000019570000,0x0000000019670000)]
  0x0000000017e1c000 JavaThread "Attach Listener" daemon [_thread_blocked, id=1872, stack(0x0000000019470000,0x0000000019570000)]
  0x0000000017e1b000 JavaThread "Signal Dispatcher" daemon [_thread_blocked, id=2664, stack(0x0000000019370000,0x0000000019470000)]
  0x0000000017e08000 JavaThread "Finalizer" daemon [_thread_blocked, id=2500, stack(0x0000000019080000,0x0000000019180000)]
  0x00000000044a2800 JavaThread "Reference Handler" daemon [_thread_blocked, id=7396, stack(0x0000000018f80000,0x0000000019080000)]
  0x00000000041ae800 JavaThread "main" [_thread_blocked, id=7380, stack(0x00000000042b0000,0x00000000043b0000)]

Other Threads:
  0x0000000017de5000 VMThread [stack: 0x0000000018e80000,0x0000000018f80000] [id=10056]
  0x0000000019779800 WatcherThread [stack: 0x0000000019d70000,0x0000000019e70000] [id=3548]

VM state:not at safepoint (normal execution)

VM Mutex/Monitor currently owned by a thread: None

Heap:
 PSYoungGen      total 300032K, used 61089K [0x00000000e0000000, 0x00000000f9180000, 0x0000000100000000)
  eden space 238080K, 16% used [0x00000000e0000000,0x00000000e262d070,0x00000000ee880000)
  from space 61952K, 35% used [0x00000000f2100000,0x00000000f367b400,0x00000000f5d80000)
  to   space 57856K, 0% used [0x00000000ee880000,0x00000000ee880000,0x00000000f2100000)
 ParOldGen       total 167936K, used 79469K [0x00000000a0000000, 0x00000000aa400000, 0x00000000e0000000)
  object space 167936K, 47% used [0x00000000a0000000,0x00000000a4d9b658,0x00000000aa400000)
 Metaspace       used 90784K, capacity 96766K, committed 96896K, reserved 1132544K
  class space    used 11450K, capacity 12906K, committed 12928K, reserved 1048576K

Card table byte_map: [0x0000000013870000,0x0000000013b80000] byte_map_base: 0x0000000013370000

Marking Bits: (ParMarkBitMap*) 0x0000000068003950
 Begin Bits: [0x0000000014180000, 0x0000000015980000)
 End Bits:   [0x0000000015980000, 0x0000000017180000)

Polling page: 0x0000000002540000

CodeCache: size=245760Kb used=63736Kb max_used=63750Kb free=182023Kb
 bounds [0x00000000044b0000, 0x0000000008350000, 0x00000000134b0000]
 total_blobs=18736 nmethods=17757 adapters=890
 compilation: enabled

Compilation events (10 events):
Event: 1270.490 Thread 0x0000000019770800 22574       2       com.android.dx.dex.file.EncodedMethod::addContents (35 bytes)
Event: 1270.491 Thread 0x0000000019770800 nmethod 22574 0x0000000008347650 code [0x00000000083477c0, 0x0000000008347998]
Event: 1270.491 Thread 0x0000000019770800 22576       1       com.android.dx.dex.file.TypeIdItem::itemType (4 bytes)
Event: 1270.491 Thread 0x0000000017e79000 nmethod 22545 0x0000000008347ad0 code [0x0000000008347c20, 0x0000000008348098]
Event: 1270.491 Thread 0x0000000019770800 nmethod 22576 0x0000000008345410 code [0x0000000008345560, 0x0000000008345670]
Event: 1270.491 Thread 0x0000000017e79000 22337       4       com.android.dx.ssa.SsaRenamer$BlockRenamer::updateSuccessorPhis (64 bytes)
Event: 1270.494 Thread 0x0000000019770800 22577       2       com.android.builder.dexing.DirectoryBasedClassFileInput$$Lambda$365/28956153::test (12 bytes)
Event: 1270.494 Thread 0x0000000019770800 nmethod 22577 0x0000000008344f90 code [0x0000000008345100, 0x00000000083452f8]
Event: 1270.515 Thread 0x0000000017e79000 nmethod 22337 0x000000000834a5d0 code [0x000000000834a780, 0x000000000834b358]
Event: 1270.515 Thread 0x0000000017e79000 22361       4       com.android.dx.ssa.SsaBasicBlock::getRopLabelSuccessorList (57 bytes)

GC Heap History (10 events):
Event: 1257.634 GC heap before
{Heap before GC invocations=31 (full 3):
 PSYoungGen      total 227840K, used 226971K [0x00000000e0000000, 0x00000000f3300000, 0x0000000100000000)
  eden space 190464K, 99% used [0x00000000e0000000,0x00000000eb947808,0x00000000eba00000)
  from space 37376K, 99% used [0x00000000ec000000,0x00000000ee45f418,0x00000000ee480000)
  to   space 61952K, 0% used [0x00000000ef680000,0x00000000ef680000,0x00000000f3300000)
 ParOldGen       total 167936K, used 58970K [0x00000000a0000000, 0x00000000aa400000, 0x00000000e0000000)
  object space 167936K, 35% used [0x00000000a0000000,0x00000000a3996a40,0x00000000aa400000)
 Metaspace       used 89647K, capacity 95504K, committed 95744K, reserved 1132544K
  class space    used 11347K, capacity 12778K, committed 12800K, reserved 1048576K
Event: 1257.689 GC heap after
Heap after GC invocations=31 (full 3):
 PSYoungGen      total 244224K, used 40868K [0x00000000e0000000, 0x00000000f3080000, 0x0000000100000000)
  eden space 184832K, 0% used [0x00000000e0000000,0x00000000e0000000,0x00000000eb480000)
  from space 59392K, 68% used [0x00000000ef680000,0x00000000f1e692c0,0x00000000f3080000)
  to   space 63488K, 0% used [0x00000000eb480000,0x00000000eb480000,0x00000000ef280000)
 ParOldGen       total 167936K, used 58978K [0x00000000a0000000, 0x00000000aa400000, 0x00000000e0000000)
  object space 167936K, 35% used [0x00000000a0000000,0x00000000a3998a40,0x00000000aa400000)
 Metaspace       used 89647K, capacity 95504K, committed 95744K, reserved 1132544K
  class space    used 11347K, capacity 12778K, committed 12800K, reserved 1048576K
}
Event: 1257.710 GC heap before
{Heap before GC invocations=32 (full 3):
 PSYoungGen      total 244224K, used 224724K [0x00000000e0000000, 0x00000000f3080000, 0x0000000100000000)
  eden space 184832K, 99% used [0x00000000e0000000,0x00000000eb38c050,0x00000000eb480000)
  from space 59392K, 68% used [0x00000000ef680000,0x00000000f1e692c0,0x00000000f3080000)
  to   space 63488K, 0% used [0x00000000eb480000,0x00000000eb480000,0x00000000ef280000)
 ParOldGen       total 167936K, used 58978K [0x00000000a0000000, 0x00000000aa400000, 0x00000000e0000000)
  object space 167936K, 35% used [0x00000000a0000000,0x00000000a3998a40,0x00000000aa400000)
 Metaspace       used 89651K, capacity 95504K, committed 95744K, reserved 1132544K
  class space    used 11347K, capacity 12778K, committed 12800K, reserved 1048576K
Event: 1257.757 GC heap after
Heap after GC invocations=32 (full 3):
 PSYoungGen      total 248320K, used 38852K [0x00000000e0000000, 0x00000000f5f00000, 0x0000000100000000)
  eden space 184832K, 0% used [0x00000000e0000000,0x00000000e0000000,0x00000000eb480000)
  from space 63488K, 61% used [0x00000000eb480000,0x00000000eda71208,0x00000000ef280000)
  to   space 63488K, 0% used [0x00000000f2100000,0x00000000f2100000,0x00000000f5f00000)
 ParOldGen       total 167936K, used 58986K [0x00000000a0000000, 0x00000000aa400000, 0x00000000e0000000)
  object space 167936K, 35% used [0x00000000a0000000,0x00000000a399aa40,0x00000000aa400000)
 Metaspace       used 89651K, capacity 95504K, committed 95744K, reserved 1132544K
  class space    used 11347K, capacity 12778K, committed 12800K, reserved 1048576K
}
Event: 1257.774 GC heap before
{Heap before GC invocations=33 (full 3):
 PSYoungGen      total 248320K, used 223023K [0x00000000e0000000, 0x00000000f5f00000, 0x0000000100000000)
  eden space 184832K, 99% used [0x00000000e0000000,0x00000000eb3daae0,0x00000000eb480000)
  from space 63488K, 61% used [0x00000000eb480000,0x00000000eda71208,0x00000000ef280000)
  to   space 63488K, 0% used [0x00000000f2100000,0x00000000f2100000,0x00000000f5f00000)
 ParOldGen       total 167936K, used 58986K [0x00000000a0000000, 0x00000000aa400000, 0x00000000e0000000)
  object space 167936K, 35% used [0x00000000a0000000,0x00000000a399aa40,0x00000000aa400000)
 Metaspace       used 89658K, capacity 95504K, committed 95744K, reserved 1132544K
  class space    used 11347K, capacity 12778K, committed 12800K, reserved 1048576K
Event: 1257.822 GC heap after
Heap after GC invocations=33 (full 3):
 PSYoungGen      total 296960K, used 32945K [0x00000000e0000000, 0x00000000f5d80000, 0x0000000100000000)
  eden space 235008K, 0% used [0x00000000e0000000,0x00000000e0000000,0x00000000ee580000)
  from space 61952K, 53% used [0x00000000f2100000,0x00000000f412c550,0x00000000f5d80000)
  to   space 60928K, 0% used [0x00000000ee580000,0x00000000ee580000,0x00000000f2100000)
 ParOldGen       total 167936K, used 64678K [0x00000000a0000000, 0x00000000aa400000, 0x00000000e0000000)
  object space 167936K, 38% used [0x00000000a0000000,0x00000000a3f29a18,0x00000000aa400000)
 Metaspace       used 89658K, capacity 95504K, committed 95744K, reserved 1132544K
  class space    used 11347K, capacity 12778K, committed 12800K, reserved 1048576K
}
Event: 1262.127 GC heap before
{Heap before GC invocations=34 (full 3):
 PSYoungGen      total 296960K, used 267953K [0x00000000e0000000, 0x00000000f5d80000, 0x0000000100000000)
  eden space 235008K, 100% used [0x00000000e0000000,0x00000000ee580000,0x00000000ee580000)
  from space 61952K, 53% used [0x00000000f2100000,0x00000000f412c550,0x00000000f5d80000)
  to   space 60928K, 0% used [0x00000000ee580000,0x00000000ee580000,0x00000000f2100000)
 ParOldGen       total 167936K, used 64678K [0x00000000a0000000, 0x00000000aa400000, 0x00000000e0000000)
  object space 167936K, 38% used [0x00000000a0000000,0x00000000a3f29a18,0x00000000aa400000)
 Metaspace       used 90016K, capacity 95962K, committed 96128K, reserved 1132544K
  class space    used 11404K, capacity 12823K, committed 12928K, reserved 1048576K
Event: 1262.162 GC heap after
Heap after GC invocations=34 (full 3):
 PSYoungGen      total 295936K, used 22201K [0x00000000e0000000, 0x00000000f5d80000, 0x0000000100000000)
  eden space 235008K, 0% used [0x00000000e0000000,0x00000000e0000000,0x00000000ee580000)
  from space 60928K, 36% used [0x00000000ee580000,0x00000000efb2e490,0x00000000f2100000)
  to   space 61952K, 0% used [0x00000000f2100000,0x00000000f2100000,0x00000000f5d80000)
 ParOldGen       total 167936K, used 77190K [0x00000000a0000000, 0x00000000aa400000, 0x00000000e0000000)
  object space 167936K, 45% used [0x00000000a0000000,0x00000000a4b61830,0x00000000aa400000)
 Metaspace       used 90016K, capacity 95962K, committed 96128K, reserved 1132544K
  class space    used 11404K, capacity 12823K, committed 12928K, reserved 1048576K
}
Event: 1270.114 GC heap before
{Heap before GC invocations=35 (full 3):
 PSYoungGen      total 295936K, used 257209K [0x00000000e0000000, 0x00000000f5d80000, 0x0000000100000000)
  eden space 235008K, 100% used [0x00000000e0000000,0x00000000ee580000,0x00000000ee580000)
  from space 60928K, 36% used [0x00000000ee580000,0x00000000efb2e490,0x00000000f2100000)
  to   space 61952K, 0% used [0x00000000f2100000,0x00000000f2100000,0x00000000f5d80000)
 ParOldGen       total 167936K, used 77190K [0x00000000a0000000, 0x00000000aa400000, 0x00000000e0000000)
  object space 167936K, 45% used [0x00000000a0000000,0x00000000a4b61830,0x00000000aa400000)
 Metaspace       used 90649K, capacity 96702K, committed 96896K, reserved 1132544K
  class space    used 11448K, capacity 12906K, committed 12928K, reserved 1048576K
Event: 1270.137 GC heap after
Heap after GC invocations=35 (full 3):
 PSYoungGen      total 300032K, used 21997K [0x00000000e0000000, 0x00000000f9180000, 0x0000000100000000)
  eden space 238080K, 0% used [0x00000000e0000000,0x00000000e0000000,0x00000000ee880000)
  from space 61952K, 35% used [0x00000000f2100000,0x00000000f367b400,0x00000000f5d80000)
  to   space 57856K, 0% used [0x00000000ee880000,0x00000000ee880000,0x00000000f2100000)
 ParOldGen       total 167936K, used 79469K [0x00000000a0000000, 0x00000000aa400000, 0x00000000e0000000)
  object space 167936K, 47% used [0x00000000a0000000,0x00000000a4d9b658,0x00000000aa400000)
 Metaspace       used 90649K, capacity 96702K, committed 96896K, reserved 1132544K
  class space    used 11448K, capacity 12906K, committed 12928K, reserved 1048576K
}

Deoptimization events (10 events):
Event: 1269.491 Thread 0x0000000020f54800 Uncommon trap: reason=null_check action=make_not_entrant pc=0x00000000081ce9ac method=com.android.dx.ssa.SsaRenamer.getLocalForNewReg(I)Lcom/android/dx/rop/code/LocalItem; @ 19
Event: 1269.522 Thread 0x0000000020f54800 Uncommon trap: reason=unstable_if action=reinterpret pc=0x0000000007011b6c method=com.android.dx.dex.code.OutputFinisher.findOpcodeForInsn(Lcom/android/dx/dex/code/DalvInsn;Lcom/android/dx/dex/code/Dop;)Lcom/android/dx/dex/code/Dop; @ 1
Event: 1270.159 Thread 0x0000000020f54800 Uncommon trap: reason=unstable_if action=reinterpret pc=0x00000000082257c0 method=com.android.dx.cf.code.RopperMachine.run(Lcom/android/dx/cf/code/Frame;II)V @ 1277
Event: 1270.167 Thread 0x0000000020f54800 Uncommon trap: reason=unstable_if action=reinterpret pc=0x0000000008211dd0 method=com.android.dx.ssa.SsaBasicBlock.newFromRop(Lcom/android/dx/rop/code/RopMethod;ILcom/android/dx/ssa/SsaMethod;)Lcom/android/dx/ssa/SsaBasicBlock; @ 164
Event: 1270.191 Thread 0x0000000020f54800 Uncommon trap: reason=unstable_if action=reinterpret pc=0x000000000730fae8 method=com.android.dx.dex.code.RopTranslator.outputBlock(Lcom/android/dx/rop/code/BasicBlock;I)V @ 132
Event: 1270.259 Thread 0x0000000020f54800 Uncommon trap: reason=unstable_if action=reinterpret pc=0x000000000734a080 method=com.android.dx.util.BitIntSet.has(I)Z @ 8
Event: 1270.260 Thread 0x0000000020f54800 Uncommon trap: reason=unstable_if action=reinterpret pc=0x000000000734a6d8 method=com.android.dx.util.BitIntSet.has(I)Z @ 8
Event: 1270.289 Thread 0x0000000020f54800 Uncommon trap: reason=unstable_if action=reinterpret pc=0x0000000006e47e9c method=com.android.dx.rop.cst.Constant.compareTo(Lcom/android/dx/rop/cst/Constant;)I @ 12
Event: 1270.322 Thread 0x0000000020f56000 Uncommon trap: reason=unstable_if action=reinterpret pc=0x000000000703a574 method=com.android.dx.rop.code.Insn.equalsHandleNulls(Ljava/lang/Object;Ljava/lang/Object;)Z @ 14
Event: 1270.484 Thread 0x0000000020f50000 Uncommon trap: reason=bimorphic action=maybe_recompile pc=0x0000000007303ab4 method=java.util.function.Predicate.lambda$and$0(Ljava/util/function/Predicate;Ljava/lang/Object;)Z @ 12

Classes redefined (0 events):
No events

Internal exceptions (10 events):
Event: 1270.154 Thread 0x0000000020f56000 Exception <a 'sun/nio/fs/WindowsException'> (0x00000000e0322288) thrown at [D:\src\AOSP-openjdk-cygwin\jdk8u\hotspot\src\share\vm\prims\jni.cpp, line 709]
Event: 1270.202 Thread 0x0000000020f50000 Exception <a 'sun/nio/fs/WindowsException'> (0x00000000e0837908) thrown at [D:\src\AOSP-openjdk-cygwin\jdk8u\hotspot\src\share\vm\prims\jni.cpp, line 709]
Event: 1270.317 Thread 0x0000000020f56000 Exception <a 'sun/nio/fs/WindowsException'> (0x00000000e16559f0) thrown at [D:\src\AOSP-openjdk-cygwin\jdk8u\hotspot\src\share\vm\prims\jni.cpp, line 709]
Event: 1270.329 Thread 0x0000000020f52000 Exception <a 'sun/nio/fs/WindowsException'> (0x00000000e174b8d0) thrown at [D:\src\AOSP-openjdk-cygwin\jdk8u\hotspot\src\share\vm\prims\jni.cpp, line 709]
Event: 1270.488 Thread 0x0000000020f50000 Exception <a 'sun/nio/fs/WindowsException'> (0x00000000e2582d48) thrown at [D:\src\AOSP-openjdk-cygwin\jdk8u\hotspot\src\share\vm\prims\jni.cpp, line 709]
Event: 1270.488 Thread 0x0000000020f50000 Exception <a 'sun/nio/fs/WindowsException'> (0x00000000e2583368) thrown at [D:\src\AOSP-openjdk-cygwin\jdk8u\hotspot\src\share\vm\prims\jni.cpp, line 709]
Event: 1270.488 Thread 0x0000000020f50000 Exception <a 'sun/nio/fs/WindowsException'> (0x00000000e2583a28) thrown at [D:\src\AOSP-openjdk-cygwin\jdk8u\hotspot\src\share\vm\prims\jni.cpp, line 709]
Event: 1270.488 Thread 0x0000000020f50000 Exception <a 'sun/nio/fs/WindowsException'> (0x00000000e2584238) thrown at [D:\src\AOSP-openjdk-cygwin\jdk8u\hotspot\src\share\vm\prims\jni.cpp, line 709]
Event: 1270.488 Thread 0x0000000020f50000 Exception <a 'sun/nio/fs/WindowsException'> (0x00000000e25848a8) thrown at [D:\src\AOSP-openjdk-cygwin\jdk8u\hotspot\src\share\vm\prims\jni.cpp, line 709]
Event: 1270.488 Thread 0x0000000020f50000 Exception <a 'sun/nio/fs/WindowsException'> (0x00000000e2585098) thrown at [D:\src\AOSP-openjdk-cygwin\jdk8u\hotspot\src\share\vm\prims\jni.cpp, line 709]

Events (10 events):
Event: 1270.424 Thread 0x0000000020f56000 DEOPT UNPACKING pc=0x00000000044f75bf sp=0x000000003735e6b8 mode 0
Event: 1270.426 Thread 0x0000000020f56000 DEOPT PACKING pc=0x0000000006ec7a4a sp=0x000000003735e5a0
Event: 1270.426 Thread 0x0000000020f56000 DEOPT UNPACKING pc=0x00000000044f75bf sp=0x000000003735e308 mode 0
Event: 1270.426 Thread 0x0000000020f56000 DEOPT PACKING pc=0x0000000006ec7a4a sp=0x000000003735e5a0
Event: 1270.426 Thread 0x0000000020f56000 DEOPT UNPACKING pc=0x00000000044f75bf sp=0x000000003735e308 mode 0
Event: 1270.484 Thread 0x0000000020f50000 Uncommon trap: trap_request=0xffffffc6 fr.pc=0x0000000007303ab4
Event: 1270.484 Thread 0x0000000020f50000 DEOPT PACKING pc=0x0000000007303ab4 sp=0x000000003725e910
Event: 1270.484 Thread 0x0000000020f50000 DEOPT UNPACKING pc=0x00000000044f556a sp=0x000000003725e6b0 mode 2
Event: 1270.489 loading class sun/nio/fs/AbstractPath$1
Event: 1270.490 loading class sun/nio/fs/AbstractPath$1 done


Dynamic libraries:
0x00007ff61c5a0000 - 0x00007ff61c5d1000 	C:\Program Files\Android\Android Studio\jre\bin\java.exe
0x00007ffd61a20000 - 0x00007ffd61c00000 	C:\WINDOWS\SYSTEM32\ntdll.dll
0x00007ffd60c90000 - 0x00007ffd60d3e000 	C:\WINDOWS\System32\KERNEL32.DLL
0x00007ffd5de20000 - 0x00007ffd5e086000 	C:\WINDOWS\System32\KERNELBASE.dll
0x00007ffd61620000 - 0x00007ffd616c1000 	C:\WINDOWS\System32\ADVAPI32.dll
0x00007ffd5f070000 - 0x00007ffd5f10d000 	C:\WINDOWS\System32\msvcrt.dll
0x00007ffd60d40000 - 0x00007ffd60d9b000 	C:\WINDOWS\System32\sechost.dll
0x00007ffd60b70000 - 0x00007ffd60c8f000 	C:\WINDOWS\System32\RPCRT4.dll
0x00007ffd5f5a0000 - 0x00007ffd5f72e000 	C:\WINDOWS\System32\USER32.dll
0x00007ffd5ed20000 - 0x00007ffd5ed40000 	C:\WINDOWS\System32\win32u.dll
0x00007ffd60da0000 - 0x00007ffd60dc8000 	C:\WINDOWS\System32\GDI32.dll
0x00007ffd5eb20000 - 0x00007ffd5ecb4000 	C:\WINDOWS\System32\gdi32full.dll
0x00007ffd5e7e0000 - 0x00007ffd5e87b000 	C:\WINDOWS\System32\msvcp_win.dll
0x00007ffd5ed40000 - 0x00007ffd5ee36000 	C:\WINDOWS\System32\ucrtbase.dll
0x00007ffd52680000 - 0x00007ffd528e9000 	C:\WINDOWS\WinSxS\amd64_microsoft.windows.common-controls_6595b64144ccf1df_6.0.16299.19_none_cc92fab02215da61\COMCTL32.dll
0x00007ffd616d0000 - 0x00007ffd619d8000 	C:\WINDOWS\System32\combase.dll
0x00007ffd5e8d0000 - 0x00007ffd5e942000 	C:\WINDOWS\System32\bcryptPrimitives.dll
0x00007ffd60f20000 - 0x00007ffd60f4d000 	C:\WINDOWS\System32\IMM32.DLL
0x0000000067760000 - 0x0000000067832000 	C:\Program Files\Android\Android Studio\jre\jre\bin\msvcr100.dll
0x0000000067840000 - 0x000000006807e000 	C:\Program Files\Android\Android Studio\jre\jre\bin\server\jvm.dll
0x00007ffd5eef0000 - 0x00007ffd5eef8000 	C:\WINDOWS\System32\PSAPI.DLL
0x00007ffd59980000 - 0x00007ffd59989000 	C:\WINDOWS\SYSTEM32\WSOCK32.dll
0x00007ffd60fb0000 - 0x00007ffd6101c000 	C:\WINDOWS\System32\WS2_32.dll
0x00007ffd5a780000 - 0x00007ffd5a7a3000 	C:\WINDOWS\SYSTEM32\WINMM.dll
0x00007ffd57210000 - 0x00007ffd5721a000 	C:\WINDOWS\SYSTEM32\VERSION.dll
0x00007ffd5a750000 - 0x00007ffd5a77a000 	C:\WINDOWS\SYSTEM32\WINMMBASE.dll
0x00007ffd5e880000 - 0x00007ffd5e8ca000 	C:\WINDOWS\System32\cfgmgr32.dll
0x00007ffd59900000 - 0x00007ffd5990f000 	C:\Program Files\Android\Android Studio\jre\jre\bin\verify.dll
0x00007ffd59180000 - 0x00007ffd591a9000 	C:\Program Files\Android\Android Studio\jre\jre\bin\java.dll
0x00007ffd596a0000 - 0x00007ffd596b6000 	C:\Program Files\Android\Android Studio\jre\jre\bin\zip.dll
0x00007ffd5f730000 - 0x00007ffd60b67000 	C:\WINDOWS\System32\SHELL32.dll
0x00007ffd61020000 - 0x00007ffd610c6000 	C:\WINDOWS\System32\shcore.dll
0x00007ffd5e090000 - 0x00007ffd5e7d7000 	C:\WINDOWS\System32\windows.storage.dll
0x00007ffd610d0000 - 0x00007ffd61121000 	C:\WINDOWS\System32\shlwapi.dll
0x00007ffd5de00000 - 0x00007ffd5de11000 	C:\WINDOWS\System32\kernel.appcore.dll
0x00007ffd5ddb0000 - 0x00007ffd5ddfc000 	C:\WINDOWS\System32\powrprof.dll
0x00007ffd5dd70000 - 0x00007ffd5dd8b000 	C:\WINDOWS\System32\profapi.dll
0x00007ffd58d90000 - 0x00007ffd58daa000 	C:\Program Files\Android\Android Studio\jre\jre\bin\net.dll
0x00007ffd5d600000 - 0x00007ffd5d666000 	C:\WINDOWS\system32\mswsock.dll
0x00007ffd58bf0000 - 0x00007ffd58c01000 	C:\Program Files\Android\Android Studio\jre\jre\bin\nio.dll
0x00007ffd52a80000 - 0x00007ffd52a9e000 	C:\Users\thienphu\.gradle\native\25\windows-amd64\native-platform.dll
0x00007ffd598f0000 - 0x00007ffd598fd000 	C:\Program Files\Android\Android Studio\jre\jre\bin\management.dll
0x00007ffd5d7c0000 - 0x00007ffd5d7d7000 	C:\WINDOWS\SYSTEM32\CRYPTSP.dll
0x00007ffd5d210000 - 0x00007ffd5d243000 	C:\WINDOWS\system32\rsaenh.dll
0x00007ffd5d8d0000 - 0x00007ffd5d8f5000 	C:\WINDOWS\SYSTEM32\bcrypt.dll
0x00007ffd5dc70000 - 0x00007ffd5dc99000 	C:\WINDOWS\SYSTEM32\USERENV.dll
0x00007ffd5d7e0000 - 0x00007ffd5d7eb000 	C:\WINDOWS\SYSTEM32\CRYPTBASE.dll
0x00007ffd5d390000 - 0x00007ffd5d3c9000 	C:\WINDOWS\SYSTEM32\IPHLPAPI.DLL
0x00007ffd5f1e0000 - 0x00007ffd5f1e8000 	C:\WINDOWS\System32\NSI.dll
0x00007ffd575d0000 - 0x00007ffd575e6000 	C:\WINDOWS\SYSTEM32\dhcpcsvc6.DLL
0x00007ffd57570000 - 0x00007ffd5758a000 	C:\WINDOWS\SYSTEM32\dhcpcsvc.DLL
0x00007ffd51b60000 - 0x00007ffd51b84000 	C:\Program Files\Android\Android Studio\jre\jre\bin\sunec.dll
0x00007ffd5d3d0000 - 0x00007ffd5d486000 	C:\WINDOWS\SYSTEM32\DNSAPI.dll
0x00007ffd55ec0000 - 0x00007ffd55eca000 	C:\Windows\System32\rasadhlp.dll
0x00007ffd54380000 - 0x00007ffd543f0000 	C:\WINDOWS\System32\fwpuclnt.dll
0x00007ffd58230000 - 0x00007ffd5823b000 	C:\Program Files\Android\Android Studio\jre\jre\bin\sunmscapi.dll
0x00007ffd5e950000 - 0x00007ffd5eb1e000 	C:\WINDOWS\System32\CRYPT32.dll
0x00007ffd5dd90000 - 0x00007ffd5dda2000 	C:\WINDOWS\System32\MSASN1.dll
0x00007ffd2f000000 - 0x00007ffd2f195000 	C:\Program Files\Android\Android Studio\jre\jre\bin\awt.dll
0x00007ffd5f110000 - 0x00007ffd5f1d5000 	C:\WINDOWS\System32\OLEAUT32.dll
0x00007ffd5ae20000 - 0x00007ffd5b3d8000 	C:\WINDOWS\SYSTEM32\d2d1.dll
0x00007ffd5be20000 - 0x00007ffd5bea7000 	C:\WINDOWS\SYSTEM32\apphelp.dll
0x00007ffd5c620000 - 0x00007ffd5c64a000 	C:\WINDOWS\system32\DWMAPI.DLL
0x00007ffd5bf50000 - 0x00007ffd5bfe5000 	C:\WINDOWS\system32\uxtheme.dll
0x00007ffd5ceb0000 - 0x00007ffd5cee1000 	C:\WINDOWS\SYSTEM32\ntmarta.dll

VM Arguments:
jvm_args: -Xmx1536m -Dfile.encoding=windows-1252 -Duser.country=US -Duser.language=en -Duser.variant 
java_command: org.gradle.launcher.daemon.bootstrap.GradleDaemon 4.1
java_class_path (initial): C:\Users\thienphu\.gradle\wrapper\dists\gradle-4.1-all\bzyivzo6n839fup2jbap0tjew\gradle-4.1\lib\gradle-launcher-4.1.jar
Launcher Type: SUN_STANDARD

Environment Variables:
JAVA_HOME=C:\Program Files\Java\jdk1.8.0_144
PATH=C:\Program Files\Microsoft MPI\Bin\;C:\Program Files\Java\jdk1.8.0_144;C:\WINDOWS\system32;C:\WINDOWS;C:\WINDOWS\System32\Wbem;C:\WINDOWS\System32\WindowsPowerShell\v1.0\;C:\Windows\system32;C:\Program Files (x86)\Microsoft SQL Server\130\Tools\Binn\;C:\Program Files\Microsoft SQL Server\130\Tools\Binn\;C:\Program Files (x86)\Microsoft SQL Server\130\DTS\Binn\;C:\Program Files\Microsoft SQL Server\130\DTS\Binn\;C:\Program Files\Microsoft SQL Server\Client SDK\ODBC\130\Tools\Binn\;C:\Program Files (x86)\Microsoft SQL Server\Client SDK\ODBC\130\Tools\Binn\;C:\Program Files (x86)\Microsoft SQL Server\140\Tools\Binn\;C:\Program Files (x86)\Microsoft SQL Server\140\DTS\Binn\;C:\Program Files (x86)\Microsoft SQL Server\140\Tools\Binn\ManagementStudio\;C:\Program Files\MySQL\MySQL Utilities 1.6\;C:\Program Files\nodejs\;C:\Program Files (x86)\Git\cmd;C:\Program Files (x86)\Skype\Phone\;C:\Program Files (x86)\NVIDIA Corporation\PhysX\Common;C:\Program Files\TortoiseSVN\bin;C:\Users\thienphu\AppData\Local\Microsoft\WindowsApps;C:\Program Files\Java\jdk1.8.0_144\bin;C:\Users\thienphu\AppData\Roaming\npm;;C:\Program Files\Microsoft VS Code\bin
USERNAME=thienphu
OS=Windows_NT
PROCESSOR_IDENTIFIER=Intel64 Family 6 Model 60 Stepping 3, GenuineIntel



---------------  S Y S T E M  ---------------

OS: Windows 10.0 , 64 bit Build 16299 (10.0.16299.15)

CPU:total 4 (initial active 4) (2 cores per cpu, 2 threads per core) family 6 model 60 stepping 3, cmov, cx8, fxsr, mmx, sse, sse2, sse3, ssse3, sse4.1, sse4.2, popcnt, avx, avx2, aes, clmul, erms, lzcnt, ht, tsc, tscinvbit, bmi1, bmi2

Memory: 4k page, physical 8274940k(707752k free), swap 9964540k(5972k free)

vm_info: OpenJDK 64-Bit Server VM (25.152-b01) for windows-amd64 JRE (1.8.0_152-release-915-b01), built by "builder" with MS VC++ 10.0 (VS2010)

time: Sat Nov 04 17:36:46 2017
elapsed time: 1270 seconds (0d 0h 21m 10s)

